[0,   100]: loss: 2.270
[0,   200]: loss: 2.098
[1,   100]: loss: 1.929
[1,   200]: loss: 1.856
[2,   100]: loss: 1.791
[2,   200]: loss: 1.729
[3,   100]: loss: 1.692
[3,   200]: loss: 1.657
[4,   100]: loss: 1.606
[4,   200]: loss: 1.573
[5,   100]: loss: 1.529
[5,   200]: loss: 1.521
[6,   100]: loss: 1.463
[6,   200]: loss: 1.457
[7,   100]: loss: 1.395
[7,   200]: loss: 1.402
[8,   100]: loss: 1.343
[8,   200]: loss: 1.312
[9,   100]: loss: 1.286
[9,   200]: loss: 1.290
[10,   100]: loss: 1.211
[10,   200]: loss: 1.216
[11,   100]: loss: 1.167
[11,   200]: loss: 1.168
[12,   100]: loss: 1.132
[12,   200]: loss: 1.109
[13,   100]: loss: 1.098
[13,   200]: loss: 1.090
[14,   100]: loss: 1.002
[14,   200]: loss: 1.022
[15,   100]: loss: 0.979
[15,   200]: loss: 0.967
[16,   100]: loss: 0.909
[16,   200]: loss: 0.923
[17,   100]: loss: 0.864
[17,   200]: loss: 0.879
[18,   100]: loss: 0.803
[18,   200]: loss: 0.854
[19,   100]: loss: 0.766
[19,   200]: loss: 0.806
[20,   100]: loss: 0.706
[20,   200]: loss: 0.735
[21,   100]: loss: 0.667
[21,   200]: loss: 0.675
[22,   100]: loss: 0.611
[22,   200]: loss: 0.653
[23,   100]: loss: 0.544
[23,   200]: loss: 0.579
[24,   100]: loss: 0.501
[24,   200]: loss: 0.517
[25,   100]: loss: 0.423
[25,   200]: loss: 0.504
[26,   100]: loss: 0.407
[26,   200]: loss: 0.446
[27,   100]: loss: 0.349
[27,   200]: loss: 0.385
[28,   100]: loss: 0.340
[28,   200]: loss: 0.334
[29,   100]: loss: 0.311
[29,   200]: loss: 0.323
[30,   100]: loss: 0.267
[30,   200]: loss: 0.295
[31,   100]: loss: 0.236
[31,   200]: loss: 0.229
[32,   100]: loss: 0.233
[32,   200]: loss: 0.217
[33,   100]: loss: 0.208
[33,   200]: loss: 0.185
[34,   100]: loss: 0.192
[34,   200]: loss: 0.192
[35,   100]: loss: 0.207
[35,   200]: loss: 0.165
[36,   100]: loss: 0.151
[36,   200]: loss: 0.157
[37,   100]: loss: 0.206
[37,   200]: loss: 0.142
[38,   100]: loss: 0.123
[38,   200]: loss: 0.134
[39,   100]: loss: 0.098
[39,   200]: loss: 0.110
