[0,   100]: loss: 2.462
[0,   200]: loss: 2.376
[0,   300]: loss: 2.348
[0,   400]: loss: 2.250
[0,   500]: loss: 2.254
[0,   600]: loss: 2.200
[0,   700]: loss: 2.162
[0,   800]: loss: 2.112
[0,   900]: loss: 2.100
[0,  1000]: loss: 2.044
[0,  1100]: loss: 2.036
[0,  1200]: loss: 2.038
[1,   100]: loss: 1.991
[1,   200]: loss: 1.961
[1,   300]: loss: 1.936
[1,   400]: loss: 1.946
[1,   500]: loss: 1.913
[1,   600]: loss: 1.903
[1,   700]: loss: 1.900
[1,   800]: loss: 1.874
[1,   900]: loss: 1.835
[1,  1000]: loss: 1.835
[1,  1100]: loss: 1.825
[1,  1200]: loss: 1.803
