[0, 0]: loss: 0.000000
[0, 1]: loss: 1.281389
[0, 2]: loss: 1.661703
[0, 3]: loss: 1.872365
[0, 4]: loss: 1.965117
[0, 5]: loss: 2.049396
[0, 6]: loss: 2.101451
[0, 7]: loss: 2.155240
[0, 8]: loss: 2.216220
[0, 9]: loss: 2.267157
[0, 10]: loss: 2.277887
[0, 11]: loss: 2.290040
[0, 12]: loss: 2.310083
[0, 13]: loss: 2.338958
[0, 14]: loss: 2.356184
[0, 15]: loss: 2.378163
[0, 16]: loss: 2.385594
[0, 17]: loss: 2.396208
[0, 18]: loss: 2.395986
[0, 19]: loss: 2.396244
[0, 20]: loss: 2.406146
[0, 21]: loss: 2.405822
[0, 22]: loss: 2.421666
[0, 23]: loss: 2.436551
[0, 24]: loss: 2.447411
[0, 25]: loss: 2.456594
[0, 26]: loss: 2.452717
[0, 27]: loss: 2.452060
[0, 28]: loss: 2.463753
[0, 29]: loss: 2.462361
[0, 30]: loss: 2.468880
[0, 31]: loss: 2.468675
[0, 32]: loss: 2.477417
[0, 33]: loss: 2.474870
[0, 34]: loss: 2.475221
[0, 35]: loss: 2.472414
[0, 36]: loss: 2.473884
[0, 37]: loss: 2.471372
[0, 38]: loss: 2.465075
[0, 39]: loss: 2.472519
[0, 40]: loss: 2.476847
[0, 41]: loss: 2.485526
[0, 42]: loss: 2.484116
[0, 43]: loss: 2.482281
[0, 44]: loss: 2.488074
[0, 45]: loss: 2.487695
[0, 46]: loss: 2.488532
[0, 47]: loss: 2.486108
[0, 48]: loss: 2.486434
[0, 49]: loss: 2.490506
[0, 50]: loss: 2.497459
[0, 51]: loss: 2.495676
[0, 52]: loss: 2.498279
[0, 53]: loss: 2.493481
[0, 54]: loss: 2.489152
[0, 55]: loss: 2.487073
[0, 56]: loss: 2.489266
[0, 57]: loss: 2.487823
[0, 58]: loss: 2.488686
[0, 59]: loss: 2.489917
[0, 60]: loss: 2.493011
[0, 61]: loss: 2.493813
[0, 62]: loss: 2.490796
[0, 63]: loss: 2.491436
[0, 64]: loss: 2.493330
[0, 65]: loss: 2.489947
[0, 66]: loss: 2.491078
[0, 67]: loss: 2.487153
[0, 68]: loss: 2.489091
[0, 69]: loss: 2.486400
[0, 70]: loss: 2.485913
[0, 71]: loss: 2.484572
[0, 72]: loss: 2.493324
[0, 73]: loss: 2.491726
[0, 74]: loss: 2.495505
[0, 75]: loss: 2.492792
[0, 76]: loss: 2.491045
[0, 77]: loss: 2.487835
[0, 78]: loss: 2.487776
[0, 79]: loss: 2.488256
[0, 80]: loss: 2.486563
[0, 81]: loss: 2.485276
[0, 82]: loss: 2.485837
[0, 83]: loss: 2.490440
[0, 84]: loss: 2.486542
[0, 85]: loss: 2.484808
[0, 86]: loss: 2.481331
[0, 87]: loss: 2.478737
[0, 88]: loss: 2.474438
[0, 89]: loss: 2.472542
[0, 90]: loss: 2.471169
[0, 91]: loss: 2.473042
[0, 92]: loss: 2.476427
[0, 93]: loss: 2.473508
[0, 94]: loss: 2.471775
[0, 95]: loss: 2.472880
[0, 96]: loss: 2.475999
[0, 97]: loss: 2.477048
[0, 98]: loss: 2.475144
[0, 99]: loss: 2.474303
[0, 100]: loss: 2.479408
[0, 101]: loss: 2.480543
[0, 102]: loss: 2.481259
[0, 103]: loss: 2.483515
[0, 104]: loss: 2.483592
[0, 105]: loss: 2.483836
[0, 106]: loss: 2.487507
[0, 107]: loss: 2.484487
[0, 108]: loss: 2.482873
[0, 109]: loss: 2.482336
[0, 110]: loss: 2.482081
[0, 111]: loss: 2.482842
[0, 112]: loss: 2.486194
[0, 113]: loss: 2.481640
[0, 114]: loss: 2.480470
[0, 115]: loss: 2.478465
[0, 116]: loss: 2.478804
[0, 117]: loss: 2.478104
[0, 118]: loss: 2.477146
[0, 119]: loss: 2.474164
[0, 120]: loss: 2.472636
[0, 121]: loss: 2.473442
[0, 122]: loss: 2.470799
[0, 123]: loss: 2.468068
[0, 124]: loss: 2.466603
[0, 125]: loss: 2.468119
[0, 126]: loss: 2.470877
[0, 127]: loss: 2.475188
[0, 128]: loss: 2.475409
[0, 129]: loss: 2.474992
[0, 130]: loss: 2.473603
[0, 131]: loss: 2.472116
[0, 132]: loss: 2.471421
[0, 133]: loss: 2.470287
[0, 134]: loss: 2.472242
[0, 135]: loss: 2.470750
[0, 136]: loss: 2.468816
[0, 137]: loss: 2.466246
[0, 138]: loss: 2.463623
[0, 139]: loss: 2.464121
[0, 140]: loss: 2.461436
[0, 141]: loss: 2.459374
[0, 142]: loss: 2.458635
[0, 143]: loss: 2.456934
[0, 144]: loss: 2.454018
[0, 145]: loss: 2.453913
[0, 146]: loss: 2.452333
[0, 147]: loss: 2.450949
[0, 148]: loss: 2.451009
[0, 149]: loss: 2.449440
[0, 150]: loss: 2.447898
[0, 151]: loss: 2.446932
[0, 152]: loss: 2.449386
[0, 153]: loss: 2.448533
[0, 154]: loss: 2.446462
[0, 155]: loss: 2.446099
[0, 156]: loss: 2.446005
[0, 157]: loss: 2.445691
[0, 158]: loss: 2.443696
[0, 159]: loss: 2.442165
[0, 160]: loss: 2.439764
[0, 161]: loss: 2.438887
[0, 162]: loss: 2.437615
[0, 163]: loss: 2.436779
[0, 164]: loss: 2.436809
[0, 165]: loss: 2.434352
[0, 166]: loss: 2.433490
[0, 167]: loss: 2.432354
[0, 168]: loss: 2.431731
[0, 169]: loss: 2.430096
[0, 170]: loss: 2.427643
[0, 171]: loss: 2.426771
[0, 172]: loss: 2.428075
[0, 173]: loss: 2.429161
[0, 174]: loss: 2.430220
[0, 175]: loss: 2.428197
[0, 176]: loss: 2.425944
[0, 177]: loss: 2.422673
[0, 178]: loss: 2.422472
[0, 179]: loss: 2.423164
[0, 180]: loss: 2.424818
[0, 181]: loss: 2.423785
[0, 182]: loss: 2.423182
[0, 183]: loss: 2.421711
[0, 184]: loss: 2.420576
[0, 185]: loss: 2.419080
[0, 186]: loss: 2.419406
[0, 187]: loss: 2.417326
[0, 188]: loss: 2.415975
[0, 189]: loss: 2.416498
[0, 190]: loss: 2.415811
[0, 191]: loss: 2.416091
[0, 192]: loss: 2.417680
[0, 193]: loss: 2.416821
[0, 194]: loss: 2.416121
[0, 195]: loss: 2.414957
[0, 196]: loss: 2.414967
[0, 197]: loss: 2.413474
[0, 198]: loss: 2.414438
[0, 199]: loss: 2.415595
[0, 200]: loss: 2.417233
[0, 201]: loss: 2.416527
[0, 202]: loss: 2.417966
[0, 203]: loss: 2.417431
[0, 204]: loss: 2.418721
[0, 205]: loss: 2.418019
[0, 206]: loss: 2.418538
[0, 207]: loss: 2.419581
[0, 208]: loss: 2.418749
[0, 209]: loss: 2.419714
[0, 210]: loss: 2.419018
[0, 211]: loss: 2.418934
[0, 212]: loss: 2.417615
[0, 213]: loss: 2.417618
[0, 214]: loss: 2.417294
[0, 215]: loss: 2.418016
[0, 216]: loss: 2.419524
[0, 217]: loss: 2.418361
[0, 218]: loss: 2.415102
[0, 219]: loss: 2.414332
[0, 220]: loss: 2.414801
[0, 221]: loss: 2.414994
[0, 222]: loss: 2.415907
[0, 223]: loss: 2.413948
[0, 224]: loss: 2.412402
[0, 225]: loss: 2.412764
[0, 226]: loss: 2.413787
[0, 227]: loss: 2.412944
[0, 228]: loss: 2.415517
[0, 229]: loss: 2.416231
[0, 230]: loss: 2.417046
[0, 231]: loss: 2.415840
[0, 232]: loss: 2.415841
[0, 233]: loss: 2.415728
[0, 234]: loss: 2.415067
[0, 235]: loss: 2.416546
[0, 236]: loss: 2.415661
[0, 237]: loss: 2.417396
[0, 238]: loss: 2.417650
[0, 239]: loss: 2.417894
[0, 240]: loss: 2.416726
[0, 241]: loss: 2.416704
[0, 242]: loss: 2.418415
[0, 243]: loss: 2.418527
[0, 244]: loss: 2.418888
[0, 245]: loss: 2.418905
[0, 246]: loss: 2.418131
[0, 247]: loss: 2.418373
[0, 248]: loss: 2.418973
[0, 249]: loss: 2.417787
[0, 250]: loss: 2.417465
[0, 251]: loss: 2.416618
[0, 252]: loss: 2.416415
[0, 253]: loss: 2.416798
[0, 254]: loss: 2.417162
[0, 255]: loss: 2.417197
[0, 256]: loss: 2.415556
[0, 257]: loss: 2.413660
[0, 258]: loss: 2.412853
[0, 259]: loss: 2.411018
[0, 260]: loss: 2.411038
[0, 261]: loss: 2.409992
[0, 262]: loss: 2.409585
[0, 263]: loss: 2.408300
[0, 264]: loss: 2.407558
[0, 265]: loss: 2.408002
[0, 266]: loss: 2.407153
[0, 267]: loss: 2.405453
[0, 268]: loss: 2.404283
[0, 269]: loss: 2.403361
[0, 270]: loss: 2.403131
[0, 271]: loss: 2.403929
[0, 272]: loss: 2.403611
[0, 273]: loss: 2.403276
[0, 274]: loss: 2.403185
[0, 275]: loss: 2.402008
[0, 276]: loss: 2.400797
[0, 277]: loss: 2.401434
[0, 278]: loss: 2.402010
[0, 279]: loss: 2.402216
[0, 280]: loss: 2.401714
[0, 281]: loss: 2.400386
[0, 282]: loss: 2.399970
[0, 283]: loss: 2.400497
[0, 284]: loss: 2.400527
[0, 285]: loss: 2.399859
[0, 286]: loss: 2.399644
[0, 287]: loss: 2.399317
[0, 288]: loss: 2.399219
[0, 289]: loss: 2.398863
[0, 290]: loss: 2.398135
[0, 291]: loss: 2.396472
[0, 292]: loss: 2.395397
[0, 293]: loss: 2.394646
[0, 294]: loss: 2.395620
[0, 295]: loss: 2.396126
[0, 296]: loss: 2.395725
[0, 297]: loss: 2.395462
[0, 298]: loss: 2.394289
[0, 299]: loss: 2.393945
[0, 300]: loss: 2.394014
[0, 301]: loss: 2.394299
[0, 302]: loss: 2.394322
[0, 303]: loss: 2.394045
[0, 304]: loss: 2.394187
[0, 305]: loss: 2.394696
[0, 306]: loss: 2.393734
[0, 307]: loss: 2.393651
[0, 308]: loss: 2.392881
[0, 309]: loss: 2.391778
[0, 310]: loss: 2.390255
[0, 311]: loss: 2.389719
[0, 312]: loss: 2.388170
[0, 313]: loss: 2.386486
[0, 314]: loss: 2.385934
[0, 315]: loss: 2.384957
[0, 316]: loss: 2.385104
[0, 317]: loss: 2.383992
[0, 318]: loss: 2.383598
[0, 319]: loss: 2.384029
[0, 320]: loss: 2.383426
[0, 321]: loss: 2.381969
[0, 322]: loss: 2.380753
[0, 323]: loss: 2.380558
[0, 324]: loss: 2.380500
[0, 325]: loss: 2.379996
[0, 326]: loss: 2.380087
[0, 327]: loss: 2.379622
[0, 328]: loss: 2.378999
[0, 329]: loss: 2.378540
[0, 330]: loss: 2.377882
[0, 331]: loss: 2.376848
[0, 332]: loss: 2.375983
[0, 333]: loss: 2.375449
[0, 334]: loss: 2.375413
[0, 335]: loss: 2.375127
[0, 336]: loss: 2.374147
[0, 337]: loss: 2.372965
[0, 338]: loss: 2.372627
[0, 339]: loss: 2.372149
[0, 340]: loss: 2.370893
[0, 341]: loss: 2.370962
[0, 342]: loss: 2.371215
[0, 343]: loss: 2.370353
[0, 344]: loss: 2.370701
[0, 345]: loss: 2.369212
[0, 346]: loss: 2.367748
[0, 347]: loss: 2.368057
[0, 348]: loss: 2.368868
[0, 349]: loss: 2.367436
[0, 350]: loss: 2.367120
[0, 351]: loss: 2.365595
[0, 352]: loss: 2.364977
[0, 353]: loss: 2.365257
[0, 354]: loss: 2.365792
[0, 355]: loss: 2.365251
[0, 356]: loss: 2.365688
[0, 357]: loss: 2.365672
[0, 358]: loss: 2.365118
[0, 359]: loss: 2.364642
[0, 360]: loss: 2.364495
[0, 361]: loss: 2.363712
[0, 362]: loss: 2.363484
[0, 363]: loss: 2.363083
[0, 364]: loss: 2.362818
[0, 365]: loss: 2.361555
[0, 366]: loss: 2.360697
[0, 367]: loss: 2.360146
[0, 368]: loss: 2.359353
[0, 369]: loss: 2.358997
[0, 370]: loss: 2.359197
[0, 371]: loss: 2.358935
[0, 372]: loss: 2.358714
[0, 373]: loss: 2.358725
[0, 374]: loss: 2.358320
[0, 375]: loss: 2.359048
[0, 376]: loss: 2.358375
[0, 377]: loss: 2.358348
[0, 378]: loss: 2.357490
[0, 379]: loss: 2.356985
[0, 380]: loss: 2.356560
[0, 381]: loss: 2.356161
[0, 382]: loss: 2.355203
[0, 383]: loss: 2.354616
[0, 384]: loss: 2.354639
[0, 385]: loss: 2.353506
[0, 386]: loss: 2.353031
[0, 387]: loss: 2.352977
[0, 388]: loss: 2.352217
[0, 389]: loss: 2.351923
[0, 390]: loss: 2.350004
[0, 391]: loss: 2.349602
[0, 392]: loss: 2.349983
[0, 393]: loss: 2.348860
[0, 394]: loss: 2.348011
[0, 395]: loss: 2.348576
[0, 396]: loss: 2.348756
[0, 397]: loss: 2.347704
[0, 398]: loss: 2.347560
[0, 399]: loss: 2.346769
[0, 400]: loss: 2.347655
[0, 401]: loss: 2.347642
[0, 402]: loss: 2.346856
[0, 403]: loss: 2.346822
[0, 404]: loss: 2.345948
[0, 405]: loss: 2.345124
[0, 406]: loss: 2.344799
[0, 407]: loss: 2.344509
[0, 408]: loss: 2.343682
[0, 409]: loss: 2.343539
[0, 410]: loss: 2.342754
[0, 411]: loss: 2.342349
[0, 412]: loss: 2.342130
[0, 413]: loss: 2.341427
[0, 414]: loss: 2.340904
[0, 415]: loss: 2.340202
[0, 416]: loss: 2.339624
[0, 417]: loss: 2.338620
[0, 418]: loss: 2.338630
[0, 419]: loss: 2.337637
[0, 420]: loss: 2.336710
[0, 421]: loss: 2.335517
[0, 422]: loss: 2.335076
[0, 423]: loss: 2.334134
[0, 424]: loss: 2.334805
[0, 425]: loss: 2.334053
[0, 426]: loss: 2.333942
[0, 427]: loss: 2.333922
[0, 428]: loss: 2.332647
[0, 429]: loss: 2.331946
[0, 430]: loss: 2.331689
[0, 431]: loss: 2.331498
[0, 432]: loss: 2.330328
[0, 433]: loss: 2.330303
[0, 434]: loss: 2.329565
[0, 435]: loss: 2.329802
[0, 436]: loss: 2.329324
[0, 437]: loss: 2.328554
[0, 438]: loss: 2.327754
[0, 439]: loss: 2.327307
[0, 440]: loss: 2.326971
[0, 441]: loss: 2.326904
[0, 442]: loss: 2.326488
[0, 443]: loss: 2.325102
[0, 444]: loss: 2.325301
[0, 445]: loss: 2.325474
[0, 446]: loss: 2.324660
[0, 447]: loss: 2.324097
[0, 448]: loss: 2.323816
[0, 449]: loss: 2.323458
[0, 450]: loss: 2.322864
[0, 451]: loss: 2.322373
[0, 452]: loss: 2.322457
[0, 453]: loss: 2.321401
[0, 454]: loss: 2.320536
[0, 455]: loss: 2.320589
[0, 456]: loss: 2.320164
[0, 457]: loss: 2.319040
[0, 458]: loss: 2.318779
[0, 459]: loss: 2.318098
[0, 460]: loss: 2.318222
[0, 461]: loss: 2.318286
[0, 462]: loss: 2.318362
[0, 463]: loss: 2.317996
[0, 464]: loss: 2.317630
[0, 465]: loss: 2.317507
[0, 466]: loss: 2.316879
[0, 467]: loss: 2.316298
[0, 468]: loss: 2.315645
[0, 469]: loss: 2.315116
[0, 470]: loss: 2.314976
[0, 471]: loss: 2.314867
[0, 472]: loss: 2.314782
[0, 473]: loss: 2.315082
[0, 474]: loss: 2.314532
[0, 475]: loss: 2.314068
[0, 476]: loss: 2.314390
[0, 477]: loss: 2.314199
[0, 478]: loss: 2.313693
[0, 479]: loss: 2.313142
[0, 480]: loss: 2.312415
[0, 481]: loss: 2.312261
[0, 482]: loss: 2.311977
[0, 483]: loss: 2.312011
[0, 484]: loss: 2.311891
[0, 485]: loss: 2.311248
[0, 486]: loss: 2.310951
[0, 487]: loss: 2.310354
[0, 488]: loss: 2.309532
[0, 489]: loss: 2.309680
[0, 490]: loss: 2.309221
[0, 491]: loss: 2.309077
[0, 492]: loss: 2.308658
[0, 493]: loss: 2.309301
[0, 494]: loss: 2.309556
[0, 495]: loss: 2.308537
[0, 496]: loss: 2.308437
[0, 497]: loss: 2.308919
[0, 498]: loss: 2.309030
[0, 499]: loss: 2.308107
[0, 500]: loss: 2.307858
[0, 501]: loss: 2.306860
[0, 502]: loss: 2.306070
[0, 503]: loss: 2.305619
[0, 504]: loss: 2.305455
[0, 505]: loss: 2.304892
[0, 506]: loss: 2.305186
[0, 507]: loss: 2.305693
[0, 508]: loss: 2.305489
[0, 509]: loss: 2.305353
[0, 510]: loss: 2.304596
[0, 511]: loss: 2.304134
[0, 512]: loss: 2.303666
[0, 513]: loss: 2.303551
[0, 514]: loss: 2.303775
[0, 515]: loss: 2.305147
[0, 516]: loss: 2.304968
[0, 517]: loss: 2.303688
[0, 518]: loss: 2.303174
[0, 519]: loss: 2.303650
[0, 520]: loss: 2.303858
[0, 521]: loss: 2.303388
[0, 522]: loss: 2.304031
[0, 523]: loss: 2.303708
[0, 524]: loss: 2.303190
[0, 525]: loss: 2.302834
[0, 526]: loss: 2.302374
[0, 527]: loss: 2.302610
[0, 528]: loss: 2.302080
[0, 529]: loss: 2.301953
[0, 530]: loss: 2.301854
[0, 531]: loss: 2.302320
[0, 532]: loss: 2.302735
[0, 533]: loss: 2.302503
[0, 534]: loss: 2.302197
[0, 535]: loss: 2.301767
[0, 536]: loss: 2.301424
[0, 537]: loss: 2.300861
[0, 538]: loss: 2.301471
[0, 539]: loss: 2.300946
[0, 540]: loss: 2.300608
[0, 541]: loss: 2.300241
[0, 542]: loss: 2.299842
[0, 543]: loss: 2.299788
[0, 544]: loss: 2.299341
[0, 545]: loss: 2.300180
[0, 546]: loss: 2.300061
[0, 547]: loss: 2.299128
[0, 548]: loss: 2.299016
[0, 549]: loss: 2.298713
[0, 550]: loss: 2.298305
[0, 551]: loss: 2.298020
[0, 552]: loss: 2.297808
[0, 553]: loss: 2.297684
[0, 554]: loss: 2.297200
[0, 555]: loss: 2.296521
[0, 556]: loss: 2.296040
[0, 557]: loss: 2.296036
[0, 558]: loss: 2.295327
[0, 559]: loss: 2.295025
[0, 560]: loss: 2.294845
[0, 561]: loss: 2.294425
[0, 562]: loss: 2.294337
[0, 563]: loss: 2.294141
[0, 564]: loss: 2.294036
[0, 565]: loss: 2.293396
[0, 566]: loss: 2.293225
[0, 567]: loss: 2.292721
[0, 568]: loss: 2.292158
[0, 569]: loss: 2.291519
[0, 570]: loss: 2.290896
[0, 571]: loss: 2.291090
[0, 572]: loss: 2.291539
[0, 573]: loss: 2.291231
[0, 574]: loss: 2.290703
[0, 575]: loss: 2.290362
[0, 576]: loss: 2.289830
[0, 577]: loss: 2.289705
[0, 578]: loss: 2.288756
[0, 579]: loss: 2.288402
[0, 580]: loss: 2.288048
[0, 581]: loss: 2.288374
[0, 582]: loss: 2.288238
[0, 583]: loss: 2.288178
[0, 584]: loss: 2.288093
[0, 585]: loss: 2.287658
[0, 586]: loss: 2.287552
[0, 587]: loss: 2.287454
[0, 588]: loss: 2.286375
[0, 589]: loss: 2.286030
[0, 590]: loss: 2.285683
[0, 591]: loss: 2.285053
[0, 592]: loss: 2.284540
[0, 593]: loss: 2.284486
[0, 594]: loss: 2.284194
[0, 595]: loss: 2.283600
[0, 596]: loss: 2.282929
[0, 597]: loss: 2.282399
[0, 598]: loss: 2.282381
[0, 599]: loss: 2.281901
[0, 600]: loss: 2.281517
[0, 601]: loss: 2.281166
[0, 602]: loss: 2.281026
[0, 603]: loss: 2.280300
[0, 604]: loss: 2.279556
[0, 605]: loss: 2.278851
[0, 606]: loss: 2.279034
[0, 607]: loss: 2.278623
[0, 608]: loss: 2.278635
[0, 609]: loss: 2.278006
[0, 610]: loss: 2.278203
[0, 611]: loss: 2.278043
[0, 612]: loss: 2.277459
[0, 613]: loss: 2.277026
[0, 614]: loss: 2.276834
[0, 615]: loss: 2.276994
[0, 616]: loss: 2.275869
[0, 617]: loss: 2.276112
[0, 618]: loss: 2.276121
[0, 619]: loss: 2.275993
[0, 620]: loss: 2.275727
[0, 621]: loss: 2.275190
[0, 622]: loss: 2.275012
[0, 623]: loss: 2.274601
[0, 624]: loss: 2.273988
[0, 625]: loss: 2.273735
[0, 626]: loss: 2.273506
[0, 627]: loss: 2.273068
[0, 628]: loss: 2.272196
[0, 629]: loss: 2.271884
[0, 630]: loss: 2.271476
[0, 631]: loss: 2.271749
[0, 632]: loss: 2.271619
[0, 633]: loss: 2.271578
[0, 634]: loss: 2.271226
[0, 635]: loss: 2.270892
[0, 636]: loss: 2.270519
[0, 637]: loss: 2.269523
[0, 638]: loss: 2.269194
[0, 639]: loss: 2.268826
[0, 640]: loss: 2.268360
[0, 641]: loss: 2.268050
[0, 642]: loss: 2.267599
[0, 643]: loss: 2.267185
[0, 644]: loss: 2.266600
[0, 645]: loss: 2.265843
[0, 646]: loss: 2.265414
[0, 647]: loss: 2.264694
[0, 648]: loss: 2.264198
[0, 649]: loss: 2.264055
[0, 650]: loss: 2.264119
[0, 651]: loss: 2.263481
[0, 652]: loss: 2.263483
[0, 653]: loss: 2.262898
[0, 654]: loss: 2.261958
[0, 655]: loss: 2.261681
[0, 656]: loss: 2.261379
[0, 657]: loss: 2.260761
[0, 658]: loss: 2.260404
[0, 659]: loss: 2.260023
[0, 660]: loss: 2.259383
[0, 661]: loss: 2.258867
[0, 662]: loss: 2.258748
[0, 663]: loss: 2.258216
[0, 664]: loss: 2.257951
[0, 665]: loss: 2.257790
[0, 666]: loss: 2.257435
[0, 667]: loss: 2.257156
[0, 668]: loss: 2.256900
[0, 669]: loss: 2.257102
[0, 670]: loss: 2.256948
[0, 671]: loss: 2.256602
[0, 672]: loss: 2.255835
[0, 673]: loss: 2.255956
[0, 674]: loss: 2.255444
[0, 675]: loss: 2.255772
[0, 676]: loss: 2.255241
[0, 677]: loss: 2.255096
[0, 678]: loss: 2.254958
[0, 679]: loss: 2.254526
[0, 680]: loss: 2.253783
[0, 681]: loss: 2.252869
[0, 682]: loss: 2.252375
[0, 683]: loss: 2.252348
[0, 684]: loss: 2.252423
[0, 685]: loss: 2.252373
[0, 686]: loss: 2.251978
[0, 687]: loss: 2.251733
[0, 688]: loss: 2.251049
[0, 689]: loss: 2.250640
[0, 690]: loss: 2.250339
[0, 691]: loss: 2.250049
[0, 692]: loss: 2.249596
[0, 693]: loss: 2.249090
[0, 694]: loss: 2.249096
[0, 695]: loss: 2.249189
[0, 696]: loss: 2.248520
[0, 697]: loss: 2.248642
[0, 698]: loss: 2.248558
[0, 699]: loss: 2.248414
[0, 700]: loss: 2.247940
[0, 701]: loss: 2.247638
[0, 702]: loss: 2.248044
[0, 703]: loss: 2.247870
[0, 704]: loss: 2.248229
[0, 705]: loss: 2.247530
[0, 706]: loss: 2.247663
[0, 707]: loss: 2.247778
[0, 708]: loss: 2.247441
[0, 709]: loss: 2.247403
[0, 710]: loss: 2.247162
[0, 711]: loss: 2.247199
[0, 712]: loss: 2.246328
[0, 713]: loss: 2.246073
[0, 714]: loss: 2.246269
[0, 715]: loss: 2.245839
[0, 716]: loss: 2.245836
[0, 717]: loss: 2.245169
[0, 718]: loss: 2.244896
[0, 719]: loss: 2.245206
[0, 720]: loss: 2.245073
[0, 721]: loss: 2.244605
[0, 722]: loss: 2.244477
[0, 723]: loss: 2.243933
[0, 724]: loss: 2.243472
[0, 725]: loss: 2.243340
[0, 726]: loss: 2.243328
[0, 727]: loss: 2.242710
[0, 728]: loss: 2.242674
[0, 729]: loss: 2.241999
[0, 730]: loss: 2.241516
[0, 731]: loss: 2.241523
[0, 732]: loss: 2.240717
[0, 733]: loss: 2.240610
[0, 734]: loss: 2.239917
[0, 735]: loss: 2.239263
[0, 736]: loss: 2.238979
[0, 737]: loss: 2.238965
[0, 738]: loss: 2.238376
[0, 739]: loss: 2.238350
[0, 740]: loss: 2.238139
[0, 741]: loss: 2.237795
[0, 742]: loss: 2.237306
[0, 743]: loss: 2.236734
[0, 744]: loss: 2.236345
[0, 745]: loss: 2.236253
[0, 746]: loss: 2.236140
[0, 747]: loss: 2.235735
[0, 748]: loss: 2.235301
[0, 749]: loss: 2.234755
[0, 750]: loss: 2.234225
[0, 751]: loss: 2.233994
[0, 752]: loss: 2.233871
[0, 753]: loss: 2.233916
[0, 754]: loss: 2.233946
[0, 755]: loss: 2.233601
[0, 756]: loss: 2.232950
[0, 757]: loss: 2.232664
[0, 758]: loss: 2.232191
[0, 759]: loss: 2.232225
[0, 760]: loss: 2.231661
[0, 761]: loss: 2.231064
[0, 762]: loss: 2.230880
[0, 763]: loss: 2.230526
[0, 764]: loss: 2.230947
[0, 765]: loss: 2.231225
[0, 766]: loss: 2.230824
[0, 767]: loss: 2.230715
[0, 768]: loss: 2.230832
[0, 769]: loss: 2.230630
[0, 770]: loss: 2.230584
[0, 771]: loss: 2.230411
[0, 772]: loss: 2.230184
[0, 773]: loss: 2.229884
[0, 774]: loss: 2.229428
[0, 775]: loss: 2.229383
[0, 776]: loss: 2.229207
[0, 777]: loss: 2.229074
[0, 778]: loss: 2.229363
[0, 779]: loss: 2.228831
[0, 780]: loss: 2.228581
[0, 781]: loss: 2.228328
[0, 782]: loss: 2.228064
[0, 783]: loss: 2.227813
[0, 784]: loss: 2.227967
[0, 785]: loss: 2.227865
[0, 786]: loss: 2.227842
[0, 787]: loss: 2.227675
[0, 788]: loss: 2.227713
[0, 789]: loss: 2.227733
[0, 790]: loss: 2.227435
[0, 791]: loss: 2.226769
[0, 792]: loss: 2.226635
[0, 793]: loss: 2.226775
[0, 794]: loss: 2.226453
[0, 795]: loss: 2.225788
[0, 796]: loss: 2.225888
[0, 797]: loss: 2.225905
[0, 798]: loss: 2.225454
[0, 799]: loss: 2.225134
[0, 800]: loss: 2.224642
[0, 801]: loss: 2.224117
[0, 802]: loss: 2.223651
[0, 803]: loss: 2.223029
[0, 804]: loss: 2.222823
[0, 805]: loss: 2.222886
[0, 806]: loss: 2.222620
[0, 807]: loss: 2.222599
[0, 808]: loss: 2.222048
[0, 809]: loss: 2.221675
[0, 810]: loss: 2.221373
[0, 811]: loss: 2.221614
[0, 812]: loss: 2.221362
[0, 813]: loss: 2.221110
[0, 814]: loss: 2.220433
[0, 815]: loss: 2.220129
[0, 816]: loss: 2.220084
[0, 817]: loss: 2.220247
[0, 818]: loss: 2.219794
[0, 819]: loss: 2.220104
[0, 820]: loss: 2.219941
[0, 821]: loss: 2.219973
[0, 822]: loss: 2.219691
[0, 823]: loss: 2.219558
[0, 824]: loss: 2.219210
[0, 825]: loss: 2.219067
[0, 826]: loss: 2.219330
[0, 827]: loss: 2.219256
[0, 828]: loss: 2.219256
[0, 829]: loss: 2.219040
[0, 830]: loss: 2.218803
[0, 831]: loss: 2.218353
[0, 832]: loss: 2.217714
[0, 833]: loss: 2.217459
[0, 834]: loss: 2.217257
[0, 835]: loss: 2.217118
[0, 836]: loss: 2.216755
[0, 837]: loss: 2.216685
[0, 838]: loss: 2.216192
[0, 839]: loss: 2.215752
[0, 840]: loss: 2.215454
[0, 841]: loss: 2.215410
[0, 842]: loss: 2.215476
[0, 843]: loss: 2.215153
[0, 844]: loss: 2.214768
[0, 845]: loss: 2.214543
[0, 846]: loss: 2.214439
[0, 847]: loss: 2.214081
[0, 848]: loss: 2.213689
[0, 849]: loss: 2.213205
[0, 850]: loss: 2.212812
[0, 851]: loss: 2.212966
[0, 852]: loss: 2.212636
[0, 853]: loss: 2.212050
[0, 854]: loss: 2.211866
[0, 855]: loss: 2.211305
[0, 856]: loss: 2.210811
[0, 857]: loss: 2.210791
[0, 858]: loss: 2.210457
[0, 859]: loss: 2.210107
[0, 860]: loss: 2.209581
[0, 861]: loss: 2.209514
[0, 862]: loss: 2.209009
[0, 863]: loss: 2.208563
[0, 864]: loss: 2.208610
[0, 865]: loss: 2.208074
[0, 866]: loss: 2.207973
[0, 867]: loss: 2.208020
[0, 868]: loss: 2.208047
[0, 869]: loss: 2.207734
[0, 870]: loss: 2.207418
[0, 871]: loss: 2.206815
[0, 872]: loss: 2.206885
[0, 873]: loss: 2.206360
[0, 874]: loss: 2.206098
[0, 875]: loss: 2.205851
[0, 876]: loss: 2.205390
[0, 877]: loss: 2.205445
[0, 878]: loss: 2.205330
[0, 879]: loss: 2.205039
[0, 880]: loss: 2.204931
[0, 881]: loss: 2.204826
[0, 882]: loss: 2.204380
[0, 883]: loss: 2.204206
[0, 884]: loss: 2.204013
[0, 885]: loss: 2.203870
[0, 886]: loss: 2.203549
[0, 887]: loss: 2.203065
[0, 888]: loss: 2.202600
[0, 889]: loss: 2.201859
[0, 890]: loss: 2.201755
[0, 891]: loss: 2.201251
[0, 892]: loss: 2.201030
[0, 893]: loss: 2.200476
[0, 894]: loss: 2.200058
[0, 895]: loss: 2.199657
[0, 896]: loss: 2.199113
[0, 897]: loss: 2.199032
[0, 898]: loss: 2.198706
[0, 899]: loss: 2.198385
[0, 900]: loss: 2.198118
[0, 901]: loss: 2.198112
[0, 902]: loss: 2.197885
[0, 903]: loss: 2.197591
[0, 904]: loss: 2.197175
[0, 905]: loss: 2.196763
[0, 906]: loss: 2.196610
[0, 907]: loss: 2.196199
[0, 908]: loss: 2.196020
[0, 909]: loss: 2.195637
[0, 910]: loss: 2.195214
[0, 911]: loss: 2.194646
[0, 912]: loss: 2.194567
[0, 913]: loss: 2.194317
[0, 914]: loss: 2.194207
[0, 915]: loss: 2.193943
[0, 916]: loss: 2.193899
[0, 917]: loss: 2.193769
[0, 918]: loss: 2.193432
[0, 919]: loss: 2.193371
[0, 920]: loss: 2.193025
[0, 921]: loss: 2.192727
[0, 922]: loss: 2.192687
[0, 923]: loss: 2.192375
[0, 924]: loss: 2.192103
[0, 925]: loss: 2.191779
[0, 926]: loss: 2.191430
[0, 927]: loss: 2.191610
[0, 928]: loss: 2.191963
[0, 929]: loss: 2.191702
[0, 930]: loss: 2.191589
[0, 931]: loss: 2.191319
[0, 932]: loss: 2.191331
[0, 933]: loss: 2.190902
[0, 934]: loss: 2.190526
[0, 935]: loss: 2.190410
[0, 936]: loss: 2.190160
[0, 937]: loss: 2.189986
[0, 938]: loss: 2.189837
[0, 939]: loss: 2.189814
[0, 940]: loss: 2.190122
[0, 941]: loss: 2.190724
[0, 942]: loss: 2.190332
[0, 943]: loss: 2.190183
[0, 944]: loss: 2.190236
[0, 945]: loss: 2.190091
[0, 946]: loss: 2.189693
[0, 947]: loss: 2.189719
[0, 948]: loss: 2.189584
[0, 949]: loss: 2.189270
[0, 950]: loss: 2.189070
[0, 951]: loss: 2.188951
[0, 952]: loss: 2.188759
[0, 953]: loss: 2.188860
[0, 954]: loss: 2.188674
[0, 955]: loss: 2.188607
[0, 956]: loss: 2.188497
[0, 957]: loss: 2.188312
[0, 958]: loss: 2.188088
[0, 959]: loss: 2.188046
[0, 960]: loss: 2.188075
[0, 961]: loss: 2.187980
[0, 962]: loss: 2.187929
[0, 963]: loss: 2.187333
[0, 964]: loss: 2.187419
[0, 965]: loss: 2.187316
[0, 966]: loss: 2.187284
[0, 967]: loss: 2.186744
[0, 968]: loss: 2.186237
[0, 969]: loss: 2.185900
[0, 970]: loss: 2.185531
[0, 971]: loss: 2.185215
[0, 972]: loss: 2.184788
[0, 973]: loss: 2.184413
[0, 974]: loss: 2.184132
[0, 975]: loss: 2.184027
[0, 976]: loss: 2.183677
[0, 977]: loss: 2.183493
[0, 978]: loss: 2.183031
[0, 979]: loss: 2.182749
[0, 980]: loss: 2.182530
[0, 981]: loss: 2.182152
[0, 982]: loss: 2.182125
[0, 983]: loss: 2.181865
[0, 984]: loss: 2.181840
[0, 985]: loss: 2.181569
[0, 986]: loss: 2.181716
[0, 987]: loss: 2.181536
[0, 988]: loss: 2.181527
[0, 989]: loss: 2.181367
[0, 990]: loss: 2.181336
[0, 991]: loss: 2.181291
[0, 992]: loss: 2.180978
[0, 993]: loss: 2.180313
[0, 994]: loss: 2.180057
[0, 995]: loss: 2.180159
[0, 996]: loss: 2.179335
[0, 997]: loss: 2.178843
[0, 998]: loss: 2.178247
[0, 999]: loss: 2.178095
[0, 1000]: loss: 2.178258
[0, 1001]: loss: 2.178150
[0, 1002]: loss: 2.177769
[0, 1003]: loss: 2.177826
[0, 1004]: loss: 2.177278
[0, 1005]: loss: 2.177203
[0, 1006]: loss: 2.177192
[0, 1007]: loss: 2.176718
[0, 1008]: loss: 2.176442
[0, 1009]: loss: 2.176140
[0, 1010]: loss: 2.176265
[0, 1011]: loss: 2.176227
[0, 1012]: loss: 2.175783
[0, 1013]: loss: 2.175593
[0, 1014]: loss: 2.175331
[0, 1015]: loss: 2.175192
[0, 1016]: loss: 2.174971
[0, 1017]: loss: 2.174836
[0, 1018]: loss: 2.174813
[0, 1019]: loss: 2.174638
[0, 1020]: loss: 2.174440
[0, 1021]: loss: 2.173923
[0, 1022]: loss: 2.173600
[0, 1023]: loss: 2.173447
[0, 1024]: loss: 2.173410
[0, 1025]: loss: 2.173310
[0, 1026]: loss: 2.173230
[0, 1027]: loss: 2.173157
[0, 1028]: loss: 2.173049
[0, 1029]: loss: 2.172753
[0, 1030]: loss: 2.172624
[0, 1031]: loss: 2.172405
[0, 1032]: loss: 2.171827
[0, 1033]: loss: 2.171416
[0, 1034]: loss: 2.171414
[0, 1035]: loss: 2.171002
[0, 1036]: loss: 2.170482
[0, 1037]: loss: 2.170229
[0, 1038]: loss: 2.170001
[0, 1039]: loss: 2.169944
[0, 1040]: loss: 2.169863
[0, 1041]: loss: 2.169783
[0, 1042]: loss: 2.169518
[0, 1043]: loss: 2.169362
[0, 1044]: loss: 2.169424
[0, 1045]: loss: 2.169095
[0, 1046]: loss: 2.168771
[0, 1047]: loss: 2.168568
[0, 1048]: loss: 2.168397
[0, 1049]: loss: 2.168121
[0, 1050]: loss: 2.167717
[0, 1051]: loss: 2.167547
[0, 1052]: loss: 2.167425
[0, 1053]: loss: 2.167046
[0, 1054]: loss: 2.166975
[0, 1055]: loss: 2.166702
[0, 1056]: loss: 2.166591
[0, 1057]: loss: 2.166638
[0, 1058]: loss: 2.166533
[0, 1059]: loss: 2.166395
[0, 1060]: loss: 2.165957
[0, 1061]: loss: 2.165901
[0, 1062]: loss: 2.165863
[0, 1063]: loss: 2.165274
[0, 1064]: loss: 2.165183
[0, 1065]: loss: 2.164847
[0, 1066]: loss: 2.164546
[0, 1067]: loss: 2.164356
[0, 1068]: loss: 2.164157
[0, 1069]: loss: 2.163767
[0, 1070]: loss: 2.163600
[0, 1071]: loss: 2.163152
[0, 1072]: loss: 2.162888
[0, 1073]: loss: 2.162836
[0, 1074]: loss: 2.162436
[0, 1075]: loss: 2.162247
[0, 1076]: loss: 2.162219
[0, 1077]: loss: 2.162017
[0, 1078]: loss: 2.162003
[0, 1079]: loss: 2.161894
[0, 1080]: loss: 2.161850
[0, 1081]: loss: 2.161688
[0, 1082]: loss: 2.161390
[0, 1083]: loss: 2.161072
[0, 1084]: loss: 2.161003
[0, 1085]: loss: 2.160944
[0, 1086]: loss: 2.160577
[0, 1087]: loss: 2.160463
[0, 1088]: loss: 2.160374
[0, 1089]: loss: 2.159956
[0, 1090]: loss: 2.159603
[0, 1091]: loss: 2.159377
[0, 1092]: loss: 2.159207
[0, 1093]: loss: 2.159359
[0, 1094]: loss: 2.159179
[0, 1095]: loss: 2.159194
[0, 1096]: loss: 2.159235
[0, 1097]: loss: 2.159338
[0, 1098]: loss: 2.159461
[0, 1099]: loss: 2.159430
[0, 1100]: loss: 2.159381
[0, 1101]: loss: 2.159139
[0, 1102]: loss: 2.158980
[0, 1103]: loss: 2.159004
[0, 1104]: loss: 2.158690
[0, 1105]: loss: 2.158599
[0, 1106]: loss: 2.158433
[0, 1107]: loss: 2.158927
[0, 1108]: loss: 2.158689
[0, 1109]: loss: 2.158538
[0, 1110]: loss: 2.158145
[0, 1111]: loss: 2.158087
[0, 1112]: loss: 2.157955
[0, 1113]: loss: 2.157898
[0, 1114]: loss: 2.157702
[0, 1115]: loss: 2.157414
[0, 1116]: loss: 2.157448
[0, 1117]: loss: 2.157395
[0, 1118]: loss: 2.157298
[0, 1119]: loss: 2.157295
[0, 1120]: loss: 2.156913
[0, 1121]: loss: 2.156408
[0, 1122]: loss: 2.156218
[0, 1123]: loss: 2.156006
[0, 1124]: loss: 2.155771
[0, 1125]: loss: 2.155712
[0, 1126]: loss: 2.155476
[0, 1127]: loss: 2.155171
[0, 1128]: loss: 2.154844
[0, 1129]: loss: 2.154876
[0, 1130]: loss: 2.154535
[0, 1131]: loss: 2.154417
[0, 1132]: loss: 2.154060
[0, 1133]: loss: 2.153616
[0, 1134]: loss: 2.153144
[0, 1135]: loss: 2.152793
[0, 1136]: loss: 2.152573
[0, 1137]: loss: 2.152671
[0, 1138]: loss: 2.152210
[0, 1139]: loss: 2.152130
[0, 1140]: loss: 2.151885
[0, 1141]: loss: 2.151428
[0, 1142]: loss: 2.151097
[0, 1143]: loss: 2.150922
[0, 1144]: loss: 2.150565
[0, 1145]: loss: 2.150166
[0, 1146]: loss: 2.149862
[0, 1147]: loss: 2.149454
[0, 1148]: loss: 2.149640
[0, 1149]: loss: 2.149492
[0, 1150]: loss: 2.149245
[0, 1151]: loss: 2.149030
[0, 1152]: loss: 2.148951
[0, 1153]: loss: 2.148962
[0, 1154]: loss: 2.148549
[0, 1155]: loss: 2.148436
[0, 1156]: loss: 2.148369
[0, 1157]: loss: 2.148134
[0, 1158]: loss: 2.148081
[0, 1159]: loss: 2.147869
[0, 1160]: loss: 2.147459
[0, 1161]: loss: 2.146914
[0, 1162]: loss: 2.146605
[0, 1163]: loss: 2.146081
[0, 1164]: loss: 2.145829
[0, 1165]: loss: 2.145790
[0, 1166]: loss: 2.145250
[0, 1167]: loss: 2.145272
[0, 1168]: loss: 2.145279
[0, 1169]: loss: 2.144971
[0, 1170]: loss: 2.144791
[0, 1171]: loss: 2.144305
[0, 1172]: loss: 2.143946
[0, 1173]: loss: 2.143834
[0, 1174]: loss: 2.143476
[0, 1175]: loss: 2.143203
[0, 1176]: loss: 2.142827
[0, 1177]: loss: 2.142429
[0, 1178]: loss: 2.142381
[0, 1179]: loss: 2.142259
[0, 1180]: loss: 2.142111
[0, 1181]: loss: 2.141872
[0, 1182]: loss: 2.141635
[0, 1183]: loss: 2.141798
[0, 1184]: loss: 2.141616
[0, 1185]: loss: 2.141414
[0, 1186]: loss: 2.141356
[0, 1187]: loss: 2.141075
[0, 1188]: loss: 2.141055
[0, 1189]: loss: 2.140780
[0, 1190]: loss: 2.141000
[0, 1191]: loss: 2.140912
[0, 1192]: loss: 2.140724
[0, 1193]: loss: 2.140329
[0, 1194]: loss: 2.140305
[0, 1195]: loss: 2.140070
[0, 1196]: loss: 2.140050
[0, 1197]: loss: 2.139803
[0, 1198]: loss: 2.139521
[0, 1199]: loss: 2.139296
[0, 1200]: loss: 2.139099
[0, 1201]: loss: 2.138896
[0, 1202]: loss: 2.138848
[0, 1203]: loss: 2.138625
[0, 1204]: loss: 2.138512
[0, 1205]: loss: 2.138541
[0, 1206]: loss: 2.138312
[0, 1207]: loss: 2.138263
[0, 1208]: loss: 2.138062
[0, 1209]: loss: 2.137768
[0, 1210]: loss: 2.137664
[0, 1211]: loss: 2.137543
[0, 1212]: loss: 2.137257
[0, 1213]: loss: 2.136934
[0, 1214]: loss: 2.136882
[0, 1215]: loss: 2.136547
[0, 1216]: loss: 2.136409
[0, 1217]: loss: 2.136388
[0, 1218]: loss: 2.136712
[0, 1219]: loss: 2.136209
[0, 1220]: loss: 2.135968
[0, 1221]: loss: 2.135843
[0, 1222]: loss: 2.135778
[0, 1223]: loss: 2.135678
[0, 1224]: loss: 2.135512
[0, 1225]: loss: 2.135308
[0, 1226]: loss: 2.134982
[0, 1227]: loss: 2.134700
[0, 1228]: loss: 2.134369
[0, 1229]: loss: 2.134159
[0, 1230]: loss: 2.133728
[0, 1231]: loss: 2.133650
[0, 1232]: loss: 2.133497
[0, 1233]: loss: 2.133350
[0, 1234]: loss: 2.132975
[0, 1235]: loss: 2.132734
[0, 1236]: loss: 2.132333
[0, 1237]: loss: 2.131995
[0, 1238]: loss: 2.131644
[0, 1239]: loss: 2.131595
[0, 1240]: loss: 2.131260
[0, 1241]: loss: 2.131144
[0, 1242]: loss: 2.130940
[0, 1243]: loss: 2.130663
[0, 1244]: loss: 2.130425
[0, 1245]: loss: 2.130396
[0, 1246]: loss: 2.130246
[0, 1247]: loss: 2.129986
[0, 1248]: loss: 2.130164
[0, 1249]: loss: 2.130018
[1, 0]: loss: 0.000000
[1, 1]: loss: 0.748865
[1, 2]: loss: 1.083206
[1, 3]: loss: 1.309219
[1, 4]: loss: 1.406905
[1, 5]: loss: 1.480620
[1, 6]: loss: 1.528899
[1, 7]: loss: 1.538151
[1, 8]: loss: 1.612922
[1, 9]: loss: 1.625254
[1, 10]: loss: 1.636617
[1, 11]: loss: 1.705274
[1, 12]: loss: 1.710139
[1, 13]: loss: 1.740928
[1, 14]: loss: 1.742249
[1, 15]: loss: 1.764281
[1, 16]: loss: 1.781315
[1, 17]: loss: 1.789075
[1, 18]: loss: 1.792923
[1, 19]: loss: 1.791084
[1, 20]: loss: 1.803157
[1, 21]: loss: 1.807976
[1, 22]: loss: 1.805975
[1, 23]: loss: 1.792880
[1, 24]: loss: 1.790226
[1, 25]: loss: 1.799163
[1, 26]: loss: 1.801899
[1, 27]: loss: 1.805139
[1, 28]: loss: 1.807062
[1, 29]: loss: 1.799998
[1, 30]: loss: 1.797687
[1, 31]: loss: 1.800466
[1, 32]: loss: 1.801932
[1, 33]: loss: 1.808159
[1, 34]: loss: 1.803030
[1, 35]: loss: 1.798371
[1, 36]: loss: 1.795758
[1, 37]: loss: 1.795201
[1, 38]: loss: 1.795892
[1, 39]: loss: 1.794027
[1, 40]: loss: 1.793361
[1, 41]: loss: 1.796978
[1, 42]: loss: 1.794542
[1, 43]: loss: 1.790227
[1, 44]: loss: 1.790730
[1, 45]: loss: 1.788995
[1, 46]: loss: 1.795381
[1, 47]: loss: 1.793318
[1, 48]: loss: 1.792954
[1, 49]: loss: 1.795343
[1, 50]: loss: 1.794950
[1, 51]: loss: 1.800125
[1, 52]: loss: 1.799767
[1, 53]: loss: 1.800646
[1, 54]: loss: 1.795438
[1, 55]: loss: 1.801007
[1, 56]: loss: 1.801705
[1, 57]: loss: 1.803157
[1, 58]: loss: 1.806366
[1, 59]: loss: 1.808848
[1, 60]: loss: 1.813660
[1, 61]: loss: 1.815345
[1, 62]: loss: 1.815693
[1, 63]: loss: 1.813959
[1, 64]: loss: 1.811134
[1, 65]: loss: 1.808408
[1, 66]: loss: 1.806141
[1, 67]: loss: 1.808978
[1, 68]: loss: 1.811855
[1, 69]: loss: 1.812262
[1, 70]: loss: 1.814532
[1, 71]: loss: 1.813462
[1, 72]: loss: 1.811835
[1, 73]: loss: 1.814591
[1, 74]: loss: 1.819854
[1, 75]: loss: 1.818959
[1, 76]: loss: 1.815662
[1, 77]: loss: 1.818166
[1, 78]: loss: 1.818099
[1, 79]: loss: 1.822079
[1, 80]: loss: 1.820194
[1, 81]: loss: 1.820936
[1, 82]: loss: 1.818655
[1, 83]: loss: 1.819376
[1, 84]: loss: 1.819547
[1, 85]: loss: 1.819265
[1, 86]: loss: 1.819228
[1, 87]: loss: 1.816064
[1, 88]: loss: 1.809321
[1, 89]: loss: 1.809986
[1, 90]: loss: 1.812311
[1, 91]: loss: 1.814060
[1, 92]: loss: 1.814135
[1, 93]: loss: 1.815802
[1, 94]: loss: 1.816167
[1, 95]: loss: 1.814787
[1, 96]: loss: 1.814455
[1, 97]: loss: 1.810800
[1, 98]: loss: 1.810349
[1, 99]: loss: 1.809358
[1, 100]: loss: 1.812346
[1, 101]: loss: 1.811200
[1, 102]: loss: 1.809086
[1, 103]: loss: 1.809884
[1, 104]: loss: 1.809734
[1, 105]: loss: 1.807951
[1, 106]: loss: 1.810175
[1, 107]: loss: 1.809088
[1, 108]: loss: 1.806619
[1, 109]: loss: 1.807033
[1, 110]: loss: 1.806540
[1, 111]: loss: 1.804964
[1, 112]: loss: 1.804320
[1, 113]: loss: 1.804742
[1, 114]: loss: 1.804551
[1, 115]: loss: 1.805543
[1, 116]: loss: 1.806000
[1, 117]: loss: 1.804310
[1, 118]: loss: 1.804337
[1, 119]: loss: 1.803841
[1, 120]: loss: 1.803848
[1, 121]: loss: 1.802542
[1, 122]: loss: 1.805915
[1, 123]: loss: 1.806137
[1, 124]: loss: 1.808195
[1, 125]: loss: 1.808512
[1, 126]: loss: 1.807643
[1, 127]: loss: 1.808676
[1, 128]: loss: 1.807110
[1, 129]: loss: 1.804506
[1, 130]: loss: 1.803401
[1, 131]: loss: 1.804669
[1, 132]: loss: 1.807538
[1, 133]: loss: 1.807294
[1, 134]: loss: 1.810804
[1, 135]: loss: 1.811830
[1, 136]: loss: 1.808857
[1, 137]: loss: 1.811530
[1, 138]: loss: 1.811282
[1, 139]: loss: 1.810353
[1, 140]: loss: 1.809531
[1, 141]: loss: 1.809537
[1, 142]: loss: 1.811074
[1, 143]: loss: 1.813708
[1, 144]: loss: 1.813797
[1, 145]: loss: 1.813724
[1, 146]: loss: 1.810943
[1, 147]: loss: 1.812231
[1, 148]: loss: 1.811992
[1, 149]: loss: 1.810696
[1, 150]: loss: 1.810562
[1, 151]: loss: 1.810137
[1, 152]: loss: 1.810336
[1, 153]: loss: 1.810977
[1, 154]: loss: 1.809981
[1, 155]: loss: 1.810687
[1, 156]: loss: 1.811218
[1, 157]: loss: 1.810335
[1, 158]: loss: 1.810386
[1, 159]: loss: 1.810059
[1, 160]: loss: 1.811097
[1, 161]: loss: 1.810421
[1, 162]: loss: 1.812071
[1, 163]: loss: 1.809658
[1, 164]: loss: 1.809928
[1, 165]: loss: 1.812370
[1, 166]: loss: 1.811369
[1, 167]: loss: 1.811399
[1, 168]: loss: 1.813033
[1, 169]: loss: 1.813104
[1, 170]: loss: 1.813919
[1, 171]: loss: 1.814399
[1, 172]: loss: 1.814378
[1, 173]: loss: 1.814049
[1, 174]: loss: 1.813819
[1, 175]: loss: 1.813804
[1, 176]: loss: 1.811780
[1, 177]: loss: 1.810959
[1, 178]: loss: 1.810559
[1, 179]: loss: 1.810529
[1, 180]: loss: 1.812327
[1, 181]: loss: 1.812068
[1, 182]: loss: 1.812014
[1, 183]: loss: 1.811438
[1, 184]: loss: 1.810566
[1, 185]: loss: 1.811135
[1, 186]: loss: 1.810095
[1, 187]: loss: 1.810768
[1, 188]: loss: 1.810900
[1, 189]: loss: 1.809884
[1, 190]: loss: 1.810523
[1, 191]: loss: 1.810762
[1, 192]: loss: 1.812984
[1, 193]: loss: 1.812080
[1, 194]: loss: 1.812512
[1, 195]: loss: 1.812750
[1, 196]: loss: 1.812066
[1, 197]: loss: 1.811589
[1, 198]: loss: 1.811916
[1, 199]: loss: 1.811579
[1, 200]: loss: 1.813219
[1, 201]: loss: 1.812735
[1, 202]: loss: 1.813380
[1, 203]: loss: 1.813003
[1, 204]: loss: 1.812784
[1, 205]: loss: 1.811774
[1, 206]: loss: 1.812677
[1, 207]: loss: 1.813670
[1, 208]: loss: 1.813992
[1, 209]: loss: 1.815072
[1, 210]: loss: 1.815481
[1, 211]: loss: 1.815209
[1, 212]: loss: 1.814658
[1, 213]: loss: 1.813567
[1, 214]: loss: 1.813218
[1, 215]: loss: 1.812833
[1, 216]: loss: 1.812790
[1, 217]: loss: 1.812872
[1, 218]: loss: 1.815399
[1, 219]: loss: 1.815364
[1, 220]: loss: 1.814588
[1, 221]: loss: 1.814614
[1, 222]: loss: 1.815537
[1, 223]: loss: 1.814355
[1, 224]: loss: 1.814343
[1, 225]: loss: 1.813663
[1, 226]: loss: 1.813398
[1, 227]: loss: 1.813313
[1, 228]: loss: 1.813682
[1, 229]: loss: 1.812588
[1, 230]: loss: 1.812193
[1, 231]: loss: 1.812789
[1, 232]: loss: 1.812620
[1, 233]: loss: 1.812551
[1, 234]: loss: 1.813063
[1, 235]: loss: 1.812030
[1, 236]: loss: 1.811276
[1, 237]: loss: 1.810769
[1, 238]: loss: 1.811955
[1, 239]: loss: 1.812082
[1, 240]: loss: 1.812309
[1, 241]: loss: 1.811817
[1, 242]: loss: 1.811435
[1, 243]: loss: 1.812830
[1, 244]: loss: 1.812219
[1, 245]: loss: 1.811767
[1, 246]: loss: 1.812141
[1, 247]: loss: 1.812911
[1, 248]: loss: 1.814246
[1, 249]: loss: 1.813986
[1, 250]: loss: 1.814780
[1, 251]: loss: 1.815078
[1, 252]: loss: 1.814438
[1, 253]: loss: 1.814210
[1, 254]: loss: 1.816010
[1, 255]: loss: 1.816415
[1, 256]: loss: 1.815895
[1, 257]: loss: 1.815511
[1, 258]: loss: 1.815705
[1, 259]: loss: 1.816526
[1, 260]: loss: 1.815910
[1, 261]: loss: 1.815574
[1, 262]: loss: 1.815735
[1, 263]: loss: 1.816353
[1, 264]: loss: 1.816018
[1, 265]: loss: 1.815695
[1, 266]: loss: 1.814805
[1, 267]: loss: 1.814268
[1, 268]: loss: 1.814424
[1, 269]: loss: 1.813957
[1, 270]: loss: 1.814298
[1, 271]: loss: 1.813774
[1, 272]: loss: 1.813738
[1, 273]: loss: 1.815211
[1, 274]: loss: 1.817155
[1, 275]: loss: 1.818445
[1, 276]: loss: 1.819805
[1, 277]: loss: 1.820293
[1, 278]: loss: 1.819430
[1, 279]: loss: 1.818870
[1, 280]: loss: 1.819057
[1, 281]: loss: 1.818776
[1, 282]: loss: 1.819369
[1, 283]: loss: 1.820213
[1, 284]: loss: 1.820968
[1, 285]: loss: 1.822822
[1, 286]: loss: 1.822772
[1, 287]: loss: 1.821453
[1, 288]: loss: 1.820537
[1, 289]: loss: 1.820511
[1, 290]: loss: 1.820907
[1, 291]: loss: 1.821038
[1, 292]: loss: 1.820912
[1, 293]: loss: 1.821052
[1, 294]: loss: 1.821575
[1, 295]: loss: 1.821579
[1, 296]: loss: 1.820693
[1, 297]: loss: 1.821344
[1, 298]: loss: 1.821053
[1, 299]: loss: 1.820804
[1, 300]: loss: 1.821394
[1, 301]: loss: 1.820687
[1, 302]: loss: 1.820099
[1, 303]: loss: 1.819487
[1, 304]: loss: 1.820357
[1, 305]: loss: 1.820901
[1, 306]: loss: 1.821069
[1, 307]: loss: 1.819795
[1, 308]: loss: 1.820229
[1, 309]: loss: 1.819036
[1, 310]: loss: 1.819292
[1, 311]: loss: 1.819219
[1, 312]: loss: 1.819934
[1, 313]: loss: 1.819573
[1, 314]: loss: 1.820217
[1, 315]: loss: 1.819999
[1, 316]: loss: 1.820000
[1, 317]: loss: 1.820693
[1, 318]: loss: 1.821270
[1, 319]: loss: 1.821012
[1, 320]: loss: 1.822001
[1, 321]: loss: 1.821900
[1, 322]: loss: 1.821637
[1, 323]: loss: 1.821884
[1, 324]: loss: 1.820642
[1, 325]: loss: 1.820262
[1, 326]: loss: 1.820302
[1, 327]: loss: 1.820814
[1, 328]: loss: 1.821200
[1, 329]: loss: 1.820378
[1, 330]: loss: 1.820171
[1, 331]: loss: 1.819835
[1, 332]: loss: 1.820321
[1, 333]: loss: 1.820430
[1, 334]: loss: 1.820684
[1, 335]: loss: 1.820714
[1, 336]: loss: 1.820585
[1, 337]: loss: 1.819729
[1, 338]: loss: 1.819501
[1, 339]: loss: 1.819083
[1, 340]: loss: 1.818768
[1, 341]: loss: 1.818387
[1, 342]: loss: 1.818499
[1, 343]: loss: 1.818286
[1, 344]: loss: 1.818095
[1, 345]: loss: 1.818195
[1, 346]: loss: 1.817844
[1, 347]: loss: 1.818147
[1, 348]: loss: 1.817836
[1, 349]: loss: 1.818152
[1, 350]: loss: 1.817624
[1, 351]: loss: 1.818552
[1, 352]: loss: 1.818637
[1, 353]: loss: 1.818170
[1, 354]: loss: 1.818428
[1, 355]: loss: 1.818406
[1, 356]: loss: 1.818706
[1, 357]: loss: 1.818257
[1, 358]: loss: 1.817994
[1, 359]: loss: 1.818167
[1, 360]: loss: 1.817783
[1, 361]: loss: 1.817220
[1, 362]: loss: 1.817163
[1, 363]: loss: 1.816653
[1, 364]: loss: 1.816634
[1, 365]: loss: 1.816037
[1, 366]: loss: 1.816753
[1, 367]: loss: 1.815765
[1, 368]: loss: 1.816210
[1, 369]: loss: 1.816941
[1, 370]: loss: 1.816149
[1, 371]: loss: 1.815625
[1, 372]: loss: 1.814931
[1, 373]: loss: 1.814725
[1, 374]: loss: 1.814750
[1, 375]: loss: 1.815052
[1, 376]: loss: 1.815337
[1, 377]: loss: 1.815127
[1, 378]: loss: 1.815586
[1, 379]: loss: 1.815117
[1, 380]: loss: 1.815735
[1, 381]: loss: 1.815391
[1, 382]: loss: 1.815375
[1, 383]: loss: 1.815026
[1, 384]: loss: 1.814733
[1, 385]: loss: 1.814516
[1, 386]: loss: 1.814263
[1, 387]: loss: 1.814173
[1, 388]: loss: 1.814296
[1, 389]: loss: 1.814321
[1, 390]: loss: 1.814137
[1, 391]: loss: 1.813845
[1, 392]: loss: 1.813343
[1, 393]: loss: 1.812913
[1, 394]: loss: 1.813362
[1, 395]: loss: 1.813417
[1, 396]: loss: 1.814251
[1, 397]: loss: 1.814480
[1, 398]: loss: 1.814992
[1, 399]: loss: 1.816023
[1, 400]: loss: 1.816016
[1, 401]: loss: 1.816407
[1, 402]: loss: 1.817309
[1, 403]: loss: 1.817443
[1, 404]: loss: 1.818155
[1, 405]: loss: 1.817869
[1, 406]: loss: 1.817694
[1, 407]: loss: 1.817730
[1, 408]: loss: 1.816921
[1, 409]: loss: 1.816731
[1, 410]: loss: 1.816889
[1, 411]: loss: 1.817370
[1, 412]: loss: 1.816923
[1, 413]: loss: 1.816530
[1, 414]: loss: 1.816836
[1, 415]: loss: 1.816785
[1, 416]: loss: 1.816728
[1, 417]: loss: 1.816884
[1, 418]: loss: 1.816780
[1, 419]: loss: 1.816389
[1, 420]: loss: 1.816202
[1, 421]: loss: 1.815918
[1, 422]: loss: 1.816216
[1, 423]: loss: 1.816870
[1, 424]: loss: 1.816245
[1, 425]: loss: 1.815958
[1, 426]: loss: 1.815810
[1, 427]: loss: 1.815576
[1, 428]: loss: 1.815310
[1, 429]: loss: 1.815346
[1, 430]: loss: 1.814807
[1, 431]: loss: 1.814196
[1, 432]: loss: 1.813584
[1, 433]: loss: 1.814695
[1, 434]: loss: 1.814287
[1, 435]: loss: 1.814500
[1, 436]: loss: 1.814668
[1, 437]: loss: 1.814001
[1, 438]: loss: 1.813291
[1, 439]: loss: 1.813384
[1, 440]: loss: 1.813119
[1, 441]: loss: 1.812819
[1, 442]: loss: 1.812501
[1, 443]: loss: 1.812663
[1, 444]: loss: 1.812400
[1, 445]: loss: 1.812350
[1, 446]: loss: 1.811704
[1, 447]: loss: 1.811467
[1, 448]: loss: 1.811619
[1, 449]: loss: 1.811366
[1, 450]: loss: 1.811370
[1, 451]: loss: 1.810765
[1, 452]: loss: 1.811180
[1, 453]: loss: 1.810706
[1, 454]: loss: 1.810817
[1, 455]: loss: 1.810793
[1, 456]: loss: 1.810856
[1, 457]: loss: 1.810515
[1, 458]: loss: 1.810176
[1, 459]: loss: 1.809379
[1, 460]: loss: 1.808837
[1, 461]: loss: 1.808569
[1, 462]: loss: 1.808842
[1, 463]: loss: 1.808393
[1, 464]: loss: 1.808118
[1, 465]: loss: 1.808257
[1, 466]: loss: 1.808219
[1, 467]: loss: 1.807910
[1, 468]: loss: 1.807604
[1, 469]: loss: 1.807542
[1, 470]: loss: 1.807396
[1, 471]: loss: 1.807261
[1, 472]: loss: 1.807638
[1, 473]: loss: 1.806936
[1, 474]: loss: 1.806267
[1, 475]: loss: 1.805835
[1, 476]: loss: 1.806223
[1, 477]: loss: 1.807104
[1, 478]: loss: 1.807622
[1, 479]: loss: 1.807513
[1, 480]: loss: 1.807078
[1, 481]: loss: 1.807055
[1, 482]: loss: 1.807609
[1, 483]: loss: 1.807049
[1, 484]: loss: 1.806740
[1, 485]: loss: 1.806886
[1, 486]: loss: 1.806654
[1, 487]: loss: 1.806629
[1, 488]: loss: 1.807192
[1, 489]: loss: 1.807085
[1, 490]: loss: 1.807386
[1, 491]: loss: 1.807521
[1, 492]: loss: 1.807117
[1, 493]: loss: 1.806400
[1, 494]: loss: 1.805942
[1, 495]: loss: 1.805502
[1, 496]: loss: 1.804910
[1, 497]: loss: 1.804602
[1, 498]: loss: 1.803858
[1, 499]: loss: 1.804299
[1, 500]: loss: 1.803756
[1, 501]: loss: 1.803696
[1, 502]: loss: 1.804016
[1, 503]: loss: 1.804794
[1, 504]: loss: 1.804667
[1, 505]: loss: 1.804812
[1, 506]: loss: 1.804584
[1, 507]: loss: 1.805467
[1, 508]: loss: 1.805972
[1, 509]: loss: 1.806067
[1, 510]: loss: 1.806133
[1, 511]: loss: 1.805889
[1, 512]: loss: 1.806043
[1, 513]: loss: 1.805551
[1, 514]: loss: 1.805480
[1, 515]: loss: 1.806043
[1, 516]: loss: 1.805926
[1, 517]: loss: 1.805726
[1, 518]: loss: 1.805721
[1, 519]: loss: 1.805556
[1, 520]: loss: 1.805188
[1, 521]: loss: 1.805324
[1, 522]: loss: 1.804977
[1, 523]: loss: 1.805150
[1, 524]: loss: 1.805174
[1, 525]: loss: 1.805210
[1, 526]: loss: 1.805322
[1, 527]: loss: 1.805257
[1, 528]: loss: 1.805017
[1, 529]: loss: 1.804044
[1, 530]: loss: 1.803432
[1, 531]: loss: 1.803550
[1, 532]: loss: 1.803413
[1, 533]: loss: 1.802863
[1, 534]: loss: 1.802847
[1, 535]: loss: 1.802640
[1, 536]: loss: 1.802572
[1, 537]: loss: 1.802121
[1, 538]: loss: 1.801509
[1, 539]: loss: 1.801690
[1, 540]: loss: 1.801172
[1, 541]: loss: 1.800776
[1, 542]: loss: 1.800469
[1, 543]: loss: 1.800197
[1, 544]: loss: 1.799860
[1, 545]: loss: 1.799479
[1, 546]: loss: 1.798675
[1, 547]: loss: 1.798125
[1, 548]: loss: 1.798114
[1, 549]: loss: 1.798417
[1, 550]: loss: 1.798118
[1, 551]: loss: 1.797905
[1, 552]: loss: 1.797880
[1, 553]: loss: 1.797846
[1, 554]: loss: 1.798085
[1, 555]: loss: 1.798427
[1, 556]: loss: 1.798589
[1, 557]: loss: 1.797719
[1, 558]: loss: 1.797853
[1, 559]: loss: 1.797934
[1, 560]: loss: 1.797598
[1, 561]: loss: 1.798145
[1, 562]: loss: 1.797735
[1, 563]: loss: 1.797948
[1, 564]: loss: 1.798148
[1, 565]: loss: 1.798413
[1, 566]: loss: 1.798220
[1, 567]: loss: 1.798073
[1, 568]: loss: 1.798186
[1, 569]: loss: 1.798401
[1, 570]: loss: 1.799147
[1, 571]: loss: 1.798653
[1, 572]: loss: 1.798679
[1, 573]: loss: 1.797795
[1, 574]: loss: 1.797967
[1, 575]: loss: 1.797784
[1, 576]: loss: 1.797262
[1, 577]: loss: 1.796730
[1, 578]: loss: 1.796718
[1, 579]: loss: 1.796425
[1, 580]: loss: 1.796478
[1, 581]: loss: 1.796369
[1, 582]: loss: 1.795744
[1, 583]: loss: 1.795940
[1, 584]: loss: 1.795746
[1, 585]: loss: 1.795456
[1, 586]: loss: 1.795308
[1, 587]: loss: 1.795398
[1, 588]: loss: 1.795116
[1, 589]: loss: 1.795149
[1, 590]: loss: 1.794682
[1, 591]: loss: 1.794355
[1, 592]: loss: 1.794350
[1, 593]: loss: 1.794358
[1, 594]: loss: 1.793669
[1, 595]: loss: 1.793394
[1, 596]: loss: 1.793477
[1, 597]: loss: 1.793391
[1, 598]: loss: 1.793119
[1, 599]: loss: 1.792617
[1, 600]: loss: 1.792113
[1, 601]: loss: 1.792193
[1, 602]: loss: 1.792370
[1, 603]: loss: 1.791879
[1, 604]: loss: 1.791820
[1, 605]: loss: 1.791031
[1, 606]: loss: 1.790986
[1, 607]: loss: 1.790808
[1, 608]: loss: 1.791666
[1, 609]: loss: 1.791518
[1, 610]: loss: 1.791821
[1, 611]: loss: 1.791735
[1, 612]: loss: 1.791378
[1, 613]: loss: 1.791252
[1, 614]: loss: 1.790986
[1, 615]: loss: 1.791188
[1, 616]: loss: 1.791177
[1, 617]: loss: 1.791141
[1, 618]: loss: 1.790955
[1, 619]: loss: 1.791042
[1, 620]: loss: 1.790815
[1, 621]: loss: 1.790514
[1, 622]: loss: 1.790170
[1, 623]: loss: 1.789906
[1, 624]: loss: 1.789578
[1, 625]: loss: 1.789833
[1, 626]: loss: 1.789907
[1, 627]: loss: 1.790022
[1, 628]: loss: 1.790222
[1, 629]: loss: 1.790197
[1, 630]: loss: 1.790188
[1, 631]: loss: 1.789769
[1, 632]: loss: 1.790028
[1, 633]: loss: 1.789788
[1, 634]: loss: 1.789789
[1, 635]: loss: 1.789515
[1, 636]: loss: 1.789129
[1, 637]: loss: 1.788980
[1, 638]: loss: 1.788877
[1, 639]: loss: 1.788481
[1, 640]: loss: 1.788422
[1, 641]: loss: 1.788201
[1, 642]: loss: 1.787797
[1, 643]: loss: 1.787565
[1, 644]: loss: 1.787242
[1, 645]: loss: 1.787149
[1, 646]: loss: 1.786852
[1, 647]: loss: 1.786374
[1, 648]: loss: 1.785781
[1, 649]: loss: 1.785592
[1, 650]: loss: 1.785115
[1, 651]: loss: 1.785186
[1, 652]: loss: 1.785602
[1, 653]: loss: 1.785455
[1, 654]: loss: 1.785024
[1, 655]: loss: 1.785301
[1, 656]: loss: 1.785190
[1, 657]: loss: 1.785157
[1, 658]: loss: 1.785381
[1, 659]: loss: 1.785392
[1, 660]: loss: 1.785249
[1, 661]: loss: 1.784988
[1, 662]: loss: 1.784983
[1, 663]: loss: 1.784972
[1, 664]: loss: 1.784703
[1, 665]: loss: 1.784580
[1, 666]: loss: 1.784530
[1, 667]: loss: 1.783815
[1, 668]: loss: 1.783741
[1, 669]: loss: 1.783921
[1, 670]: loss: 1.783853
[1, 671]: loss: 1.783751
[1, 672]: loss: 1.783719
[1, 673]: loss: 1.783568
[1, 674]: loss: 1.783456
[1, 675]: loss: 1.783388
[1, 676]: loss: 1.782977
[1, 677]: loss: 1.782581
[1, 678]: loss: 1.782509
[1, 679]: loss: 1.783123
[1, 680]: loss: 1.782582
[1, 681]: loss: 1.782332
[1, 682]: loss: 1.782503
[1, 683]: loss: 1.782398
[1, 684]: loss: 1.782161
[1, 685]: loss: 1.781530
[1, 686]: loss: 1.781838
[1, 687]: loss: 1.782008
[1, 688]: loss: 1.781941
[1, 689]: loss: 1.782088
[1, 690]: loss: 1.782053
[1, 691]: loss: 1.781894
[1, 692]: loss: 1.781944
[1, 693]: loss: 1.781655
[1, 694]: loss: 1.781437
[1, 695]: loss: 1.781015
[1, 696]: loss: 1.780742
[1, 697]: loss: 1.780465
[1, 698]: loss: 1.780689
[1, 699]: loss: 1.780840
[1, 700]: loss: 1.781415
[1, 701]: loss: 1.781435
[1, 702]: loss: 1.781344
[1, 703]: loss: 1.781287
[1, 704]: loss: 1.781331
[1, 705]: loss: 1.780872
[1, 706]: loss: 1.780653
[1, 707]: loss: 1.780619
[1, 708]: loss: 1.780741
[1, 709]: loss: 1.780346
[1, 710]: loss: 1.780101
[1, 711]: loss: 1.779934
[1, 712]: loss: 1.779663
[1, 713]: loss: 1.779493
[1, 714]: loss: 1.779131
[1, 715]: loss: 1.779053
[1, 716]: loss: 1.778487
[1, 717]: loss: 1.778538
[1, 718]: loss: 1.778753
[1, 719]: loss: 1.778336
[1, 720]: loss: 1.778001
[1, 721]: loss: 1.777819
[1, 722]: loss: 1.777527
[1, 723]: loss: 1.777738
[1, 724]: loss: 1.777661
[1, 725]: loss: 1.777586
[1, 726]: loss: 1.777455
[1, 727]: loss: 1.777509
[1, 728]: loss: 1.777402
[1, 729]: loss: 1.776987
[1, 730]: loss: 1.777037
[1, 731]: loss: 1.776693
[1, 732]: loss: 1.776486
[1, 733]: loss: 1.776554
[1, 734]: loss: 1.776408
[1, 735]: loss: 1.776192
[1, 736]: loss: 1.776344
[1, 737]: loss: 1.776079
[1, 738]: loss: 1.775969
[1, 739]: loss: 1.776012
[1, 740]: loss: 1.776577
[1, 741]: loss: 1.776295
[1, 742]: loss: 1.777053
[1, 743]: loss: 1.777153
[1, 744]: loss: 1.776730
[1, 745]: loss: 1.776418
[1, 746]: loss: 1.775907
[1, 747]: loss: 1.776144
[1, 748]: loss: 1.776236
[1, 749]: loss: 1.776210
[1, 750]: loss: 1.776195
[1, 751]: loss: 1.776137
[1, 752]: loss: 1.776125
[1, 753]: loss: 1.776386
[1, 754]: loss: 1.776057
[1, 755]: loss: 1.775894
[1, 756]: loss: 1.775728
[1, 757]: loss: 1.775943
[1, 758]: loss: 1.776169
[1, 759]: loss: 1.775596
[1, 760]: loss: 1.775293
[1, 761]: loss: 1.775223
[1, 762]: loss: 1.775122
[1, 763]: loss: 1.775282
[1, 764]: loss: 1.775398
[1, 765]: loss: 1.775155
[1, 766]: loss: 1.775520
[1, 767]: loss: 1.775441
[1, 768]: loss: 1.775014
[1, 769]: loss: 1.774872
[1, 770]: loss: 1.774715
[1, 771]: loss: 1.774758
[1, 772]: loss: 1.774655
[1, 773]: loss: 1.774449
[1, 774]: loss: 1.774570
[1, 775]: loss: 1.774188
[1, 776]: loss: 1.773863
[1, 777]: loss: 1.773627
[1, 778]: loss: 1.773699
[1, 779]: loss: 1.773638
[1, 780]: loss: 1.773590
[1, 781]: loss: 1.773561
[1, 782]: loss: 1.773264
[1, 783]: loss: 1.773253
[1, 784]: loss: 1.773245
[1, 785]: loss: 1.773101
[1, 786]: loss: 1.773151
[1, 787]: loss: 1.773078
[1, 788]: loss: 1.773030
[1, 789]: loss: 1.773014
[1, 790]: loss: 1.773584
[1, 791]: loss: 1.773204
[1, 792]: loss: 1.772803
[1, 793]: loss: 1.772250
[1, 794]: loss: 1.772181
[1, 795]: loss: 1.771956
[1, 796]: loss: 1.771721
[1, 797]: loss: 1.771434
[1, 798]: loss: 1.771202
[1, 799]: loss: 1.771103
[1, 800]: loss: 1.770858
[1, 801]: loss: 1.770646
[1, 802]: loss: 1.770398
[1, 803]: loss: 1.770510
[1, 804]: loss: 1.770966
[1, 805]: loss: 1.770929
[1, 806]: loss: 1.771097
[1, 807]: loss: 1.771387
[1, 808]: loss: 1.771214
[1, 809]: loss: 1.771368
[1, 810]: loss: 1.771165
[1, 811]: loss: 1.770943
[1, 812]: loss: 1.770392
[1, 813]: loss: 1.770253
[1, 814]: loss: 1.770331
[1, 815]: loss: 1.769964
[1, 816]: loss: 1.769974
[1, 817]: loss: 1.769544
[1, 818]: loss: 1.769382
[1, 819]: loss: 1.769086
[1, 820]: loss: 1.768905
[1, 821]: loss: 1.768926
[1, 822]: loss: 1.768960
[1, 823]: loss: 1.768880
[1, 824]: loss: 1.769034
[1, 825]: loss: 1.768852
[1, 826]: loss: 1.769007
[1, 827]: loss: 1.768969
[1, 828]: loss: 1.768753
[1, 829]: loss: 1.768983
[1, 830]: loss: 1.768945
[1, 831]: loss: 1.768879
[1, 832]: loss: 1.768676
[1, 833]: loss: 1.768580
[1, 834]: loss: 1.768370
[1, 835]: loss: 1.768335
[1, 836]: loss: 1.768389
[1, 837]: loss: 1.768344
[1, 838]: loss: 1.768484
[1, 839]: loss: 1.768496
[1, 840]: loss: 1.768459
[1, 841]: loss: 1.768502
[1, 842]: loss: 1.768080
[1, 843]: loss: 1.767734
[1, 844]: loss: 1.767804
[1, 845]: loss: 1.767847
[1, 846]: loss: 1.767681
[1, 847]: loss: 1.767728
[1, 848]: loss: 1.767820
[1, 849]: loss: 1.767383
[1, 850]: loss: 1.767604
[1, 851]: loss: 1.767471
[1, 852]: loss: 1.767451
[1, 853]: loss: 1.767464
[1, 854]: loss: 1.767321
[1, 855]: loss: 1.767239
[1, 856]: loss: 1.767220
[1, 857]: loss: 1.767353
[1, 858]: loss: 1.767499
[1, 859]: loss: 1.768018
[1, 860]: loss: 1.767651
[1, 861]: loss: 1.767607
[1, 862]: loss: 1.767519
[1, 863]: loss: 1.767462
[1, 864]: loss: 1.767430
[1, 865]: loss: 1.767703
[1, 866]: loss: 1.767806
[1, 867]: loss: 1.768070
[1, 868]: loss: 1.767945
[1, 869]: loss: 1.767695
[1, 870]: loss: 1.767658
[1, 871]: loss: 1.767281
[1, 872]: loss: 1.767053
[1, 873]: loss: 1.766967
[1, 874]: loss: 1.767006
[1, 875]: loss: 1.767226
[1, 876]: loss: 1.767031
[1, 877]: loss: 1.767080
[1, 878]: loss: 1.766712
[1, 879]: loss: 1.766809
[1, 880]: loss: 1.766866
[1, 881]: loss: 1.766628
[1, 882]: loss: 1.766751
[1, 883]: loss: 1.766422
[1, 884]: loss: 1.766413
[1, 885]: loss: 1.766426
[1, 886]: loss: 1.766292
[1, 887]: loss: 1.766311
[1, 888]: loss: 1.766028
[1, 889]: loss: 1.765850
[1, 890]: loss: 1.765703
[1, 891]: loss: 1.765683
[1, 892]: loss: 1.765633
[1, 893]: loss: 1.765341
[1, 894]: loss: 1.765736
[1, 895]: loss: 1.765730
[1, 896]: loss: 1.765677
[1, 897]: loss: 1.765559
[1, 898]: loss: 1.765782
[1, 899]: loss: 1.766111
[1, 900]: loss: 1.765774
[1, 901]: loss: 1.765578
[1, 902]: loss: 1.765713
[1, 903]: loss: 1.765810
[1, 904]: loss: 1.765841
[1, 905]: loss: 1.765651
[1, 906]: loss: 1.765201
[1, 907]: loss: 1.765103
[1, 908]: loss: 1.764977
[1, 909]: loss: 1.764829
[1, 910]: loss: 1.765125
[1, 911]: loss: 1.764977
[1, 912]: loss: 1.764780
[1, 913]: loss: 1.764681
[1, 914]: loss: 1.764290
[1, 915]: loss: 1.764028
[1, 916]: loss: 1.763821
[1, 917]: loss: 1.763540
[1, 918]: loss: 1.763325
[1, 919]: loss: 1.763220
[1, 920]: loss: 1.762921
[1, 921]: loss: 1.762552
[1, 922]: loss: 1.762597
[1, 923]: loss: 1.762202
[1, 924]: loss: 1.762079
[1, 925]: loss: 1.761990
[1, 926]: loss: 1.761559
[1, 927]: loss: 1.761471
[1, 928]: loss: 1.761642
[1, 929]: loss: 1.761868
[1, 930]: loss: 1.761780
[1, 931]: loss: 1.761866
[1, 932]: loss: 1.762059
[1, 933]: loss: 1.761659
[1, 934]: loss: 1.761871
[1, 935]: loss: 1.762069
[1, 936]: loss: 1.762668
[1, 937]: loss: 1.762390
[1, 938]: loss: 1.762479
[1, 939]: loss: 1.762170
[1, 940]: loss: 1.762118
[1, 941]: loss: 1.761734
[1, 942]: loss: 1.761732
[1, 943]: loss: 1.761728
[1, 944]: loss: 1.761659
[1, 945]: loss: 1.761515
[1, 946]: loss: 1.761485
[1, 947]: loss: 1.761249
[1, 948]: loss: 1.761378
[1, 949]: loss: 1.761961
[1, 950]: loss: 1.762147
[1, 951]: loss: 1.762209
[1, 952]: loss: 1.761912
[1, 953]: loss: 1.761992
[1, 954]: loss: 1.761537
[1, 955]: loss: 1.761260
[1, 956]: loss: 1.760938
[1, 957]: loss: 1.760894
[1, 958]: loss: 1.760759
[1, 959]: loss: 1.760674
[1, 960]: loss: 1.760633
[1, 961]: loss: 1.760570
[1, 962]: loss: 1.760715
[1, 963]: loss: 1.760624
[1, 964]: loss: 1.760461
[1, 965]: loss: 1.760461
[1, 966]: loss: 1.760459
[1, 967]: loss: 1.760252
[1, 968]: loss: 1.760213
[1, 969]: loss: 1.760297
[1, 970]: loss: 1.760417
[1, 971]: loss: 1.760361
[1, 972]: loss: 1.760269
[1, 973]: loss: 1.760151
[1, 974]: loss: 1.760158
[1, 975]: loss: 1.760018
[1, 976]: loss: 1.759694
[1, 977]: loss: 1.759487
[1, 978]: loss: 1.759130
[1, 979]: loss: 1.759108
[1, 980]: loss: 1.758875
[1, 981]: loss: 1.759059
[1, 982]: loss: 1.758872
[1, 983]: loss: 1.758816
[1, 984]: loss: 1.758716
[1, 985]: loss: 1.758974
[1, 986]: loss: 1.758704
[1, 987]: loss: 1.758622
[1, 988]: loss: 1.758587
[1, 989]: loss: 1.758367
[1, 990]: loss: 1.758057
[1, 991]: loss: 1.758056
[1, 992]: loss: 1.757846
[1, 993]: loss: 1.757768
[1, 994]: loss: 1.757740
[1, 995]: loss: 1.757486
[1, 996]: loss: 1.757057
[1, 997]: loss: 1.756755
[1, 998]: loss: 1.756724
[1, 999]: loss: 1.756752
[1, 1000]: loss: 1.756298
[1, 1001]: loss: 1.756230
[1, 1002]: loss: 1.756163
[1, 1003]: loss: 1.756002
[1, 1004]: loss: 1.755887
[1, 1005]: loss: 1.755675
[1, 1006]: loss: 1.755649
[1, 1007]: loss: 1.755675
[1, 1008]: loss: 1.755198
[1, 1009]: loss: 1.755062
[1, 1010]: loss: 1.755059
[1, 1011]: loss: 1.755159
[1, 1012]: loss: 1.755064
[1, 1013]: loss: 1.754746
[1, 1014]: loss: 1.754589
[1, 1015]: loss: 1.754621
[1, 1016]: loss: 1.754519
[1, 1017]: loss: 1.754493
[1, 1018]: loss: 1.754445
[1, 1019]: loss: 1.754323
[1, 1020]: loss: 1.754076
[1, 1021]: loss: 1.753523
[1, 1022]: loss: 1.753510
[1, 1023]: loss: 1.753057
[1, 1024]: loss: 1.752896
[1, 1025]: loss: 1.753137
[1, 1026]: loss: 1.753276
[1, 1027]: loss: 1.753034
[1, 1028]: loss: 1.753224
[1, 1029]: loss: 1.753362
[1, 1030]: loss: 1.753350
[1, 1031]: loss: 1.753307
[1, 1032]: loss: 1.753235
[1, 1033]: loss: 1.753205
[1, 1034]: loss: 1.753140
[1, 1035]: loss: 1.753164
[1, 1036]: loss: 1.753005
[1, 1037]: loss: 1.753133
[1, 1038]: loss: 1.753069
[1, 1039]: loss: 1.752705
[1, 1040]: loss: 1.752972
[1, 1041]: loss: 1.752891
[1, 1042]: loss: 1.752827
[1, 1043]: loss: 1.752595
[1, 1044]: loss: 1.752575
[1, 1045]: loss: 1.752613
[1, 1046]: loss: 1.752581
[1, 1047]: loss: 1.752540
[1, 1048]: loss: 1.752319
[1, 1049]: loss: 1.752091
[1, 1050]: loss: 1.751961
[1, 1051]: loss: 1.751847
[1, 1052]: loss: 1.751933
[1, 1053]: loss: 1.751853
[1, 1054]: loss: 1.751705
[1, 1055]: loss: 1.751522
[1, 1056]: loss: 1.751375
[1, 1057]: loss: 1.751624
[1, 1058]: loss: 1.751586
[1, 1059]: loss: 1.751446
[1, 1060]: loss: 1.751620
[1, 1061]: loss: 1.751841
[1, 1062]: loss: 1.751730
[1, 1063]: loss: 1.751641
[1, 1064]: loss: 1.751309
[1, 1065]: loss: 1.751341
[1, 1066]: loss: 1.751196
[1, 1067]: loss: 1.751200
[1, 1068]: loss: 1.751006
[1, 1069]: loss: 1.751155
[1, 1070]: loss: 1.751039
[1, 1071]: loss: 1.750998
[1, 1072]: loss: 1.750904
[1, 1073]: loss: 1.750769
[1, 1074]: loss: 1.750876
[1, 1075]: loss: 1.751058
[1, 1076]: loss: 1.750989
[1, 1077]: loss: 1.750927
[1, 1078]: loss: 1.750840
[1, 1079]: loss: 1.750835
[1, 1080]: loss: 1.750893
[1, 1081]: loss: 1.750675
[1, 1082]: loss: 1.750576
[1, 1083]: loss: 1.750628
[1, 1084]: loss: 1.750687
[1, 1085]: loss: 1.750643
[1, 1086]: loss: 1.750810
[1, 1087]: loss: 1.750956
[1, 1088]: loss: 1.750976
[1, 1089]: loss: 1.750712
[1, 1090]: loss: 1.750677
[1, 1091]: loss: 1.750953
[1, 1092]: loss: 1.750960
[1, 1093]: loss: 1.750744
[1, 1094]: loss: 1.750642
[1, 1095]: loss: 1.750577
[1, 1096]: loss: 1.750600
[1, 1097]: loss: 1.750712
[1, 1098]: loss: 1.750566
[1, 1099]: loss: 1.750473
[1, 1100]: loss: 1.750449
[1, 1101]: loss: 1.750232
[1, 1102]: loss: 1.750222
[1, 1103]: loss: 1.750094
[1, 1104]: loss: 1.750149
[1, 1105]: loss: 1.750169
[1, 1106]: loss: 1.750126
[1, 1107]: loss: 1.750034
[1, 1108]: loss: 1.750126
[1, 1109]: loss: 1.750318
[1, 1110]: loss: 1.750557
[1, 1111]: loss: 1.750551
[1, 1112]: loss: 1.750302
[1, 1113]: loss: 1.750301
[1, 1114]: loss: 1.750300
[1, 1115]: loss: 1.750255
[1, 1116]: loss: 1.750113
[1, 1117]: loss: 1.750046
[1, 1118]: loss: 1.749999
[1, 1119]: loss: 1.749753
[1, 1120]: loss: 1.749757
[1, 1121]: loss: 1.749597
[1, 1122]: loss: 1.749455
[1, 1123]: loss: 1.749594
[1, 1124]: loss: 1.749629
[1, 1125]: loss: 1.749711
[1, 1126]: loss: 1.749841
[1, 1127]: loss: 1.749959
[1, 1128]: loss: 1.749536
[1, 1129]: loss: 1.749609
[1, 1130]: loss: 1.749458
[1, 1131]: loss: 1.749648
[1, 1132]: loss: 1.749438
[1, 1133]: loss: 1.749538
[1, 1134]: loss: 1.749569
[1, 1135]: loss: 1.749886
[1, 1136]: loss: 1.749846
[1, 1137]: loss: 1.749869
[1, 1138]: loss: 1.749830
[1, 1139]: loss: 1.749903
[1, 1140]: loss: 1.749826
[1, 1141]: loss: 1.749696
[1, 1142]: loss: 1.749384
[1, 1143]: loss: 1.749349
[1, 1144]: loss: 1.749316
[1, 1145]: loss: 1.749192
[1, 1146]: loss: 1.749082
[1, 1147]: loss: 1.748935
[1, 1148]: loss: 1.748811
[1, 1149]: loss: 1.748834
[1, 1150]: loss: 1.748700
[1, 1151]: loss: 1.748628
[1, 1152]: loss: 1.748416
[1, 1153]: loss: 1.748354
[1, 1154]: loss: 1.748264
[1, 1155]: loss: 1.748253
[1, 1156]: loss: 1.748146
[1, 1157]: loss: 1.748055
[1, 1158]: loss: 1.748009
[1, 1159]: loss: 1.747888
[1, 1160]: loss: 1.747942
[1, 1161]: loss: 1.747691
[1, 1162]: loss: 1.747693
[1, 1163]: loss: 1.747606
[1, 1164]: loss: 1.747200
[1, 1165]: loss: 1.747070
[1, 1166]: loss: 1.746982
[1, 1167]: loss: 1.746883
[1, 1168]: loss: 1.746914
[1, 1169]: loss: 1.746739
[1, 1170]: loss: 1.746738
[1, 1171]: loss: 1.746858
[1, 1172]: loss: 1.746527
[1, 1173]: loss: 1.746281
[1, 1174]: loss: 1.746403
[1, 1175]: loss: 1.746398
[1, 1176]: loss: 1.746554
[1, 1177]: loss: 1.746456
[1, 1178]: loss: 1.746566
[1, 1179]: loss: 1.746802
[1, 1180]: loss: 1.746964
[1, 1181]: loss: 1.746825
[1, 1182]: loss: 1.746770
[1, 1183]: loss: 1.747046
[1, 1184]: loss: 1.746758
[1, 1185]: loss: 1.746708
[1, 1186]: loss: 1.746609
[1, 1187]: loss: 1.746585
[1, 1188]: loss: 1.746529
[1, 1189]: loss: 1.746514
[1, 1190]: loss: 1.746176
[1, 1191]: loss: 1.746162
[1, 1192]: loss: 1.746081
[1, 1193]: loss: 1.746028
[1, 1194]: loss: 1.745812
[1, 1195]: loss: 1.745592
[1, 1196]: loss: 1.745482
[1, 1197]: loss: 1.745342
[1, 1198]: loss: 1.745058
[1, 1199]: loss: 1.745050
[1, 1200]: loss: 1.744863
[1, 1201]: loss: 1.744592
[1, 1202]: loss: 1.744774
[1, 1203]: loss: 1.744490
[1, 1204]: loss: 1.744819
[1, 1205]: loss: 1.744972
[1, 1206]: loss: 1.745104
[1, 1207]: loss: 1.744841
[1, 1208]: loss: 1.745027
[1, 1209]: loss: 1.744724
[1, 1210]: loss: 1.744539
[1, 1211]: loss: 1.744625
[1, 1212]: loss: 1.744322
[1, 1213]: loss: 1.744104
[1, 1214]: loss: 1.743957
[1, 1215]: loss: 1.744019
[1, 1216]: loss: 1.743703
[1, 1217]: loss: 1.743350
[1, 1218]: loss: 1.743302
[1, 1219]: loss: 1.743322
[1, 1220]: loss: 1.743452
[1, 1221]: loss: 1.743577
[1, 1222]: loss: 1.743241
[1, 1223]: loss: 1.743058
[1, 1224]: loss: 1.742893
[1, 1225]: loss: 1.742873
[1, 1226]: loss: 1.742798
[1, 1227]: loss: 1.742805
[1, 1228]: loss: 1.742779
[1, 1229]: loss: 1.742527
[1, 1230]: loss: 1.742244
[1, 1231]: loss: 1.742228
[1, 1232]: loss: 1.741932
[1, 1233]: loss: 1.741716
[1, 1234]: loss: 1.741622
[1, 1235]: loss: 1.741378
[1, 1236]: loss: 1.741551
[1, 1237]: loss: 1.741665
[1, 1238]: loss: 1.741421
[1, 1239]: loss: 1.741255
[1, 1240]: loss: 1.741132
[1, 1241]: loss: 1.741012
[1, 1242]: loss: 1.740932
[1, 1243]: loss: 1.740990
[1, 1244]: loss: 1.741064
[1, 1245]: loss: 1.740674
[1, 1246]: loss: 1.740668
[1, 1247]: loss: 1.740531
[1, 1248]: loss: 1.740593
[1, 1249]: loss: 1.740788
