[0,   100]: loss: 2.504
[0,   200]: loss: 2.354
[0,   300]: loss: 2.347
[0,   400]: loss: 2.208
[0,   500]: loss: 2.148
[0,   600]: loss: 2.150
[0,   700]: loss: 2.046
[0,   800]: loss: 2.061
[0,   900]: loss: 1.986
[0,  1000]: loss: 1.999
[0,  1100]: loss: 1.970
[0,  1200]: loss: 1.916
[1,   100]: loss: 1.830
[1,   200]: loss: 1.814
[1,   300]: loss: 1.838
[1,   400]: loss: 1.800
[1,   500]: loss: 1.755
[1,   600]: loss: 1.734
[1,   700]: loss: 1.717
[1,   800]: loss: 1.697
[1,   900]: loss: 1.725
[1,  1000]: loss: 1.671
[1,  1100]: loss: 1.692
[1,  1200]: loss: 1.683
