[0, 0]: loss: 2.707024
[0, 1]: loss: 2.654460
[0, 2]: loss: 2.559679
[0, 3]: loss: 2.594034
[0, 4]: loss: 2.570599
[0, 5]: loss: 2.564888
[0, 6]: loss: 2.560395
[0, 7]: loss: 2.563831
[0, 8]: loss: 2.548512
[0, 9]: loss: 2.561094
[0, 10]: loss: 2.542238
[0, 11]: loss: 2.515748
[0, 12]: loss: 2.524902
[0, 13]: loss: 2.529751
[0, 14]: loss: 2.524659
[0, 15]: loss: 2.531373
[0, 16]: loss: 2.529111
[0, 17]: loss: 2.529378
[0, 18]: loss: 2.530304
[0, 19]: loss: 2.531901
[0, 20]: loss: 2.535868
[0, 21]: loss: 2.535889
[0, 22]: loss: 2.532613
[0, 23]: loss: 2.522952
[0, 24]: loss: 2.517636
[0, 25]: loss: 2.517832
[0, 26]: loss: 2.523081
[0, 27]: loss: 2.526841
[0, 28]: loss: 2.523855
[0, 29]: loss: 2.521266
[0, 30]: loss: 2.516140
[0, 31]: loss: 2.515408
[0, 32]: loss: 2.516567
[0, 33]: loss: 2.514468
[0, 34]: loss: 2.512077
[0, 35]: loss: 2.512087
[0, 36]: loss: 2.513329
[0, 37]: loss: 2.510009
[0, 38]: loss: 2.509204
[0, 39]: loss: 2.505779
[0, 40]: loss: 2.507514
[0, 41]: loss: 2.508527
[0, 42]: loss: 2.507838
[0, 43]: loss: 2.511249
[0, 44]: loss: 2.504475
[0, 45]: loss: 2.504120
[0, 46]: loss: 2.504391
[0, 47]: loss: 2.501150
[0, 48]: loss: 2.501523
[0, 49]: loss: 2.496368
[0, 50]: loss: 2.497321
[0, 51]: loss: 2.496076
[0, 52]: loss: 2.499590
[0, 53]: loss: 2.498688
[0, 54]: loss: 2.497993
[0, 55]: loss: 2.495303
[0, 56]: loss: 2.494845
[0, 57]: loss: 2.492231
[0, 58]: loss: 2.497731
[0, 59]: loss: 2.499133
[0, 60]: loss: 2.494056
[0, 61]: loss: 2.491112
[0, 62]: loss: 2.489883
[0, 63]: loss: 2.488737
[0, 64]: loss: 2.487887
[0, 65]: loss: 2.485792
[0, 66]: loss: 2.486177
[0, 67]: loss: 2.484525
[0, 68]: loss: 2.486293
[0, 69]: loss: 2.480490
[0, 70]: loss: 2.478941
[0, 71]: loss: 2.479353
[0, 72]: loss: 2.477572
[0, 73]: loss: 2.478540
[0, 74]: loss: 2.478546
[0, 75]: loss: 2.476540
[0, 76]: loss: 2.475444
[0, 77]: loss: 2.472783
[0, 78]: loss: 2.471080
[0, 79]: loss: 2.467311
[0, 80]: loss: 2.467133
[0, 81]: loss: 2.470438
[0, 82]: loss: 2.469860
[0, 83]: loss: 2.469951
[0, 84]: loss: 2.470202
[0, 85]: loss: 2.469019
[0, 86]: loss: 2.467397
[0, 87]: loss: 2.465683
[0, 88]: loss: 2.464236
[0, 89]: loss: 2.463113
[0, 90]: loss: 2.461334
[0, 91]: loss: 2.461339
[0, 92]: loss: 2.461059
[0, 93]: loss: 2.463174
[0, 94]: loss: 2.463319
[0, 95]: loss: 2.462618
[0, 96]: loss: 2.463951
[0, 97]: loss: 2.465325
[0, 98]: loss: 2.464703
[0, 99]: loss: 2.461905
[0, 100]: loss: 2.459329
[0, 101]: loss: 2.459318
[0, 102]: loss: 2.459477
[0, 103]: loss: 2.459081
[0, 104]: loss: 2.458851
[0, 105]: loss: 2.456978
[0, 106]: loss: 2.455846
[0, 107]: loss: 2.456007
[0, 108]: loss: 2.456072
[0, 109]: loss: 2.456709
[0, 110]: loss: 2.458027
[0, 111]: loss: 2.456885
[0, 112]: loss: 2.457774
[0, 113]: loss: 2.458471
[0, 114]: loss: 2.457236
[0, 115]: loss: 2.455259
[0, 116]: loss: 2.454238
[0, 117]: loss: 2.453471
[0, 118]: loss: 2.453369
[0, 119]: loss: 2.452773
[0, 120]: loss: 2.452551
[0, 121]: loss: 2.451327
[0, 122]: loss: 2.451015
[0, 123]: loss: 2.450050
[0, 124]: loss: 2.450394
[0, 125]: loss: 2.450552
[0, 126]: loss: 2.450628
[0, 127]: loss: 2.449568
[0, 128]: loss: 2.448745
[0, 129]: loss: 2.446774
[0, 130]: loss: 2.446447
[0, 131]: loss: 2.446381
[0, 132]: loss: 2.446019
[0, 133]: loss: 2.443931
[0, 134]: loss: 2.443705
[0, 135]: loss: 2.442995
[0, 136]: loss: 2.443270
[0, 137]: loss: 2.441527
[0, 138]: loss: 2.440932
[0, 139]: loss: 2.440373
[0, 140]: loss: 2.440986
[0, 141]: loss: 2.441177
[0, 142]: loss: 2.439348
[0, 143]: loss: 2.439477
[0, 144]: loss: 2.438388
[0, 145]: loss: 2.438110
[0, 146]: loss: 2.437607
[0, 147]: loss: 2.436728
[0, 148]: loss: 2.436146
[0, 149]: loss: 2.436944
[0, 150]: loss: 2.436690
[0, 151]: loss: 2.435487
[0, 152]: loss: 2.437123
[0, 153]: loss: 2.437023
[0, 154]: loss: 2.436663
[0, 155]: loss: 2.437104
[0, 156]: loss: 2.436557
[0, 157]: loss: 2.436463
[0, 158]: loss: 2.435014
[0, 159]: loss: 2.433973
[0, 160]: loss: 2.433946
[0, 161]: loss: 2.433431
[0, 162]: loss: 2.433673
[0, 163]: loss: 2.433134
[0, 164]: loss: 2.432458
[0, 165]: loss: 2.432405
[0, 166]: loss: 2.432586
[0, 167]: loss: 2.432464
[0, 168]: loss: 2.431806
[0, 169]: loss: 2.429259
[0, 170]: loss: 2.429867
[0, 171]: loss: 2.428984
[0, 172]: loss: 2.427577
[0, 173]: loss: 2.428563
[0, 174]: loss: 2.427480
[0, 175]: loss: 2.426549
[0, 176]: loss: 2.426415
[0, 177]: loss: 2.425764
[0, 178]: loss: 2.425014
[0, 179]: loss: 2.423632
[0, 180]: loss: 2.423412
[0, 181]: loss: 2.421744
[0, 182]: loss: 2.422581
[0, 183]: loss: 2.422339
[0, 184]: loss: 2.422701
[0, 185]: loss: 2.423014
[0, 186]: loss: 2.423497
[0, 187]: loss: 2.422900
[0, 188]: loss: 2.423032
[0, 189]: loss: 2.423187
[0, 190]: loss: 2.423098
[0, 191]: loss: 2.422111
[0, 192]: loss: 2.422342
[0, 193]: loss: 2.421410
[0, 194]: loss: 2.419749
[0, 195]: loss: 2.419892
[0, 196]: loss: 2.420661
[0, 197]: loss: 2.420040
[0, 198]: loss: 2.418806
[0, 199]: loss: 2.418843
[0, 200]: loss: 2.419068
[0, 201]: loss: 2.418723
[0, 202]: loss: 2.418922
[0, 203]: loss: 2.418660
[0, 204]: loss: 2.418689
[0, 205]: loss: 2.418791
[0, 206]: loss: 2.417844
[0, 207]: loss: 2.417005
[0, 208]: loss: 2.417047
[0, 209]: loss: 2.416314
[0, 210]: loss: 2.416302
[0, 211]: loss: 2.415330
[0, 212]: loss: 2.415707
[0, 213]: loss: 2.414928
[0, 214]: loss: 2.415033
[0, 215]: loss: 2.414647
[0, 216]: loss: 2.414152
[0, 217]: loss: 2.413768
[0, 218]: loss: 2.414134
[0, 219]: loss: 2.413631
[0, 220]: loss: 2.412637
[0, 221]: loss: 2.412518
[0, 222]: loss: 2.413311
[0, 223]: loss: 2.413728
[0, 224]: loss: 2.413063
[0, 225]: loss: 2.412641
[0, 226]: loss: 2.412190
[0, 227]: loss: 2.412141
[0, 228]: loss: 2.411857
[0, 229]: loss: 2.412000
[0, 230]: loss: 2.412026
[0, 231]: loss: 2.411896
[0, 232]: loss: 2.411650
[0, 233]: loss: 2.410993
[0, 234]: loss: 2.410645
[0, 235]: loss: 2.410386
[0, 236]: loss: 2.409182
[0, 237]: loss: 2.409254
[0, 238]: loss: 2.409758
[0, 239]: loss: 2.409547
[0, 240]: loss: 2.408541
[0, 241]: loss: 2.408856
[0, 242]: loss: 2.408592
[0, 243]: loss: 2.408376
[0, 244]: loss: 2.408275
[0, 245]: loss: 2.407745
[0, 246]: loss: 2.407722
[0, 247]: loss: 2.407298
[0, 248]: loss: 2.406621
[0, 249]: loss: 2.405729
[0, 250]: loss: 2.404766
[0, 251]: loss: 2.404903
[0, 252]: loss: 2.405091
[0, 253]: loss: 2.405530
[0, 254]: loss: 2.404554
[0, 255]: loss: 2.404307
[0, 256]: loss: 2.403780
[0, 257]: loss: 2.404252
[0, 258]: loss: 2.403285
[0, 259]: loss: 2.403230
[0, 260]: loss: 2.402883
[0, 261]: loss: 2.403528
[0, 262]: loss: 2.403276
[0, 263]: loss: 2.402722
[0, 264]: loss: 2.403199
[0, 265]: loss: 2.402700
[0, 266]: loss: 2.402640
[0, 267]: loss: 2.401731
[0, 268]: loss: 2.400886
[0, 269]: loss: 2.400103
[0, 270]: loss: 2.399611
[0, 271]: loss: 2.399314
[0, 272]: loss: 2.399577
[0, 273]: loss: 2.398872
[0, 274]: loss: 2.399116
[0, 275]: loss: 2.398453
[0, 276]: loss: 2.398603
[0, 277]: loss: 2.399399
[0, 278]: loss: 2.399042
[0, 279]: loss: 2.399004
[0, 280]: loss: 2.398430
[0, 281]: loss: 2.398810
[0, 282]: loss: 2.398443
[0, 283]: loss: 2.397920
[0, 284]: loss: 2.397488
[0, 285]: loss: 2.397030
[0, 286]: loss: 2.396864
[0, 287]: loss: 2.396341
[0, 288]: loss: 2.395703
[0, 289]: loss: 2.395821
[0, 290]: loss: 2.395908
[0, 291]: loss: 2.395793
[0, 292]: loss: 2.395328
[0, 293]: loss: 2.395565
[0, 294]: loss: 2.394863
[0, 295]: loss: 2.395212
[0, 296]: loss: 2.395683
[0, 297]: loss: 2.395429
[0, 298]: loss: 2.395712
[0, 299]: loss: 2.395190
[0, 300]: loss: 2.394653
[0, 301]: loss: 2.393676
[0, 302]: loss: 2.393513
[0, 303]: loss: 2.392939
[0, 304]: loss: 2.392922
[0, 305]: loss: 2.392709
[0, 306]: loss: 2.393035
[0, 307]: loss: 2.391966
[0, 308]: loss: 2.391377
[0, 309]: loss: 2.390667
[0, 310]: loss: 2.390321
[0, 311]: loss: 2.389177
[0, 312]: loss: 2.388674
[0, 313]: loss: 2.388820
[0, 314]: loss: 2.388307
[0, 315]: loss: 2.388346
[0, 316]: loss: 2.388648
[0, 317]: loss: 2.388702
[0, 318]: loss: 2.388260
[0, 319]: loss: 2.387707
[0, 320]: loss: 2.387068
[0, 321]: loss: 2.386847
[0, 322]: loss: 2.386234
[0, 323]: loss: 2.385939
[0, 324]: loss: 2.385436
[0, 325]: loss: 2.385199
[0, 326]: loss: 2.384654
[0, 327]: loss: 2.384136
[0, 328]: loss: 2.383616
[0, 329]: loss: 2.382706
[0, 330]: loss: 2.381880
[0, 331]: loss: 2.381570
[0, 332]: loss: 2.381695
[0, 333]: loss: 2.380927
[0, 334]: loss: 2.379780
[0, 335]: loss: 2.379360
[0, 336]: loss: 2.379310
[0, 337]: loss: 2.379150
[0, 338]: loss: 2.378356
[0, 339]: loss: 2.377930
[0, 340]: loss: 2.377422
[0, 341]: loss: 2.377022
[0, 342]: loss: 2.376561
[0, 343]: loss: 2.375740
[0, 344]: loss: 2.375449
[0, 345]: loss: 2.374841
[0, 346]: loss: 2.375240
[0, 347]: loss: 2.374431
[0, 348]: loss: 2.374266
[0, 349]: loss: 2.373793
[0, 350]: loss: 2.373584
[0, 351]: loss: 2.373437
[0, 352]: loss: 2.372948
[0, 353]: loss: 2.372447
[0, 354]: loss: 2.371970
[0, 355]: loss: 2.371755
[0, 356]: loss: 2.371274
[0, 357]: loss: 2.370418
[0, 358]: loss: 2.369953
[0, 359]: loss: 2.369687
[0, 360]: loss: 2.369479
[0, 361]: loss: 2.368530
[0, 362]: loss: 2.368321
[0, 363]: loss: 2.368255
[0, 364]: loss: 2.368394
[0, 365]: loss: 2.368236
[0, 366]: loss: 2.368022
[0, 367]: loss: 2.367740
[0, 368]: loss: 2.367609
[0, 369]: loss: 2.367232
[0, 370]: loss: 2.366461
[0, 371]: loss: 2.366557
[0, 372]: loss: 2.366387
[0, 373]: loss: 2.366302
[0, 374]: loss: 2.365596
[0, 375]: loss: 2.365791
[0, 376]: loss: 2.365601
[0, 377]: loss: 2.364959
[0, 378]: loss: 2.364861
[0, 379]: loss: 2.365296
[0, 380]: loss: 2.365100
[0, 381]: loss: 2.364594
[0, 382]: loss: 2.364519
[0, 383]: loss: 2.364317
[0, 384]: loss: 2.363861
[0, 385]: loss: 2.363322
[0, 386]: loss: 2.363153
[0, 387]: loss: 2.362778
[0, 388]: loss: 2.362585
[0, 389]: loss: 2.362172
[0, 390]: loss: 2.361899
[0, 391]: loss: 2.361088
[0, 392]: loss: 2.360673
[0, 393]: loss: 2.360145
[0, 394]: loss: 2.360131
[0, 395]: loss: 2.359679
[0, 396]: loss: 2.359727
[0, 397]: loss: 2.359215
[0, 398]: loss: 2.359413
[0, 399]: loss: 2.358774
[0, 400]: loss: 2.358718
[0, 401]: loss: 2.358914
[0, 402]: loss: 2.358619
[0, 403]: loss: 2.358344
[0, 404]: loss: 2.358439
[0, 405]: loss: 2.358481
[0, 406]: loss: 2.358203
[0, 407]: loss: 2.358140
[0, 408]: loss: 2.357263
[0, 409]: loss: 2.357274
[0, 410]: loss: 2.356905
[0, 411]: loss: 2.356353
[0, 412]: loss: 2.356224
[0, 413]: loss: 2.355621
[0, 414]: loss: 2.355021
[0, 415]: loss: 2.354894
[0, 416]: loss: 2.354893
[0, 417]: loss: 2.354746
[0, 418]: loss: 2.355004
[0, 419]: loss: 2.354591
[0, 420]: loss: 2.354128
[0, 421]: loss: 2.353758
[0, 422]: loss: 2.353791
[0, 423]: loss: 2.353726
[0, 424]: loss: 2.353268
[0, 425]: loss: 2.353073
[0, 426]: loss: 2.352785
[0, 427]: loss: 2.352836
[0, 428]: loss: 2.352512
[0, 429]: loss: 2.352324
[0, 430]: loss: 2.351818
[0, 431]: loss: 2.351912
[0, 432]: loss: 2.351621
[0, 433]: loss: 2.350871
[0, 434]: loss: 2.351343
[0, 435]: loss: 2.351428
[0, 436]: loss: 2.350806
[0, 437]: loss: 2.350610
[0, 438]: loss: 2.350764
[0, 439]: loss: 2.350633
[0, 440]: loss: 2.350262
[0, 441]: loss: 2.350069
[0, 442]: loss: 2.349596
[0, 443]: loss: 2.349777
[0, 444]: loss: 2.349729
[0, 445]: loss: 2.349591
[0, 446]: loss: 2.349397
[0, 447]: loss: 2.349519
[0, 448]: loss: 2.349267
[0, 449]: loss: 2.349159
[0, 450]: loss: 2.348906
[0, 451]: loss: 2.348827
[0, 452]: loss: 2.348349
[0, 453]: loss: 2.347972
[0, 454]: loss: 2.347911
[0, 455]: loss: 2.347833
[0, 456]: loss: 2.347272
[0, 457]: loss: 2.346880
[0, 458]: loss: 2.346458
[0, 459]: loss: 2.346237
[0, 460]: loss: 2.345843
[0, 461]: loss: 2.345720
[0, 462]: loss: 2.345615
[0, 463]: loss: 2.345343
[0, 464]: loss: 2.345338
[0, 465]: loss: 2.344723
[0, 466]: loss: 2.344288
[0, 467]: loss: 2.343765
[0, 468]: loss: 2.343060
[0, 469]: loss: 2.342623
[0, 470]: loss: 2.342563
[0, 471]: loss: 2.342194
[0, 472]: loss: 2.342018
[0, 473]: loss: 2.341731
[0, 474]: loss: 2.341370
[0, 475]: loss: 2.341630
[0, 476]: loss: 2.341361
[0, 477]: loss: 2.340922
[0, 478]: loss: 2.341305
[0, 479]: loss: 2.341409
[0, 480]: loss: 2.341484
[0, 481]: loss: 2.341260
[0, 482]: loss: 2.341272
[0, 483]: loss: 2.341018
[0, 484]: loss: 2.340560
[0, 485]: loss: 2.340391
[0, 486]: loss: 2.340020
[0, 487]: loss: 2.339539
[0, 488]: loss: 2.339462
[0, 489]: loss: 2.339362
[0, 490]: loss: 2.339282
[0, 491]: loss: 2.339272
[0, 492]: loss: 2.339193
[0, 493]: loss: 2.338859
[0, 494]: loss: 2.338907
[0, 495]: loss: 2.338619
[0, 496]: loss: 2.338407
[0, 497]: loss: 2.337703
[0, 498]: loss: 2.337898
[0, 499]: loss: 2.337863
[0, 500]: loss: 2.337797
[0, 501]: loss: 2.337740
[0, 502]: loss: 2.337347
[0, 503]: loss: 2.337272
[0, 504]: loss: 2.337481
[0, 505]: loss: 2.337512
[0, 506]: loss: 2.337297
[0, 507]: loss: 2.337104
[0, 508]: loss: 2.336635
[0, 509]: loss: 2.336767
[0, 510]: loss: 2.337100
[0, 511]: loss: 2.336863
[0, 512]: loss: 2.336637
[0, 513]: loss: 2.337066
[0, 514]: loss: 2.336594
[0, 515]: loss: 2.336611
[0, 516]: loss: 2.335748
[0, 517]: loss: 2.335411
[0, 518]: loss: 2.335434
[0, 519]: loss: 2.335516
[0, 520]: loss: 2.335186
[0, 521]: loss: 2.334958
[0, 522]: loss: 2.334836
[0, 523]: loss: 2.334203
[0, 524]: loss: 2.334420
[0, 525]: loss: 2.334273
[0, 526]: loss: 2.334364
[0, 527]: loss: 2.334112
[0, 528]: loss: 2.333852
[0, 529]: loss: 2.333538
[0, 530]: loss: 2.333319
[0, 531]: loss: 2.333139
[0, 532]: loss: 2.333604
[0, 533]: loss: 2.333675
[0, 534]: loss: 2.333295
[0, 535]: loss: 2.333647
[0, 536]: loss: 2.333126
[0, 537]: loss: 2.332763
[0, 538]: loss: 2.332444
[0, 539]: loss: 2.332064
[0, 540]: loss: 2.331791
[0, 541]: loss: 2.331204
[0, 542]: loss: 2.330560
[0, 543]: loss: 2.330287
[0, 544]: loss: 2.329851
[0, 545]: loss: 2.329827
[0, 546]: loss: 2.329515
[0, 547]: loss: 2.329374
[0, 548]: loss: 2.329313
[0, 549]: loss: 2.329203
[0, 550]: loss: 2.328658
[0, 551]: loss: 2.328094
[0, 552]: loss: 2.327765
[0, 553]: loss: 2.327753
[0, 554]: loss: 2.327771
[0, 555]: loss: 2.327481
[0, 556]: loss: 2.327316
[0, 557]: loss: 2.327211
[0, 558]: loss: 2.326763
[0, 559]: loss: 2.326804
[0, 560]: loss: 2.326579
[0, 561]: loss: 2.326338
[0, 562]: loss: 2.326405
[0, 563]: loss: 2.326130
[0, 564]: loss: 2.325890
[0, 565]: loss: 2.325568
[0, 566]: loss: 2.325136
[0, 567]: loss: 2.324639
[0, 568]: loss: 2.324226
[0, 569]: loss: 2.323887
[0, 570]: loss: 2.323542
[0, 571]: loss: 2.323171
[0, 572]: loss: 2.322507
[0, 573]: loss: 2.322193
[0, 574]: loss: 2.321803
[0, 575]: loss: 2.321891
[0, 576]: loss: 2.321322
[0, 577]: loss: 2.321231
[0, 578]: loss: 2.321287
[0, 579]: loss: 2.320693
[0, 580]: loss: 2.320556
[0, 581]: loss: 2.320257
[0, 582]: loss: 2.320055
[0, 583]: loss: 2.319560
[0, 584]: loss: 2.319348
[0, 585]: loss: 2.319153
[0, 586]: loss: 2.318552
[0, 587]: loss: 2.318361
[0, 588]: loss: 2.318314
[0, 589]: loss: 2.318216
[0, 590]: loss: 2.317682
[0, 591]: loss: 2.317373
[0, 592]: loss: 2.316980
[0, 593]: loss: 2.316449
[0, 594]: loss: 2.316267
[0, 595]: loss: 2.315924
[0, 596]: loss: 2.315936
[0, 597]: loss: 2.315448
[0, 598]: loss: 2.315385
[0, 599]: loss: 2.314830
[0, 600]: loss: 2.314427
[0, 601]: loss: 2.314130
[0, 602]: loss: 2.314046
[0, 603]: loss: 2.313421
[0, 604]: loss: 2.313311
[0, 605]: loss: 2.313447
[0, 606]: loss: 2.313356
[0, 607]: loss: 2.313697
[0, 608]: loss: 2.313348
[0, 609]: loss: 2.312929
[0, 610]: loss: 2.312935
[0, 611]: loss: 2.312652
[0, 612]: loss: 2.312850
[0, 613]: loss: 2.312773
[0, 614]: loss: 2.312675
[0, 615]: loss: 2.312410
[0, 616]: loss: 2.312805
[0, 617]: loss: 2.312277
[0, 618]: loss: 2.312120
[0, 619]: loss: 2.312105
[0, 620]: loss: 2.311886
[0, 621]: loss: 2.311720
[0, 622]: loss: 2.311159
[0, 623]: loss: 2.311331
[0, 624]: loss: 2.311145
[0, 625]: loss: 2.311039
[0, 626]: loss: 2.310547
[0, 627]: loss: 2.310694
[0, 628]: loss: 2.310542
[0, 629]: loss: 2.309986
[0, 630]: loss: 2.309313
[0, 631]: loss: 2.308977
[0, 632]: loss: 2.308768
[0, 633]: loss: 2.308253
[0, 634]: loss: 2.307867
[0, 635]: loss: 2.307701
[0, 636]: loss: 2.307408
[0, 637]: loss: 2.307213
[0, 638]: loss: 2.307174
[0, 639]: loss: 2.307046
[0, 640]: loss: 2.306796
[0, 641]: loss: 2.306622
[0, 642]: loss: 2.306054
[0, 643]: loss: 2.305639
[0, 644]: loss: 2.305241
[0, 645]: loss: 2.304520
[0, 646]: loss: 2.304520
[0, 647]: loss: 2.304307
[0, 648]: loss: 2.303908
[0, 649]: loss: 2.303696
[0, 650]: loss: 2.303307
[0, 651]: loss: 2.303253
[0, 652]: loss: 2.303326
[0, 653]: loss: 2.303352
[0, 654]: loss: 2.302956
[0, 655]: loss: 2.302687
[0, 656]: loss: 2.302282
[0, 657]: loss: 2.302057
[0, 658]: loss: 2.301840
[0, 659]: loss: 2.301166
[0, 660]: loss: 2.300843
[0, 661]: loss: 2.300439
[0, 662]: loss: 2.300173
[0, 663]: loss: 2.299747
[0, 664]: loss: 2.299604
[0, 665]: loss: 2.299463
[0, 666]: loss: 2.299468
[0, 667]: loss: 2.299782
[0, 668]: loss: 2.299478
[0, 669]: loss: 2.299340
[0, 670]: loss: 2.299047
[0, 671]: loss: 2.298745
[0, 672]: loss: 2.298731
[0, 673]: loss: 2.298252
[0, 674]: loss: 2.297794
[0, 675]: loss: 2.297708
[0, 676]: loss: 2.297616
[0, 677]: loss: 2.297141
[0, 678]: loss: 2.296813
[0, 679]: loss: 2.296545
[0, 680]: loss: 2.296718
[0, 681]: loss: 2.296282
[0, 682]: loss: 2.295794
[0, 683]: loss: 2.295817
[0, 684]: loss: 2.295891
[0, 685]: loss: 2.295644
[0, 686]: loss: 2.295359
[0, 687]: loss: 2.295467
[0, 688]: loss: 2.295368
[0, 689]: loss: 2.295165
[0, 690]: loss: 2.294963
[0, 691]: loss: 2.294808
[0, 692]: loss: 2.294507
[0, 693]: loss: 2.294395
[0, 694]: loss: 2.294003
[0, 695]: loss: 2.293913
[0, 696]: loss: 2.293558
[0, 697]: loss: 2.293441
[0, 698]: loss: 2.293181
[0, 699]: loss: 2.292932
[0, 700]: loss: 2.292990
[0, 701]: loss: 2.292517
[0, 702]: loss: 2.292203
[0, 703]: loss: 2.292187
[0, 704]: loss: 2.291999
[0, 705]: loss: 2.291988
[0, 706]: loss: 2.291657
[0, 707]: loss: 2.291624
[0, 708]: loss: 2.291477
[0, 709]: loss: 2.291080
[0, 710]: loss: 2.290842
[0, 711]: loss: 2.290612
[0, 712]: loss: 2.290297
[0, 713]: loss: 2.290260
[0, 714]: loss: 2.290149
[0, 715]: loss: 2.290187
[0, 716]: loss: 2.290000
[0, 717]: loss: 2.289743
[0, 718]: loss: 2.289594
[0, 719]: loss: 2.289389
[0, 720]: loss: 2.289117
[0, 721]: loss: 2.288878
[0, 722]: loss: 2.288547
[0, 723]: loss: 2.288151
[0, 724]: loss: 2.287686
[0, 725]: loss: 2.287573
[0, 726]: loss: 2.287389
[0, 727]: loss: 2.287051
[0, 728]: loss: 2.286685
[0, 729]: loss: 2.286622
[0, 730]: loss: 2.286400
[0, 731]: loss: 2.286110
[0, 732]: loss: 2.285854
[0, 733]: loss: 2.285520
[0, 734]: loss: 2.285377
[0, 735]: loss: 2.285159
[0, 736]: loss: 2.284676
[0, 737]: loss: 2.284365
[0, 738]: loss: 2.284234
[0, 739]: loss: 2.283974
[0, 740]: loss: 2.283644
[0, 741]: loss: 2.283555
[0, 742]: loss: 2.283102
[0, 743]: loss: 2.282943
[0, 744]: loss: 2.282723
[0, 745]: loss: 2.282559
[0, 746]: loss: 2.282273
[0, 747]: loss: 2.282206
[0, 748]: loss: 2.281834
[0, 749]: loss: 2.281741
[0, 750]: loss: 2.281508
[0, 751]: loss: 2.281406
[0, 752]: loss: 2.281473
[0, 753]: loss: 2.280906
[0, 754]: loss: 2.280834
[0, 755]: loss: 2.280524
[0, 756]: loss: 2.280369
[0, 757]: loss: 2.280290
[0, 758]: loss: 2.280075
[0, 759]: loss: 2.280010
[0, 760]: loss: 2.279557
[0, 761]: loss: 2.279744
[0, 762]: loss: 2.279615
[0, 763]: loss: 2.279365
[0, 764]: loss: 2.279253
[0, 765]: loss: 2.278911
[0, 766]: loss: 2.278562
[0, 767]: loss: 2.278216
[0, 768]: loss: 2.277900
[0, 769]: loss: 2.277542
[0, 770]: loss: 2.277230
[0, 771]: loss: 2.276909
[0, 772]: loss: 2.276584
[0, 773]: loss: 2.276331
[0, 774]: loss: 2.276040
[0, 775]: loss: 2.275872
[0, 776]: loss: 2.275548
[0, 777]: loss: 2.275022
[0, 778]: loss: 2.274797
[0, 779]: loss: 2.274401
[0, 780]: loss: 2.274289
[0, 781]: loss: 2.273919
[0, 782]: loss: 2.273628
[0, 783]: loss: 2.273435
[0, 784]: loss: 2.272945
[0, 785]: loss: 2.273127
[0, 786]: loss: 2.272889
[0, 787]: loss: 2.272560
[0, 788]: loss: 2.272040
[0, 789]: loss: 2.272119
[0, 790]: loss: 2.272081
[0, 791]: loss: 2.271943
[0, 792]: loss: 2.271905
[0, 793]: loss: 2.271564
[0, 794]: loss: 2.271224
[0, 795]: loss: 2.271203
[0, 796]: loss: 2.270978
[0, 797]: loss: 2.270838
[0, 798]: loss: 2.270607
[0, 799]: loss: 2.270279
[0, 800]: loss: 2.270142
[0, 801]: loss: 2.269750
[0, 802]: loss: 2.269702
[0, 803]: loss: 2.269595
[0, 804]: loss: 2.269535
[0, 805]: loss: 2.269189
[0, 806]: loss: 2.268892
[0, 807]: loss: 2.268614
[0, 808]: loss: 2.268797
[0, 809]: loss: 2.268679
[0, 810]: loss: 2.268171
[0, 811]: loss: 2.268092
[0, 812]: loss: 2.268121
[0, 813]: loss: 2.267653
[0, 814]: loss: 2.267544
[0, 815]: loss: 2.267162
[0, 816]: loss: 2.266806
[0, 817]: loss: 2.266492
[0, 818]: loss: 2.266222
[0, 819]: loss: 2.265999
[0, 820]: loss: 2.265633
[0, 821]: loss: 2.265506
[0, 822]: loss: 2.265022
[0, 823]: loss: 2.265036
[0, 824]: loss: 2.264608
[0, 825]: loss: 2.264402
[0, 826]: loss: 2.264195
[0, 827]: loss: 2.263897
[0, 828]: loss: 2.263762
[0, 829]: loss: 2.263671
[0, 830]: loss: 2.263552
[0, 831]: loss: 2.263294
[0, 832]: loss: 2.263018
[0, 833]: loss: 2.262609
[0, 834]: loss: 2.262352
[0, 835]: loss: 2.262131
[0, 836]: loss: 2.261759
[0, 837]: loss: 2.261476
[0, 838]: loss: 2.261299
[0, 839]: loss: 2.261169
[0, 840]: loss: 2.261003
[0, 841]: loss: 2.261055
[0, 842]: loss: 2.261003
[0, 843]: loss: 2.261075
[0, 844]: loss: 2.260773
[0, 845]: loss: 2.260511
[0, 846]: loss: 2.260136
[0, 847]: loss: 2.260050
[0, 848]: loss: 2.259840
[0, 849]: loss: 2.259757
[0, 850]: loss: 2.259582
[0, 851]: loss: 2.259477
[0, 852]: loss: 2.259402
[0, 853]: loss: 2.259158
[0, 854]: loss: 2.259126
[0, 855]: loss: 2.258811
[0, 856]: loss: 2.258601
[0, 857]: loss: 2.258287
[0, 858]: loss: 2.257987
[0, 859]: loss: 2.257751
[0, 860]: loss: 2.257653
[0, 861]: loss: 2.257386
[0, 862]: loss: 2.257397
[0, 863]: loss: 2.257434
[0, 864]: loss: 2.257280
[0, 865]: loss: 2.257028
[0, 866]: loss: 2.256829
[0, 867]: loss: 2.256646
[0, 868]: loss: 2.256464
[0, 869]: loss: 2.256538
[0, 870]: loss: 2.256511
[0, 871]: loss: 2.256282
[0, 872]: loss: 2.255763
[0, 873]: loss: 2.255481
[0, 874]: loss: 2.255170
[0, 875]: loss: 2.255098
[0, 876]: loss: 2.254971
[0, 877]: loss: 2.254760
[0, 878]: loss: 2.254416
[0, 879]: loss: 2.254635
[0, 880]: loss: 2.254548
[0, 881]: loss: 2.254150
[0, 882]: loss: 2.253789
[0, 883]: loss: 2.253479
[0, 884]: loss: 2.253680
[0, 885]: loss: 2.253412
[0, 886]: loss: 2.253362
[0, 887]: loss: 2.253098
[0, 888]: loss: 2.252936
[0, 889]: loss: 2.252736
[0, 890]: loss: 2.252678
[0, 891]: loss: 2.252458
[0, 892]: loss: 2.251933
[0, 893]: loss: 2.251662
[0, 894]: loss: 2.251882
[0, 895]: loss: 2.251566
[0, 896]: loss: 2.251353
[0, 897]: loss: 2.251305
[0, 898]: loss: 2.251429
[0, 899]: loss: 2.251312
[0, 900]: loss: 2.251096
[0, 901]: loss: 2.250639
[0, 902]: loss: 2.250472
[0, 903]: loss: 2.250286
[0, 904]: loss: 2.250155
[0, 905]: loss: 2.250050
[0, 906]: loss: 2.249706
[0, 907]: loss: 2.249354
[0, 908]: loss: 2.249258
[0, 909]: loss: 2.248903
[0, 910]: loss: 2.248466
[0, 911]: loss: 2.248388
[0, 912]: loss: 2.248055
[0, 913]: loss: 2.247856
[0, 914]: loss: 2.247816
[0, 915]: loss: 2.247583
[0, 916]: loss: 2.247579
[0, 917]: loss: 2.247295
[0, 918]: loss: 2.247118
[0, 919]: loss: 2.246968
[0, 920]: loss: 2.246725
[0, 921]: loss: 2.246562
[0, 922]: loss: 2.246467
[0, 923]: loss: 2.246363
[0, 924]: loss: 2.246328
[0, 925]: loss: 2.245943
[0, 926]: loss: 2.245433
[0, 927]: loss: 2.245123
[0, 928]: loss: 2.245023
[0, 929]: loss: 2.244730
[0, 930]: loss: 2.244456
[0, 931]: loss: 2.244067
[0, 932]: loss: 2.243832
[0, 933]: loss: 2.243617
[0, 934]: loss: 2.243428
[0, 935]: loss: 2.243377
[0, 936]: loss: 2.243549
[0, 937]: loss: 2.243338
[0, 938]: loss: 2.243086
[0, 939]: loss: 2.243127
[0, 940]: loss: 2.242830
[0, 941]: loss: 2.242603
[0, 942]: loss: 2.242341
[0, 943]: loss: 2.242269
[0, 944]: loss: 2.242120
[0, 945]: loss: 2.241880
[0, 946]: loss: 2.241878
[0, 947]: loss: 2.241494
[0, 948]: loss: 2.241393
[0, 949]: loss: 2.240981
[0, 950]: loss: 2.240694
[0, 951]: loss: 2.240486
[0, 952]: loss: 2.240224
[0, 953]: loss: 2.240004
[0, 954]: loss: 2.239918
[0, 955]: loss: 2.239825
[0, 956]: loss: 2.239338
[0, 957]: loss: 2.239116
[0, 958]: loss: 2.239169
[0, 959]: loss: 2.238918
[0, 960]: loss: 2.238693
[0, 961]: loss: 2.238674
[0, 962]: loss: 2.238230
[0, 963]: loss: 2.238139
[0, 964]: loss: 2.237843
[0, 965]: loss: 2.237503
[0, 966]: loss: 2.237204
[0, 967]: loss: 2.237306
[0, 968]: loss: 2.237187
[0, 969]: loss: 2.237217
[0, 970]: loss: 2.237040
[0, 971]: loss: 2.236917
[0, 972]: loss: 2.236722
[0, 973]: loss: 2.236441
[0, 974]: loss: 2.236249
[0, 975]: loss: 2.235854
[0, 976]: loss: 2.235724
[0, 977]: loss: 2.235577
[0, 978]: loss: 2.235309
[0, 979]: loss: 2.235029
[0, 980]: loss: 2.234725
[0, 981]: loss: 2.234398
[0, 982]: loss: 2.234112
[0, 983]: loss: 2.233649
[0, 984]: loss: 2.233327
[0, 985]: loss: 2.233242
[0, 986]: loss: 2.233035
[0, 987]: loss: 2.232922
[0, 988]: loss: 2.232837
[0, 989]: loss: 2.232682
[0, 990]: loss: 2.232551
[0, 991]: loss: 2.232272
[0, 992]: loss: 2.232121
[0, 993]: loss: 2.231869
[0, 994]: loss: 2.231600
[0, 995]: loss: 2.231391
[0, 996]: loss: 2.231162
[0, 997]: loss: 2.231019
[0, 998]: loss: 2.230830
[0, 999]: loss: 2.230604
[0, 1000]: loss: 2.230317
[0, 1001]: loss: 2.230111
[0, 1002]: loss: 2.229768
[0, 1003]: loss: 2.229511
[0, 1004]: loss: 2.229180
[0, 1005]: loss: 2.228894
[0, 1006]: loss: 2.228834
[0, 1007]: loss: 2.228859
[0, 1008]: loss: 2.228751
[0, 1009]: loss: 2.228535
[0, 1010]: loss: 2.228350
[0, 1011]: loss: 2.228220
[0, 1012]: loss: 2.227965
[0, 1013]: loss: 2.227644
[0, 1014]: loss: 2.227554
[0, 1015]: loss: 2.227160
[0, 1016]: loss: 2.226951
[0, 1017]: loss: 2.226692
[0, 1018]: loss: 2.226406
[0, 1019]: loss: 2.226175
[0, 1020]: loss: 2.225938
[0, 1021]: loss: 2.225633
[0, 1022]: loss: 2.225552
[0, 1023]: loss: 2.225230
[0, 1024]: loss: 2.224988
[0, 1025]: loss: 2.224775
[0, 1026]: loss: 2.224521
[0, 1027]: loss: 2.224434
[0, 1028]: loss: 2.224384
[0, 1029]: loss: 2.224288
[0, 1030]: loss: 2.224145
[0, 1031]: loss: 2.223771
[0, 1032]: loss: 2.223657
[0, 1033]: loss: 2.223565
[0, 1034]: loss: 2.223572
[0, 1035]: loss: 2.223483
[0, 1036]: loss: 2.223387
[0, 1037]: loss: 2.223266
[0, 1038]: loss: 2.223178
[0, 1039]: loss: 2.223032
[0, 1040]: loss: 2.222952
[0, 1041]: loss: 2.222858
[0, 1042]: loss: 2.222613
[0, 1043]: loss: 2.222346
[0, 1044]: loss: 2.222128
[0, 1045]: loss: 2.221829
[0, 1046]: loss: 2.221583
[0, 1047]: loss: 2.221337
[0, 1048]: loss: 2.221075
[0, 1049]: loss: 2.221314
[0, 1050]: loss: 2.221085
[0, 1051]: loss: 2.221039
[0, 1052]: loss: 2.220894
[0, 1053]: loss: 2.220763
[0, 1054]: loss: 2.220545
[0, 1055]: loss: 2.220309
[0, 1056]: loss: 2.219886
[0, 1057]: loss: 2.219738
[0, 1058]: loss: 2.219684
[0, 1059]: loss: 2.219690
[0, 1060]: loss: 2.219638
[0, 1061]: loss: 2.219519
[0, 1062]: loss: 2.219611
[0, 1063]: loss: 2.219497
[0, 1064]: loss: 2.219340
[0, 1065]: loss: 2.219239
[0, 1066]: loss: 2.218995
[0, 1067]: loss: 2.218820
[0, 1068]: loss: 2.218595
[0, 1069]: loss: 2.218312
[0, 1070]: loss: 2.218165
[0, 1071]: loss: 2.217717
[0, 1072]: loss: 2.217545
[0, 1073]: loss: 2.217355
[0, 1074]: loss: 2.217192
[0, 1075]: loss: 2.217018
[0, 1076]: loss: 2.216831
[0, 1077]: loss: 2.216764
[0, 1078]: loss: 2.216592
[0, 1079]: loss: 2.216474
[0, 1080]: loss: 2.216228
[0, 1081]: loss: 2.216135
[0, 1082]: loss: 2.216017
[0, 1083]: loss: 2.215975
[0, 1084]: loss: 2.215898
[0, 1085]: loss: 2.215702
[0, 1086]: loss: 2.215503
[0, 1087]: loss: 2.215155
[0, 1088]: loss: 2.215163
[0, 1089]: loss: 2.214906
[0, 1090]: loss: 2.214802
[0, 1091]: loss: 2.214598
[0, 1092]: loss: 2.214427
[0, 1093]: loss: 2.214268
[0, 1094]: loss: 2.213975
[0, 1095]: loss: 2.213772
[0, 1096]: loss: 2.213553
[0, 1097]: loss: 2.213320
[0, 1098]: loss: 2.212974
[0, 1099]: loss: 2.212932
[0, 1100]: loss: 2.212738
[0, 1101]: loss: 2.212564
[0, 1102]: loss: 2.212393
[0, 1103]: loss: 2.212248
[0, 1104]: loss: 2.212319
[0, 1105]: loss: 2.212208
[0, 1106]: loss: 2.212166
[0, 1107]: loss: 2.211979
[0, 1108]: loss: 2.211977
[0, 1109]: loss: 2.212033
[0, 1110]: loss: 2.211980
[0, 1111]: loss: 2.211768
[0, 1112]: loss: 2.211406
[0, 1113]: loss: 2.211104
[0, 1114]: loss: 2.210963
[0, 1115]: loss: 2.210704
[0, 1116]: loss: 2.210556
[0, 1117]: loss: 2.210514
[0, 1118]: loss: 2.210279
[0, 1119]: loss: 2.210118
[0, 1120]: loss: 2.209869
[0, 1121]: loss: 2.209736
[0, 1122]: loss: 2.209672
[0, 1123]: loss: 2.209325
[0, 1124]: loss: 2.209155
[0, 1125]: loss: 2.208974
[0, 1126]: loss: 2.208757
[0, 1127]: loss: 2.208557
[0, 1128]: loss: 2.208270
[0, 1129]: loss: 2.208089
[0, 1130]: loss: 2.208078
[0, 1131]: loss: 2.207925
[0, 1132]: loss: 2.207776
[0, 1133]: loss: 2.207637
[0, 1134]: loss: 2.207600
[0, 1135]: loss: 2.207730
[0, 1136]: loss: 2.207369
[0, 1137]: loss: 2.207282
[0, 1138]: loss: 2.207121
[0, 1139]: loss: 2.207064
[0, 1140]: loss: 2.206982
[0, 1141]: loss: 2.206882
[0, 1142]: loss: 2.206842
[0, 1143]: loss: 2.206704
[0, 1144]: loss: 2.206589
[0, 1145]: loss: 2.206310
[0, 1146]: loss: 2.206136
[0, 1147]: loss: 2.206138
[0, 1148]: loss: 2.205993
[0, 1149]: loss: 2.205729
[0, 1150]: loss: 2.205754
[0, 1151]: loss: 2.205638
[0, 1152]: loss: 2.205435
[0, 1153]: loss: 2.205343
[0, 1154]: loss: 2.205079
[0, 1155]: loss: 2.204847
[0, 1156]: loss: 2.204608
[0, 1157]: loss: 2.204437
[0, 1158]: loss: 2.204080
[0, 1159]: loss: 2.204023
[0, 1160]: loss: 2.203656
[0, 1161]: loss: 2.203583
[0, 1162]: loss: 2.203381
[0, 1163]: loss: 2.203349
[0, 1164]: loss: 2.203348
[0, 1165]: loss: 2.203279
[0, 1166]: loss: 2.203036
[0, 1167]: loss: 2.203002
[0, 1168]: loss: 2.202819
[0, 1169]: loss: 2.202675
[0, 1170]: loss: 2.202735
[0, 1171]: loss: 2.202621
[0, 1172]: loss: 2.202320
[0, 1173]: loss: 2.202072
[0, 1174]: loss: 2.201723
[0, 1175]: loss: 2.201686
[0, 1176]: loss: 2.201479
[0, 1177]: loss: 2.201196
[0, 1178]: loss: 2.201180
[0, 1179]: loss: 2.201075
[0, 1180]: loss: 2.201005
[0, 1181]: loss: 2.200882
[0, 1182]: loss: 2.200606
[0, 1183]: loss: 2.200563
[0, 1184]: loss: 2.200331
[0, 1185]: loss: 2.200016
[0, 1186]: loss: 2.200057
[0, 1187]: loss: 2.199949
[0, 1188]: loss: 2.199794
[0, 1189]: loss: 2.199546
[0, 1190]: loss: 2.199487
[0, 1191]: loss: 2.199579
[0, 1192]: loss: 2.199462
[0, 1193]: loss: 2.199227
[0, 1194]: loss: 2.199214
[0, 1195]: loss: 2.199213
[0, 1196]: loss: 2.199208
[0, 1197]: loss: 2.198948
[0, 1198]: loss: 2.198582
[0, 1199]: loss: 2.198351
[0, 1200]: loss: 2.198079
[0, 1201]: loss: 2.197963
[0, 1202]: loss: 2.197791
[0, 1203]: loss: 2.197571
[0, 1204]: loss: 2.197505
[0, 1205]: loss: 2.197416
[0, 1206]: loss: 2.197279
[0, 1207]: loss: 2.197079
[0, 1208]: loss: 2.197043
[0, 1209]: loss: 2.196906
[0, 1210]: loss: 2.196698
[0, 1211]: loss: 2.196466
[0, 1212]: loss: 2.196371
[0, 1213]: loss: 2.196162
[0, 1214]: loss: 2.195935
[0, 1215]: loss: 2.195700
[0, 1216]: loss: 2.195534
[0, 1217]: loss: 2.195275
[0, 1218]: loss: 2.194981
[0, 1219]: loss: 2.194884
[0, 1220]: loss: 2.194647
[0, 1221]: loss: 2.194407
[0, 1222]: loss: 2.194187
[0, 1223]: loss: 2.194187
[0, 1224]: loss: 2.193949
[0, 1225]: loss: 2.194098
[0, 1226]: loss: 2.194105
[0, 1227]: loss: 2.194065
[0, 1228]: loss: 2.193863
[0, 1229]: loss: 2.193624
[0, 1230]: loss: 2.193499
[0, 1231]: loss: 2.193304
[0, 1232]: loss: 2.193092
[0, 1233]: loss: 2.192964
[0, 1234]: loss: 2.192948
[0, 1235]: loss: 2.192799
[0, 1236]: loss: 2.192633
[0, 1237]: loss: 2.192493
[0, 1238]: loss: 2.192307
[0, 1239]: loss: 2.192229
[0, 1240]: loss: 2.192113
[0, 1241]: loss: 2.191892
[0, 1242]: loss: 2.191634
[0, 1243]: loss: 2.191557
[0, 1244]: loss: 2.191288
[0, 1245]: loss: 2.191159
[0, 1246]: loss: 2.191090
[0, 1247]: loss: 2.190903
[0, 1248]: loss: 2.190688
[0, 1249]: loss: 2.190724
[1, 0]: loss: 2.013809
[1, 1]: loss: 1.958389
[1, 2]: loss: 1.967484
[1, 3]: loss: 1.964646
[1, 4]: loss: 1.940920
[1, 5]: loss: 1.946298
[1, 6]: loss: 1.943872
[1, 7]: loss: 1.962643
[1, 8]: loss: 1.981898
[1, 9]: loss: 1.980236
[1, 10]: loss: 1.973654
[1, 11]: loss: 1.975317
[1, 12]: loss: 1.983583
[1, 13]: loss: 1.985672
[1, 14]: loss: 1.977659
[1, 15]: loss: 1.970668
[1, 16]: loss: 1.974229
[1, 17]: loss: 1.974283
[1, 18]: loss: 1.971350
[1, 19]: loss: 1.992660
[1, 20]: loss: 1.990465
[1, 21]: loss: 1.997839
[1, 22]: loss: 1.998139
[1, 23]: loss: 2.005753
[1, 24]: loss: 2.007408
[1, 25]: loss: 2.011572
[1, 26]: loss: 2.011545
[1, 27]: loss: 2.010894
[1, 28]: loss: 2.011461
[1, 29]: loss: 2.009664
[1, 30]: loss: 2.004744
[1, 31]: loss: 2.004415
[1, 32]: loss: 2.007023
[1, 33]: loss: 2.010902
[1, 34]: loss: 2.018864
[1, 35]: loss: 2.016909
[1, 36]: loss: 2.014052
[1, 37]: loss: 2.015378
[1, 38]: loss: 2.015451
[1, 39]: loss: 2.019414
[1, 40]: loss: 2.018786
[1, 41]: loss: 2.017387
[1, 42]: loss: 2.018844
[1, 43]: loss: 2.015297
[1, 44]: loss: 2.008337
[1, 45]: loss: 2.014190
[1, 46]: loss: 2.009771
[1, 47]: loss: 2.008907
[1, 48]: loss: 2.007511
[1, 49]: loss: 2.004010
[1, 50]: loss: 2.004570
[1, 51]: loss: 2.004867
[1, 52]: loss: 2.002777
[1, 53]: loss: 2.000347
[1, 54]: loss: 2.002598
[1, 55]: loss: 2.000865
[1, 56]: loss: 1.999793
[1, 57]: loss: 1.998206
[1, 58]: loss: 1.996645
[1, 59]: loss: 1.995691
[1, 60]: loss: 1.993140
[1, 61]: loss: 1.992244
[1, 62]: loss: 1.987326
[1, 63]: loss: 1.990566
[1, 64]: loss: 1.986651
[1, 65]: loss: 1.987006
[1, 66]: loss: 1.985538
[1, 67]: loss: 1.990532
[1, 68]: loss: 1.990638
[1, 69]: loss: 1.990913
[1, 70]: loss: 1.991027
[1, 71]: loss: 1.989640
[1, 72]: loss: 1.986288
[1, 73]: loss: 1.985559
[1, 74]: loss: 1.982719
[1, 75]: loss: 1.981383
[1, 76]: loss: 1.984833
[1, 77]: loss: 1.985246
[1, 78]: loss: 1.984468
[1, 79]: loss: 1.987431
[1, 80]: loss: 1.985685
[1, 81]: loss: 1.988169
[1, 82]: loss: 1.989149
[1, 83]: loss: 1.987065
[1, 84]: loss: 1.992275
[1, 85]: loss: 1.989882
[1, 86]: loss: 1.988674
[1, 87]: loss: 1.990249
[1, 88]: loss: 1.991165
[1, 89]: loss: 1.989882
[1, 90]: loss: 1.992025
[1, 91]: loss: 1.991682
[1, 92]: loss: 1.992527
[1, 93]: loss: 1.992653
[1, 94]: loss: 1.993605
[1, 95]: loss: 1.994654
[1, 96]: loss: 1.991960
[1, 97]: loss: 1.990479
[1, 98]: loss: 1.989532
[1, 99]: loss: 1.990836
[1, 100]: loss: 1.992132
[1, 101]: loss: 1.994750
[1, 102]: loss: 1.995292
[1, 103]: loss: 1.994084
[1, 104]: loss: 1.993486
[1, 105]: loss: 1.993333
[1, 106]: loss: 1.992925
[1, 107]: loss: 1.994147
[1, 108]: loss: 1.994821
[1, 109]: loss: 1.996559
[1, 110]: loss: 1.994434
[1, 111]: loss: 1.996053
[1, 112]: loss: 1.995438
[1, 113]: loss: 1.996275
[1, 114]: loss: 1.995251
[1, 115]: loss: 1.995512
[1, 116]: loss: 1.993495
[1, 117]: loss: 1.992299
[1, 118]: loss: 1.991992
[1, 119]: loss: 1.990631
[1, 120]: loss: 1.990694
[1, 121]: loss: 1.989678
[1, 122]: loss: 1.989493
[1, 123]: loss: 1.988165
[1, 124]: loss: 1.988477
[1, 125]: loss: 1.986874
[1, 126]: loss: 1.986548
[1, 127]: loss: 1.987561
[1, 128]: loss: 1.986916
[1, 129]: loss: 1.986447
[1, 130]: loss: 1.986175
[1, 131]: loss: 1.986757
[1, 132]: loss: 1.984730
[1, 133]: loss: 1.985686
[1, 134]: loss: 1.985935
[1, 135]: loss: 1.985568
[1, 136]: loss: 1.986016
[1, 137]: loss: 1.987262
[1, 138]: loss: 1.986754
[1, 139]: loss: 1.984316
[1, 140]: loss: 1.983347
[1, 141]: loss: 1.983205
[1, 142]: loss: 1.983217
[1, 143]: loss: 1.982483
[1, 144]: loss: 1.980589
[1, 145]: loss: 1.981281
[1, 146]: loss: 1.982155
[1, 147]: loss: 1.982839
[1, 148]: loss: 1.982179
[1, 149]: loss: 1.981510
[1, 150]: loss: 1.981463
[1, 151]: loss: 1.980619
[1, 152]: loss: 1.979847
[1, 153]: loss: 1.979290
[1, 154]: loss: 1.978316
[1, 155]: loss: 1.977416
[1, 156]: loss: 1.979364
[1, 157]: loss: 1.979966
[1, 158]: loss: 1.979009
[1, 159]: loss: 1.980252
[1, 160]: loss: 1.979498
[1, 161]: loss: 1.980271
[1, 162]: loss: 1.979767
[1, 163]: loss: 1.979386
[1, 164]: loss: 1.980028
[1, 165]: loss: 1.980319
[1, 166]: loss: 1.979206
[1, 167]: loss: 1.978730
[1, 168]: loss: 1.977546
[1, 169]: loss: 1.977099
[1, 170]: loss: 1.976054
[1, 171]: loss: 1.976091
[1, 172]: loss: 1.975418
[1, 173]: loss: 1.976147
[1, 174]: loss: 1.976129
[1, 175]: loss: 1.976827
[1, 176]: loss: 1.977867
[1, 177]: loss: 1.978030
[1, 178]: loss: 1.977925
[1, 179]: loss: 1.979014
[1, 180]: loss: 1.979341
[1, 181]: loss: 1.978051
[1, 182]: loss: 1.977729
[1, 183]: loss: 1.977287
[1, 184]: loss: 1.976878
[1, 185]: loss: 1.977079
[1, 186]: loss: 1.976431
[1, 187]: loss: 1.975936
[1, 188]: loss: 1.975932
[1, 189]: loss: 1.975886
[1, 190]: loss: 1.976241
[1, 191]: loss: 1.977279
[1, 192]: loss: 1.977482
[1, 193]: loss: 1.977440
[1, 194]: loss: 1.976979
[1, 195]: loss: 1.977187
[1, 196]: loss: 1.976037
[1, 197]: loss: 1.975897
[1, 198]: loss: 1.976130
[1, 199]: loss: 1.975724
[1, 200]: loss: 1.975048
[1, 201]: loss: 1.974425
[1, 202]: loss: 1.974555
[1, 203]: loss: 1.975263
[1, 204]: loss: 1.975208
[1, 205]: loss: 1.974973
[1, 206]: loss: 1.974906
[1, 207]: loss: 1.975179
[1, 208]: loss: 1.976167
[1, 209]: loss: 1.975471
[1, 210]: loss: 1.974882
[1, 211]: loss: 1.974971
[1, 212]: loss: 1.975846
[1, 213]: loss: 1.974278
[1, 214]: loss: 1.973443
[1, 215]: loss: 1.973017
[1, 216]: loss: 1.972579
[1, 217]: loss: 1.972851
[1, 218]: loss: 1.971474
[1, 219]: loss: 1.972062
[1, 220]: loss: 1.972022
[1, 221]: loss: 1.971172
[1, 222]: loss: 1.971435
[1, 223]: loss: 1.971828
[1, 224]: loss: 1.971096
[1, 225]: loss: 1.970708
[1, 226]: loss: 1.970383
[1, 227]: loss: 1.969730
[1, 228]: loss: 1.969215
[1, 229]: loss: 1.969121
[1, 230]: loss: 1.969197
[1, 231]: loss: 1.969019
[1, 232]: loss: 1.968568
[1, 233]: loss: 1.968205
[1, 234]: loss: 1.967157
[1, 235]: loss: 1.966286
[1, 236]: loss: 1.966066
[1, 237]: loss: 1.966303
[1, 238]: loss: 1.966117
[1, 239]: loss: 1.966797
[1, 240]: loss: 1.966491
[1, 241]: loss: 1.966857
[1, 242]: loss: 1.967337
[1, 243]: loss: 1.967726
[1, 244]: loss: 1.967259
[1, 245]: loss: 1.968248
[1, 246]: loss: 1.968528
[1, 247]: loss: 1.967800
[1, 248]: loss: 1.968149
[1, 249]: loss: 1.967973
[1, 250]: loss: 1.968507
[1, 251]: loss: 1.968068
[1, 252]: loss: 1.967767
[1, 253]: loss: 1.967877
[1, 254]: loss: 1.968580
[1, 255]: loss: 1.968682
[1, 256]: loss: 1.967750
[1, 257]: loss: 1.967283
[1, 258]: loss: 1.966835
[1, 259]: loss: 1.968082
[1, 260]: loss: 1.968278
[1, 261]: loss: 1.968915
[1, 262]: loss: 1.969050
[1, 263]: loss: 1.969122
[1, 264]: loss: 1.968626
[1, 265]: loss: 1.968254
[1, 266]: loss: 1.967707
[1, 267]: loss: 1.967234
[1, 268]: loss: 1.967404
[1, 269]: loss: 1.967798
[1, 270]: loss: 1.967839
[1, 271]: loss: 1.968056
[1, 272]: loss: 1.967679
[1, 273]: loss: 1.966623
[1, 274]: loss: 1.966222
[1, 275]: loss: 1.966227
[1, 276]: loss: 1.965691
[1, 277]: loss: 1.965357
[1, 278]: loss: 1.965489
[1, 279]: loss: 1.965323
[1, 280]: loss: 1.965246
[1, 281]: loss: 1.964920
[1, 282]: loss: 1.963606
[1, 283]: loss: 1.963374
[1, 284]: loss: 1.964092
[1, 285]: loss: 1.963683
[1, 286]: loss: 1.963040
[1, 287]: loss: 1.962511
[1, 288]: loss: 1.963209
[1, 289]: loss: 1.962575
[1, 290]: loss: 1.962339
[1, 291]: loss: 1.962382
[1, 292]: loss: 1.962426
[1, 293]: loss: 1.962020
[1, 294]: loss: 1.962575
[1, 295]: loss: 1.962983
[1, 296]: loss: 1.962995
[1, 297]: loss: 1.962617
[1, 298]: loss: 1.962782
[1, 299]: loss: 1.962567
[1, 300]: loss: 1.962360
[1, 301]: loss: 1.962661
[1, 302]: loss: 1.962303
[1, 303]: loss: 1.962068
[1, 304]: loss: 1.961666
[1, 305]: loss: 1.961600
[1, 306]: loss: 1.961305
[1, 307]: loss: 1.961135
[1, 308]: loss: 1.960930
[1, 309]: loss: 1.960274
[1, 310]: loss: 1.960674
[1, 311]: loss: 1.960223
[1, 312]: loss: 1.960912
[1, 313]: loss: 1.961333
[1, 314]: loss: 1.960881
[1, 315]: loss: 1.960986
[1, 316]: loss: 1.961227
[1, 317]: loss: 1.961542
[1, 318]: loss: 1.961704
[1, 319]: loss: 1.962061
[1, 320]: loss: 1.962002
[1, 321]: loss: 1.962233
[1, 322]: loss: 1.962217
[1, 323]: loss: 1.962700
[1, 324]: loss: 1.962931
[1, 325]: loss: 1.963024
[1, 326]: loss: 1.964208
[1, 327]: loss: 1.963591
[1, 328]: loss: 1.963031
[1, 329]: loss: 1.963094
[1, 330]: loss: 1.962886
[1, 331]: loss: 1.962676
[1, 332]: loss: 1.962015
[1, 333]: loss: 1.961976
[1, 334]: loss: 1.961904
[1, 335]: loss: 1.960829
[1, 336]: loss: 1.960447
[1, 337]: loss: 1.960136
[1, 338]: loss: 1.960770
[1, 339]: loss: 1.960608
[1, 340]: loss: 1.960616
[1, 341]: loss: 1.960392
[1, 342]: loss: 1.959896
[1, 343]: loss: 1.960594
[1, 344]: loss: 1.960960
[1, 345]: loss: 1.961535
[1, 346]: loss: 1.960902
[1, 347]: loss: 1.960691
[1, 348]: loss: 1.960026
[1, 349]: loss: 1.959729
[1, 350]: loss: 1.960103
[1, 351]: loss: 1.960092
[1, 352]: loss: 1.960025
[1, 353]: loss: 1.959352
[1, 354]: loss: 1.959672
[1, 355]: loss: 1.959762
[1, 356]: loss: 1.959963
[1, 357]: loss: 1.960214
[1, 358]: loss: 1.960384
[1, 359]: loss: 1.960310
[1, 360]: loss: 1.959985
[1, 361]: loss: 1.960105
[1, 362]: loss: 1.959657
[1, 363]: loss: 1.959732
[1, 364]: loss: 1.960053
[1, 365]: loss: 1.959517
[1, 366]: loss: 1.959290
[1, 367]: loss: 1.959339
[1, 368]: loss: 1.959308
[1, 369]: loss: 1.959626
[1, 370]: loss: 1.960011
[1, 371]: loss: 1.960007
[1, 372]: loss: 1.959640
[1, 373]: loss: 1.959523
[1, 374]: loss: 1.959505
[1, 375]: loss: 1.959758
[1, 376]: loss: 1.959917
[1, 377]: loss: 1.959813
[1, 378]: loss: 1.960222
[1, 379]: loss: 1.960089
[1, 380]: loss: 1.959435
[1, 381]: loss: 1.959938
[1, 382]: loss: 1.959924
[1, 383]: loss: 1.959739
[1, 384]: loss: 1.960039
[1, 385]: loss: 1.960258
[1, 386]: loss: 1.959630
[1, 387]: loss: 1.959562
[1, 388]: loss: 1.959414
[1, 389]: loss: 1.959490
[1, 390]: loss: 1.959530
[1, 391]: loss: 1.959465
[1, 392]: loss: 1.959344
[1, 393]: loss: 1.959497
[1, 394]: loss: 1.958735
[1, 395]: loss: 1.958542
[1, 396]: loss: 1.958396
[1, 397]: loss: 1.957965
[1, 398]: loss: 1.958222
[1, 399]: loss: 1.958508
[1, 400]: loss: 1.958516
[1, 401]: loss: 1.958332
[1, 402]: loss: 1.958303
[1, 403]: loss: 1.958007
[1, 404]: loss: 1.958304
[1, 405]: loss: 1.958118
[1, 406]: loss: 1.957448
[1, 407]: loss: 1.957443
[1, 408]: loss: 1.957266
[1, 409]: loss: 1.957292
[1, 410]: loss: 1.957169
[1, 411]: loss: 1.957500
[1, 412]: loss: 1.957831
[1, 413]: loss: 1.958133
[1, 414]: loss: 1.957903
[1, 415]: loss: 1.957645
[1, 416]: loss: 1.957144
[1, 417]: loss: 1.957536
[1, 418]: loss: 1.957343
[1, 419]: loss: 1.957384
[1, 420]: loss: 1.957166
[1, 421]: loss: 1.956396
[1, 422]: loss: 1.956340
[1, 423]: loss: 1.956274
[1, 424]: loss: 1.955942
[1, 425]: loss: 1.956404
[1, 426]: loss: 1.956407
[1, 427]: loss: 1.955856
[1, 428]: loss: 1.955601
[1, 429]: loss: 1.955613
[1, 430]: loss: 1.955883
[1, 431]: loss: 1.955893
[1, 432]: loss: 1.955824
[1, 433]: loss: 1.955707
[1, 434]: loss: 1.955729
[1, 435]: loss: 1.955523
[1, 436]: loss: 1.955599
[1, 437]: loss: 1.955344
[1, 438]: loss: 1.955381
[1, 439]: loss: 1.955382
[1, 440]: loss: 1.956128
[1, 441]: loss: 1.955913
[1, 442]: loss: 1.955813
[1, 443]: loss: 1.955905
[1, 444]: loss: 1.956086
[1, 445]: loss: 1.956193
[1, 446]: loss: 1.955891
[1, 447]: loss: 1.955674
[1, 448]: loss: 1.955590
[1, 449]: loss: 1.955215
[1, 450]: loss: 1.955701
[1, 451]: loss: 1.955336
[1, 452]: loss: 1.955101
[1, 453]: loss: 1.954925
[1, 454]: loss: 1.955454
[1, 455]: loss: 1.955115
[1, 456]: loss: 1.954773
[1, 457]: loss: 1.954850
[1, 458]: loss: 1.954240
[1, 459]: loss: 1.954058
[1, 460]: loss: 1.954433
[1, 461]: loss: 1.954213
[1, 462]: loss: 1.954064
[1, 463]: loss: 1.954273
[1, 464]: loss: 1.954006
[1, 465]: loss: 1.953536
[1, 466]: loss: 1.953900
[1, 467]: loss: 1.953878
[1, 468]: loss: 1.954416
[1, 469]: loss: 1.953736
[1, 470]: loss: 1.953427
[1, 471]: loss: 1.953070
[1, 472]: loss: 1.953083
[1, 473]: loss: 1.953013
[1, 474]: loss: 1.952814
[1, 475]: loss: 1.953300
[1, 476]: loss: 1.953033
[1, 477]: loss: 1.952955
[1, 478]: loss: 1.952999
[1, 479]: loss: 1.952828
[1, 480]: loss: 1.952826
[1, 481]: loss: 1.952471
[1, 482]: loss: 1.952423
[1, 483]: loss: 1.951965
[1, 484]: loss: 1.951676
[1, 485]: loss: 1.951229
[1, 486]: loss: 1.950837
[1, 487]: loss: 1.950583
[1, 488]: loss: 1.950354
[1, 489]: loss: 1.950880
[1, 490]: loss: 1.950459
[1, 491]: loss: 1.950371
[1, 492]: loss: 1.950088
[1, 493]: loss: 1.949779
[1, 494]: loss: 1.949099
[1, 495]: loss: 1.948913
[1, 496]: loss: 1.948478
[1, 497]: loss: 1.949297
[1, 498]: loss: 1.949360
[1, 499]: loss: 1.949357
[1, 500]: loss: 1.948750
[1, 501]: loss: 1.948315
[1, 502]: loss: 1.948394
[1, 503]: loss: 1.947763
[1, 504]: loss: 1.947380
[1, 505]: loss: 1.947133
[1, 506]: loss: 1.946917
[1, 507]: loss: 1.946515
[1, 508]: loss: 1.946705
[1, 509]: loss: 1.946809
[1, 510]: loss: 1.946473
[1, 511]: loss: 1.946650
[1, 512]: loss: 1.946496
[1, 513]: loss: 1.946688
[1, 514]: loss: 1.946638
[1, 515]: loss: 1.946388
[1, 516]: loss: 1.946645
[1, 517]: loss: 1.946432
[1, 518]: loss: 1.946691
[1, 519]: loss: 1.946330
[1, 520]: loss: 1.945649
[1, 521]: loss: 1.945360
[1, 522]: loss: 1.945021
[1, 523]: loss: 1.944905
[1, 524]: loss: 1.944836
[1, 525]: loss: 1.944969
[1, 526]: loss: 1.944523
[1, 527]: loss: 1.944538
[1, 528]: loss: 1.944559
[1, 529]: loss: 1.944522
[1, 530]: loss: 1.944536
[1, 531]: loss: 1.944388
[1, 532]: loss: 1.944176
[1, 533]: loss: 1.944217
[1, 534]: loss: 1.943650
[1, 535]: loss: 1.943826
[1, 536]: loss: 1.943383
[1, 537]: loss: 1.943131
[1, 538]: loss: 1.942969
[1, 539]: loss: 1.943312
[1, 540]: loss: 1.943124
[1, 541]: loss: 1.943120
[1, 542]: loss: 1.943129
[1, 543]: loss: 1.942891
[1, 544]: loss: 1.942937
[1, 545]: loss: 1.943618
[1, 546]: loss: 1.943972
[1, 547]: loss: 1.943677
[1, 548]: loss: 1.943928
[1, 549]: loss: 1.943573
[1, 550]: loss: 1.943384
[1, 551]: loss: 1.943028
[1, 552]: loss: 1.943401
[1, 553]: loss: 1.943449
[1, 554]: loss: 1.943413
[1, 555]: loss: 1.943982
[1, 556]: loss: 1.944017
[1, 557]: loss: 1.943559
[1, 558]: loss: 1.943409
[1, 559]: loss: 1.943319
[1, 560]: loss: 1.942988
[1, 561]: loss: 1.942733
[1, 562]: loss: 1.942522
[1, 563]: loss: 1.942428
[1, 564]: loss: 1.942193
[1, 565]: loss: 1.941802
[1, 566]: loss: 1.942042
[1, 567]: loss: 1.941967
[1, 568]: loss: 1.942737
[1, 569]: loss: 1.942934
[1, 570]: loss: 1.942706
[1, 571]: loss: 1.942863
[1, 572]: loss: 1.943454
[1, 573]: loss: 1.943133
[1, 574]: loss: 1.943208
[1, 575]: loss: 1.943160
[1, 576]: loss: 1.943436
[1, 577]: loss: 1.943327
[1, 578]: loss: 1.943355
[1, 579]: loss: 1.943046
[1, 580]: loss: 1.942954
[1, 581]: loss: 1.942751
[1, 582]: loss: 1.942693
[1, 583]: loss: 1.942451
[1, 584]: loss: 1.942405
[1, 585]: loss: 1.942669
[1, 586]: loss: 1.942668
[1, 587]: loss: 1.943024
[1, 588]: loss: 1.943104
[1, 589]: loss: 1.943125
[1, 590]: loss: 1.943249
[1, 591]: loss: 1.942945
[1, 592]: loss: 1.942782
[1, 593]: loss: 1.942488
[1, 594]: loss: 1.942237
[1, 595]: loss: 1.942072
[1, 596]: loss: 1.941984
[1, 597]: loss: 1.942177
[1, 598]: loss: 1.942089
[1, 599]: loss: 1.941618
[1, 600]: loss: 1.941585
[1, 601]: loss: 1.941423
[1, 602]: loss: 1.941404
[1, 603]: loss: 1.941317
[1, 604]: loss: 1.941152
[1, 605]: loss: 1.941157
[1, 606]: loss: 1.941174
[1, 607]: loss: 1.941129
[1, 608]: loss: 1.941271
[1, 609]: loss: 1.941183
[1, 610]: loss: 1.941250
[1, 611]: loss: 1.941246
[1, 612]: loss: 1.941290
[1, 613]: loss: 1.941040
[1, 614]: loss: 1.940940
[1, 615]: loss: 1.940773
[1, 616]: loss: 1.940852
[1, 617]: loss: 1.940766
[1, 618]: loss: 1.940650
[1, 619]: loss: 1.940650
[1, 620]: loss: 1.940808
[1, 621]: loss: 1.940653
[1, 622]: loss: 1.940905
[1, 623]: loss: 1.940985
[1, 624]: loss: 1.940507
[1, 625]: loss: 1.940293
[1, 626]: loss: 1.940134
[1, 627]: loss: 1.940366
[1, 628]: loss: 1.940472
[1, 629]: loss: 1.940654
[1, 630]: loss: 1.940528
[1, 631]: loss: 1.940790
[1, 632]: loss: 1.940627
[1, 633]: loss: 1.940453
[1, 634]: loss: 1.940445
[1, 635]: loss: 1.939721
[1, 636]: loss: 1.939746
[1, 637]: loss: 1.939533
[1, 638]: loss: 1.939482
[1, 639]: loss: 1.939174
[1, 640]: loss: 1.939148
[1, 641]: loss: 1.939391
[1, 642]: loss: 1.939457
[1, 643]: loss: 1.939766
[1, 644]: loss: 1.939351
[1, 645]: loss: 1.939128
[1, 646]: loss: 1.938800
[1, 647]: loss: 1.938778
[1, 648]: loss: 1.938660
[1, 649]: loss: 1.938555
[1, 650]: loss: 1.938609
[1, 651]: loss: 1.938980
[1, 652]: loss: 1.939206
[1, 653]: loss: 1.939128
[1, 654]: loss: 1.938898
[1, 655]: loss: 1.938505
[1, 656]: loss: 1.938326
[1, 657]: loss: 1.938330
[1, 658]: loss: 1.938356
[1, 659]: loss: 1.938782
[1, 660]: loss: 1.938751
[1, 661]: loss: 1.938830
[1, 662]: loss: 1.938911
[1, 663]: loss: 1.938514
[1, 664]: loss: 1.938317
[1, 665]: loss: 1.938172
[1, 666]: loss: 1.938264
[1, 667]: loss: 1.938398
[1, 668]: loss: 1.938317
[1, 669]: loss: 1.938196
[1, 670]: loss: 1.937986
[1, 671]: loss: 1.938018
[1, 672]: loss: 1.938085
[1, 673]: loss: 1.938061
[1, 674]: loss: 1.937424
[1, 675]: loss: 1.937347
[1, 676]: loss: 1.937266
[1, 677]: loss: 1.937322
[1, 678]: loss: 1.937421
[1, 679]: loss: 1.937288
[1, 680]: loss: 1.937200
[1, 681]: loss: 1.937433
[1, 682]: loss: 1.937698
[1, 683]: loss: 1.937796
[1, 684]: loss: 1.937974
[1, 685]: loss: 1.937689
[1, 686]: loss: 1.937812
[1, 687]: loss: 1.937719
[1, 688]: loss: 1.937760
[1, 689]: loss: 1.937507
[1, 690]: loss: 1.937616
[1, 691]: loss: 1.937388
[1, 692]: loss: 1.937379
[1, 693]: loss: 1.937319
[1, 694]: loss: 1.936831
[1, 695]: loss: 1.936835
[1, 696]: loss: 1.936593
[1, 697]: loss: 1.936097
[1, 698]: loss: 1.935809
[1, 699]: loss: 1.935632
[1, 700]: loss: 1.935377
[1, 701]: loss: 1.935131
[1, 702]: loss: 1.935183
[1, 703]: loss: 1.935220
[1, 704]: loss: 1.935289
[1, 705]: loss: 1.935357
[1, 706]: loss: 1.935225
[1, 707]: loss: 1.935236
[1, 708]: loss: 1.935035
[1, 709]: loss: 1.934990
[1, 710]: loss: 1.934702
[1, 711]: loss: 1.934685
[1, 712]: loss: 1.934860
[1, 713]: loss: 1.934759
[1, 714]: loss: 1.934349
[1, 715]: loss: 1.934046
[1, 716]: loss: 1.934157
[1, 717]: loss: 1.933892
[1, 718]: loss: 1.933582
[1, 719]: loss: 1.933408
[1, 720]: loss: 1.933477
[1, 721]: loss: 1.933744
[1, 722]: loss: 1.933729
[1, 723]: loss: 1.934254
[1, 724]: loss: 1.934318
[1, 725]: loss: 1.934309
[1, 726]: loss: 1.934222
[1, 727]: loss: 1.934139
[1, 728]: loss: 1.934237
[1, 729]: loss: 1.934263
[1, 730]: loss: 1.933898
[1, 731]: loss: 1.933559
[1, 732]: loss: 1.933286
[1, 733]: loss: 1.932929
[1, 734]: loss: 1.932814
[1, 735]: loss: 1.932622
[1, 736]: loss: 1.932709
[1, 737]: loss: 1.932624
[1, 738]: loss: 1.932756
[1, 739]: loss: 1.932664
[1, 740]: loss: 1.932740
[1, 741]: loss: 1.932856
[1, 742]: loss: 1.932832
[1, 743]: loss: 1.932651
[1, 744]: loss: 1.932835
[1, 745]: loss: 1.932964
[1, 746]: loss: 1.932550
[1, 747]: loss: 1.932507
[1, 748]: loss: 1.932512
[1, 749]: loss: 1.932457
[1, 750]: loss: 1.932460
[1, 751]: loss: 1.932347
[1, 752]: loss: 1.932197
[1, 753]: loss: 1.931894
[1, 754]: loss: 1.931734
[1, 755]: loss: 1.931322
[1, 756]: loss: 1.930972
[1, 757]: loss: 1.931092
[1, 758]: loss: 1.931082
[1, 759]: loss: 1.930822
[1, 760]: loss: 1.930944
[1, 761]: loss: 1.930939
[1, 762]: loss: 1.930975
[1, 763]: loss: 1.930785
[1, 764]: loss: 1.930830
[1, 765]: loss: 1.930925
[1, 766]: loss: 1.930776
[1, 767]: loss: 1.930321
[1, 768]: loss: 1.930194
[1, 769]: loss: 1.929817
[1, 770]: loss: 1.929964
[1, 771]: loss: 1.929614
[1, 772]: loss: 1.929443
[1, 773]: loss: 1.929268
[1, 774]: loss: 1.929003
[1, 775]: loss: 1.928736
[1, 776]: loss: 1.928985
[1, 777]: loss: 1.929056
[1, 778]: loss: 1.928908
[1, 779]: loss: 1.928684
[1, 780]: loss: 1.928838
[1, 781]: loss: 1.928667
[1, 782]: loss: 1.929059
[1, 783]: loss: 1.928816
[1, 784]: loss: 1.928606
[1, 785]: loss: 1.928681
[1, 786]: loss: 1.928667
[1, 787]: loss: 1.928657
[1, 788]: loss: 1.928628
[1, 789]: loss: 1.928748
[1, 790]: loss: 1.928364
[1, 791]: loss: 1.928410
[1, 792]: loss: 1.928538
[1, 793]: loss: 1.928395
[1, 794]: loss: 1.928168
[1, 795]: loss: 1.928125
[1, 796]: loss: 1.928236
[1, 797]: loss: 1.928061
[1, 798]: loss: 1.927944
[1, 799]: loss: 1.927974
[1, 800]: loss: 1.927917
[1, 801]: loss: 1.927736
[1, 802]: loss: 1.927580
[1, 803]: loss: 1.927413
[1, 804]: loss: 1.927380
[1, 805]: loss: 1.927045
[1, 806]: loss: 1.926984
[1, 807]: loss: 1.926865
[1, 808]: loss: 1.927130
[1, 809]: loss: 1.926927
[1, 810]: loss: 1.926685
[1, 811]: loss: 1.926519
[1, 812]: loss: 1.926353
[1, 813]: loss: 1.926419
[1, 814]: loss: 1.926585
[1, 815]: loss: 1.926275
[1, 816]: loss: 1.926129
[1, 817]: loss: 1.926102
[1, 818]: loss: 1.926041
[1, 819]: loss: 1.925782
[1, 820]: loss: 1.925741
[1, 821]: loss: 1.925503
[1, 822]: loss: 1.925453
[1, 823]: loss: 1.925422
[1, 824]: loss: 1.925416
[1, 825]: loss: 1.925415
[1, 826]: loss: 1.925306
[1, 827]: loss: 1.925159
[1, 828]: loss: 1.924752
[1, 829]: loss: 1.924479
[1, 830]: loss: 1.924713
[1, 831]: loss: 1.924816
[1, 832]: loss: 1.924635
[1, 833]: loss: 1.924427
[1, 834]: loss: 1.924302
[1, 835]: loss: 1.924329
[1, 836]: loss: 1.923993
[1, 837]: loss: 1.924043
[1, 838]: loss: 1.924058
[1, 839]: loss: 1.924238
[1, 840]: loss: 1.924377
[1, 841]: loss: 1.924231
[1, 842]: loss: 1.923920
[1, 843]: loss: 1.923624
[1, 844]: loss: 1.923489
[1, 845]: loss: 1.923123
[1, 846]: loss: 1.923167
[1, 847]: loss: 1.923016
[1, 848]: loss: 1.922676
[1, 849]: loss: 1.922365
[1, 850]: loss: 1.922309
[1, 851]: loss: 1.922323
[1, 852]: loss: 1.922648
[1, 853]: loss: 1.922398
[1, 854]: loss: 1.922229
[1, 855]: loss: 1.921970
[1, 856]: loss: 1.922094
[1, 857]: loss: 1.921655
[1, 858]: loss: 1.921203
[1, 859]: loss: 1.921190
[1, 860]: loss: 1.921063
[1, 861]: loss: 1.921134
[1, 862]: loss: 1.921340
[1, 863]: loss: 1.921396
[1, 864]: loss: 1.921539
[1, 865]: loss: 1.921437
[1, 866]: loss: 1.921180
[1, 867]: loss: 1.920991
[1, 868]: loss: 1.920750
[1, 869]: loss: 1.920357
[1, 870]: loss: 1.920364
[1, 871]: loss: 1.920143
[1, 872]: loss: 1.920079
[1, 873]: loss: 1.920290
[1, 874]: loss: 1.920242
[1, 875]: loss: 1.920276
[1, 876]: loss: 1.920273
[1, 877]: loss: 1.920279
[1, 878]: loss: 1.920179
[1, 879]: loss: 1.920129
[1, 880]: loss: 1.919752
[1, 881]: loss: 1.919624
[1, 882]: loss: 1.919639
[1, 883]: loss: 1.919289
[1, 884]: loss: 1.918920
[1, 885]: loss: 1.919020
[1, 886]: loss: 1.919145
[1, 887]: loss: 1.919133
[1, 888]: loss: 1.918778
[1, 889]: loss: 1.918849
[1, 890]: loss: 1.918613
[1, 891]: loss: 1.918642
[1, 892]: loss: 1.918417
[1, 893]: loss: 1.918391
[1, 894]: loss: 1.918607
[1, 895]: loss: 1.918372
[1, 896]: loss: 1.918031
[1, 897]: loss: 1.917936
[1, 898]: loss: 1.917577
[1, 899]: loss: 1.917631
[1, 900]: loss: 1.917135
[1, 901]: loss: 1.917093
[1, 902]: loss: 1.917088
[1, 903]: loss: 1.917173
[1, 904]: loss: 1.917288
[1, 905]: loss: 1.917437
[1, 906]: loss: 1.917454
[1, 907]: loss: 1.917252
[1, 908]: loss: 1.917067
[1, 909]: loss: 1.917207
[1, 910]: loss: 1.916998
[1, 911]: loss: 1.916928
[1, 912]: loss: 1.916938
[1, 913]: loss: 1.916653
[1, 914]: loss: 1.916664
[1, 915]: loss: 1.916704
[1, 916]: loss: 1.916296
[1, 917]: loss: 1.916133
[1, 918]: loss: 1.915982
[1, 919]: loss: 1.916076
[1, 920]: loss: 1.916030
[1, 921]: loss: 1.916066
[1, 922]: loss: 1.915833
[1, 923]: loss: 1.915765
[1, 924]: loss: 1.916033
[1, 925]: loss: 1.915986
[1, 926]: loss: 1.915926
[1, 927]: loss: 1.915891
[1, 928]: loss: 1.916142
[1, 929]: loss: 1.915983
[1, 930]: loss: 1.915916
[1, 931]: loss: 1.915695
[1, 932]: loss: 1.915753
[1, 933]: loss: 1.915569
[1, 934]: loss: 1.915460
[1, 935]: loss: 1.915195
[1, 936]: loss: 1.915133
[1, 937]: loss: 1.915033
[1, 938]: loss: 1.914973
[1, 939]: loss: 1.915023
[1, 940]: loss: 1.915088
[1, 941]: loss: 1.915049
[1, 942]: loss: 1.915007
[1, 943]: loss: 1.914724
[1, 944]: loss: 1.914810
[1, 945]: loss: 1.914478
[1, 946]: loss: 1.914606
[1, 947]: loss: 1.914608
[1, 948]: loss: 1.914227
[1, 949]: loss: 1.914342
[1, 950]: loss: 1.914627
[1, 951]: loss: 1.914934
[1, 952]: loss: 1.914659
[1, 953]: loss: 1.914345
[1, 954]: loss: 1.914119
[1, 955]: loss: 1.914046
[1, 956]: loss: 1.913660
[1, 957]: loss: 1.913721
[1, 958]: loss: 1.913755
[1, 959]: loss: 1.913835
[1, 960]: loss: 1.913809
[1, 961]: loss: 1.913638
[1, 962]: loss: 1.913661
[1, 963]: loss: 1.913645
[1, 964]: loss: 1.913473
[1, 965]: loss: 1.913078
[1, 966]: loss: 1.912743
[1, 967]: loss: 1.912685
[1, 968]: loss: 1.912745
[1, 969]: loss: 1.912821
[1, 970]: loss: 1.912596
[1, 971]: loss: 1.912343
[1, 972]: loss: 1.912538
[1, 973]: loss: 1.912243
[1, 974]: loss: 1.911954
[1, 975]: loss: 1.911795
[1, 976]: loss: 1.911532
[1, 977]: loss: 1.911357
[1, 978]: loss: 1.911397
[1, 979]: loss: 1.911308
[1, 980]: loss: 1.911168
[1, 981]: loss: 1.910980
[1, 982]: loss: 1.910868
[1, 983]: loss: 1.910825
[1, 984]: loss: 1.910493
[1, 985]: loss: 1.910382
[1, 986]: loss: 1.910288
[1, 987]: loss: 1.910184
[1, 988]: loss: 1.910150
[1, 989]: loss: 1.910109
[1, 990]: loss: 1.910106
[1, 991]: loss: 1.909952
[1, 992]: loss: 1.910007
[1, 993]: loss: 1.910001
[1, 994]: loss: 1.910067
[1, 995]: loss: 1.909771
[1, 996]: loss: 1.909607
[1, 997]: loss: 1.909648
[1, 998]: loss: 1.909669
[1, 999]: loss: 1.909374
[1, 1000]: loss: 1.909278
[1, 1001]: loss: 1.908962
[1, 1002]: loss: 1.908651
[1, 1003]: loss: 1.908752
[1, 1004]: loss: 1.908923
[1, 1005]: loss: 1.908912
[1, 1006]: loss: 1.908632
[1, 1007]: loss: 1.908616
[1, 1008]: loss: 1.908399
[1, 1009]: loss: 1.908623
[1, 1010]: loss: 1.908596
[1, 1011]: loss: 1.908566
[1, 1012]: loss: 1.908602
[1, 1013]: loss: 1.908644
[1, 1014]: loss: 1.908545
[1, 1015]: loss: 1.908366
[1, 1016]: loss: 1.908398
[1, 1017]: loss: 1.908189
[1, 1018]: loss: 1.908337
[1, 1019]: loss: 1.908418
[1, 1020]: loss: 1.908377
[1, 1021]: loss: 1.908501
[1, 1022]: loss: 1.908545
[1, 1023]: loss: 1.908501
[1, 1024]: loss: 1.908413
[1, 1025]: loss: 1.908409
[1, 1026]: loss: 1.908286
[1, 1027]: loss: 1.908207
[1, 1028]: loss: 1.907959
[1, 1029]: loss: 1.907868
[1, 1030]: loss: 1.907676
[1, 1031]: loss: 1.907657
[1, 1032]: loss: 1.907436
[1, 1033]: loss: 1.907314
[1, 1034]: loss: 1.907489
[1, 1035]: loss: 1.907221
[1, 1036]: loss: 1.907185
[1, 1037]: loss: 1.907112
[1, 1038]: loss: 1.907070
[1, 1039]: loss: 1.906886
[1, 1040]: loss: 1.906753
[1, 1041]: loss: 1.906940
[1, 1042]: loss: 1.906805
[1, 1043]: loss: 1.906805
[1, 1044]: loss: 1.907007
[1, 1045]: loss: 1.906917
[1, 1046]: loss: 1.906593
[1, 1047]: loss: 1.906641
[1, 1048]: loss: 1.906477
[1, 1049]: loss: 1.906208
[1, 1050]: loss: 1.906064
[1, 1051]: loss: 1.905913
[1, 1052]: loss: 1.905935
[1, 1053]: loss: 1.905805
[1, 1054]: loss: 1.905970
[1, 1055]: loss: 1.905724
[1, 1056]: loss: 1.905615
[1, 1057]: loss: 1.905591
[1, 1058]: loss: 1.905386
[1, 1059]: loss: 1.905395
[1, 1060]: loss: 1.905201
[1, 1061]: loss: 1.904988
[1, 1062]: loss: 1.904942
[1, 1063]: loss: 1.904688
[1, 1064]: loss: 1.904456
[1, 1065]: loss: 1.904252
[1, 1066]: loss: 1.904385
[1, 1067]: loss: 1.904320
[1, 1068]: loss: 1.904083
[1, 1069]: loss: 1.903945
[1, 1070]: loss: 1.903887
[1, 1071]: loss: 1.903855
[1, 1072]: loss: 1.903813
[1, 1073]: loss: 1.903526
[1, 1074]: loss: 1.903313
[1, 1075]: loss: 1.903024
[1, 1076]: loss: 1.902750
[1, 1077]: loss: 1.902654
[1, 1078]: loss: 1.902530
[1, 1079]: loss: 1.902630
[1, 1080]: loss: 1.902827
[1, 1081]: loss: 1.902801
[1, 1082]: loss: 1.902633
[1, 1083]: loss: 1.902806
[1, 1084]: loss: 1.902814
[1, 1085]: loss: 1.902967
[1, 1086]: loss: 1.902915
[1, 1087]: loss: 1.902802
[1, 1088]: loss: 1.902708
[1, 1089]: loss: 1.902630
[1, 1090]: loss: 1.902679
[1, 1091]: loss: 1.902533
[1, 1092]: loss: 1.902748
[1, 1093]: loss: 1.902620
[1, 1094]: loss: 1.902675
[1, 1095]: loss: 1.902430
[1, 1096]: loss: 1.902299
[1, 1097]: loss: 1.902046
[1, 1098]: loss: 1.901928
[1, 1099]: loss: 1.901701
[1, 1100]: loss: 1.901586
[1, 1101]: loss: 1.901350
[1, 1102]: loss: 1.901546
[1, 1103]: loss: 1.901323
[1, 1104]: loss: 1.901136
[1, 1105]: loss: 1.900983
[1, 1106]: loss: 1.901072
[1, 1107]: loss: 1.900862
[1, 1108]: loss: 1.900940
[1, 1109]: loss: 1.900604
[1, 1110]: loss: 1.900627
[1, 1111]: loss: 1.900273
[1, 1112]: loss: 1.900387
[1, 1113]: loss: 1.900279
[1, 1114]: loss: 1.900305
[1, 1115]: loss: 1.900111
[1, 1116]: loss: 1.899792
[1, 1117]: loss: 1.899704
[1, 1118]: loss: 1.899696
[1, 1119]: loss: 1.899559
[1, 1120]: loss: 1.899849
[1, 1121]: loss: 1.899589
[1, 1122]: loss: 1.899673
[1, 1123]: loss: 1.899474
[1, 1124]: loss: 1.899567
[1, 1125]: loss: 1.899496
[1, 1126]: loss: 1.899248
[1, 1127]: loss: 1.899214
[1, 1128]: loss: 1.899271
[1, 1129]: loss: 1.899085
[1, 1130]: loss: 1.898722
[1, 1131]: loss: 1.898546
[1, 1132]: loss: 1.898388
[1, 1133]: loss: 1.898166
[1, 1134]: loss: 1.897897
[1, 1135]: loss: 1.897833
[1, 1136]: loss: 1.897901
[1, 1137]: loss: 1.897905
[1, 1138]: loss: 1.897892
[1, 1139]: loss: 1.897572
[1, 1140]: loss: 1.897533
[1, 1141]: loss: 1.897619
[1, 1142]: loss: 1.897453
[1, 1143]: loss: 1.897301
[1, 1144]: loss: 1.897191
[1, 1145]: loss: 1.897019
[1, 1146]: loss: 1.896854
[1, 1147]: loss: 1.896646
[1, 1148]: loss: 1.896515
[1, 1149]: loss: 1.896585
[1, 1150]: loss: 1.896452
[1, 1151]: loss: 1.896352
[1, 1152]: loss: 1.896264
[1, 1153]: loss: 1.896056
[1, 1154]: loss: 1.895805
[1, 1155]: loss: 1.895891
[1, 1156]: loss: 1.895799
[1, 1157]: loss: 1.895527
[1, 1158]: loss: 1.895559
[1, 1159]: loss: 1.895414
[1, 1160]: loss: 1.895389
[1, 1161]: loss: 1.895313
[1, 1162]: loss: 1.895293
[1, 1163]: loss: 1.895392
[1, 1164]: loss: 1.895546
[1, 1165]: loss: 1.895580
[1, 1166]: loss: 1.895568
[1, 1167]: loss: 1.895364
[1, 1168]: loss: 1.895242
[1, 1169]: loss: 1.895121
[1, 1170]: loss: 1.895401
[1, 1171]: loss: 1.895121
[1, 1172]: loss: 1.895096
[1, 1173]: loss: 1.895077
[1, 1174]: loss: 1.894934
[1, 1175]: loss: 1.894884
[1, 1176]: loss: 1.894904
[1, 1177]: loss: 1.894936
[1, 1178]: loss: 1.894735
[1, 1179]: loss: 1.894527
[1, 1180]: loss: 1.894650
[1, 1181]: loss: 1.894487
[1, 1182]: loss: 1.894309
[1, 1183]: loss: 1.894260
[1, 1184]: loss: 1.894258
[1, 1185]: loss: 1.894179
[1, 1186]: loss: 1.894211
[1, 1187]: loss: 1.894187
[1, 1188]: loss: 1.894313
[1, 1189]: loss: 1.894309
[1, 1190]: loss: 1.894415
[1, 1191]: loss: 1.894364
[1, 1192]: loss: 1.894442
[1, 1193]: loss: 1.894228
[1, 1194]: loss: 1.894141
[1, 1195]: loss: 1.893899
[1, 1196]: loss: 1.893746
[1, 1197]: loss: 1.893616
[1, 1198]: loss: 1.893655
[1, 1199]: loss: 1.893455
[1, 1200]: loss: 1.893413
[1, 1201]: loss: 1.893407
[1, 1202]: loss: 1.893275
[1, 1203]: loss: 1.893114
[1, 1204]: loss: 1.892882
[1, 1205]: loss: 1.892911
[1, 1206]: loss: 1.893050
[1, 1207]: loss: 1.892895
[1, 1208]: loss: 1.892779
[1, 1209]: loss: 1.892535
[1, 1210]: loss: 1.892572
[1, 1211]: loss: 1.892431
[1, 1212]: loss: 1.892364
[1, 1213]: loss: 1.892327
[1, 1214]: loss: 1.892241
[1, 1215]: loss: 1.892157
[1, 1216]: loss: 1.892048
[1, 1217]: loss: 1.892048
[1, 1218]: loss: 1.891865
[1, 1219]: loss: 1.891729
[1, 1220]: loss: 1.891615
[1, 1221]: loss: 1.891498
[1, 1222]: loss: 1.891310
[1, 1223]: loss: 1.891096
[1, 1224]: loss: 1.890982
[1, 1225]: loss: 1.890982
[1, 1226]: loss: 1.891049
[1, 1227]: loss: 1.891016
[1, 1228]: loss: 1.890950
[1, 1229]: loss: 1.890814
[1, 1230]: loss: 1.890700
[1, 1231]: loss: 1.890853
[1, 1232]: loss: 1.890874
[1, 1233]: loss: 1.890800
[1, 1234]: loss: 1.890759
[1, 1235]: loss: 1.890847
[1, 1236]: loss: 1.890551
[1, 1237]: loss: 1.890320
[1, 1238]: loss: 1.890151
[1, 1239]: loss: 1.890075
[1, 1240]: loss: 1.890172
[1, 1241]: loss: 1.890240
[1, 1242]: loss: 1.890198
[1, 1243]: loss: 1.890211
[1, 1244]: loss: 1.890089
[1, 1245]: loss: 1.889873
[1, 1246]: loss: 1.889769
[1, 1247]: loss: 1.889703
[1, 1248]: loss: 1.889752
[1, 1249]: loss: 1.889694
