[0, 0]: loss: 2.294437
[0, 1]: loss: 2.313272
[0, 2]: loss: 2.313901
[0, 3]: loss: 2.306685
[0, 4]: loss: 2.301190
[0, 5]: loss: 2.295566
[0, 6]: loss: 2.305925
[0, 7]: loss: 2.302446
[0, 8]: loss: 2.307401
[0, 9]: loss: 2.306173
[0, 10]: loss: 2.305331
[0, 11]: loss: 2.302801
[0, 12]: loss: 2.298958
[0, 13]: loss: 2.298898
[0, 14]: loss: 2.295557
[0, 15]: loss: 2.286381
[0, 16]: loss: 2.284859
[0, 17]: loss: 2.284168
[0, 18]: loss: 2.286544
[0, 19]: loss: 2.288414
[0, 20]: loss: 2.287200
[0, 21]: loss: 2.284965
[0, 22]: loss: 2.281643
[0, 23]: loss: 2.283676
[0, 24]: loss: 2.282490
[0, 25]: loss: 2.277402
[0, 26]: loss: 2.277379
[0, 27]: loss: 2.273662
[0, 28]: loss: 2.269918
[0, 29]: loss: 2.266350
[0, 30]: loss: 2.266672
[0, 31]: loss: 2.267189
[0, 32]: loss: 2.266197
[0, 33]: loss: 2.260510
[0, 34]: loss: 2.260656
[0, 35]: loss: 2.259247
[0, 36]: loss: 2.258437
[0, 37]: loss: 2.252723
[0, 38]: loss: 2.249406
[0, 39]: loss: 2.246004
[0, 40]: loss: 2.246327
[0, 41]: loss: 2.240049
[0, 42]: loss: 2.236574
[0, 43]: loss: 2.234295
[0, 44]: loss: 2.230679
[0, 45]: loss: 2.227059
[0, 46]: loss: 2.223528
[0, 47]: loss: 2.217619
[0, 48]: loss: 2.212590
[0, 49]: loss: 2.205060
[0, 50]: loss: 2.200728
[0, 51]: loss: 2.193740
[0, 52]: loss: 2.187805
[0, 53]: loss: 2.183737
[0, 54]: loss: 2.177404
[0, 55]: loss: 2.171229
[0, 56]: loss: 2.169892
[0, 57]: loss: 2.164365
[0, 58]: loss: 2.158696
[0, 59]: loss: 2.152798
[0, 60]: loss: 2.146784
[0, 61]: loss: 2.141672
[0, 62]: loss: 2.133751
[0, 63]: loss: 2.127309
[0, 64]: loss: 2.124495
[0, 65]: loss: 2.118663
[0, 66]: loss: 2.115931
[0, 67]: loss: 2.111175
[0, 68]: loss: 2.104725
[0, 69]: loss: 2.101203
[0, 70]: loss: 2.098295
[0, 71]: loss: 2.092467
[0, 72]: loss: 2.087848
[0, 73]: loss: 2.083228
[0, 74]: loss: 2.078343
[0, 75]: loss: 2.074074
[0, 76]: loss: 2.072407
[0, 77]: loss: 2.068962
[0, 78]: loss: 2.065528
[0, 79]: loss: 2.062058
[0, 80]: loss: 2.062253
[0, 81]: loss: 2.057391
[0, 82]: loss: 2.054077
[0, 83]: loss: 2.051747
[0, 84]: loss: 2.049088
[0, 85]: loss: 2.046205
[0, 86]: loss: 2.043731
[0, 87]: loss: 2.041704
[0, 88]: loss: 2.036701
[0, 89]: loss: 2.034576
[0, 90]: loss: 2.033575
[0, 91]: loss: 2.029602
[0, 92]: loss: 2.027683
[0, 93]: loss: 2.023766
[0, 94]: loss: 2.021866
[0, 95]: loss: 2.023289
[0, 96]: loss: 2.020128
[0, 97]: loss: 2.018652
[0, 98]: loss: 2.017142
[0, 99]: loss: 2.016414
[0, 100]: loss: 2.015022
[0, 101]: loss: 2.014655
[0, 102]: loss: 2.013108
[0, 103]: loss: 2.010004
[0, 104]: loss: 2.006713
[0, 105]: loss: 2.008326
[0, 106]: loss: 2.005414
[0, 107]: loss: 2.004998
[0, 108]: loss: 2.003653
[0, 109]: loss: 2.002170
[0, 110]: loss: 2.001446
[0, 111]: loss: 2.000521
[0, 112]: loss: 1.998795
[0, 113]: loss: 1.997359
[0, 114]: loss: 1.994757
[0, 115]: loss: 1.993117
[0, 116]: loss: 1.992188
[0, 117]: loss: 1.992132
[0, 118]: loss: 1.991491
[0, 119]: loss: 1.990050
[0, 120]: loss: 1.986857
[0, 121]: loss: 1.983553
[0, 122]: loss: 1.981703
[0, 123]: loss: 1.979821
[0, 124]: loss: 1.980204
[0, 125]: loss: 1.976867
[0, 126]: loss: 1.975521
[0, 127]: loss: 1.973902
[0, 128]: loss: 1.971942
[0, 129]: loss: 1.968450
[0, 130]: loss: 1.966359
[0, 131]: loss: 1.964053
[0, 132]: loss: 1.963889
[0, 133]: loss: 1.961886
[0, 134]: loss: 1.959221
[0, 135]: loss: 1.957647
[0, 136]: loss: 1.955460
[0, 137]: loss: 1.952684
[0, 138]: loss: 1.951601
[0, 139]: loss: 1.949473
[0, 140]: loss: 1.949348
[0, 141]: loss: 1.945506
[0, 142]: loss: 1.943289
[0, 143]: loss: 1.942284
[0, 144]: loss: 1.939924
[0, 145]: loss: 1.937825
[0, 146]: loss: 1.938088
[0, 147]: loss: 1.936063
[0, 148]: loss: 1.933719
[0, 149]: loss: 1.931486
[0, 150]: loss: 1.930350
[0, 151]: loss: 1.928050
[0, 152]: loss: 1.926093
[0, 153]: loss: 1.923523
[0, 154]: loss: 1.921463
[0, 155]: loss: 1.918166
[0, 156]: loss: 1.916543
[0, 157]: loss: 1.913964
[0, 158]: loss: 1.913980
[0, 159]: loss: 1.915536
[0, 160]: loss: 1.914105
[0, 161]: loss: 1.912587
[0, 162]: loss: 1.910914
[0, 163]: loss: 1.908867
[0, 164]: loss: 1.907299
[0, 165]: loss: 1.906008
[0, 166]: loss: 1.906419
[0, 167]: loss: 1.905309
[0, 168]: loss: 1.904208
[0, 169]: loss: 1.902900
[0, 170]: loss: 1.903069
[0, 171]: loss: 1.902329
[0, 172]: loss: 1.899824
[0, 173]: loss: 1.896991
[0, 174]: loss: 1.895516
[0, 175]: loss: 1.894789
[0, 176]: loss: 1.893522
[0, 177]: loss: 1.891560
[0, 178]: loss: 1.889450
[0, 179]: loss: 1.888546
[0, 180]: loss: 1.887773
[0, 181]: loss: 1.886290
[0, 182]: loss: 1.884963
[0, 183]: loss: 1.883166
[0, 184]: loss: 1.883599
[0, 185]: loss: 1.881840
[0, 186]: loss: 1.880692
[0, 187]: loss: 1.878498
[0, 188]: loss: 1.878406
[0, 189]: loss: 1.876814
[0, 190]: loss: 1.875620
[0, 191]: loss: 1.874607
[0, 192]: loss: 1.872794
[0, 193]: loss: 1.871332
[0, 194]: loss: 1.869495
[0, 195]: loss: 1.868602
[0, 196]: loss: 1.866732
[0, 197]: loss: 1.865724
[0, 198]: loss: 1.864859
[0, 199]: loss: 1.863228
[0, 200]: loss: 1.860832
[0, 201]: loss: 1.859440
[0, 202]: loss: 1.856418
[0, 203]: loss: 1.854962
[0, 204]: loss: 1.853174
[0, 205]: loss: 1.850623
[0, 206]: loss: 1.849979
[0, 207]: loss: 1.848608
[0, 208]: loss: 1.847791
[0, 209]: loss: 1.846644
[0, 210]: loss: 1.845402
[0, 211]: loss: 1.844734
[0, 212]: loss: 1.843061
[0, 213]: loss: 1.841585
[0, 214]: loss: 1.840958
[0, 215]: loss: 1.839565
[0, 216]: loss: 1.838458
[0, 217]: loss: 1.837590
[0, 218]: loss: 1.836821
[0, 219]: loss: 1.835401
[0, 220]: loss: 1.833980
[0, 221]: loss: 1.833572
[0, 222]: loss: 1.832948
[0, 223]: loss: 1.832588
[0, 224]: loss: 1.832303
[0, 225]: loss: 1.830859
[0, 226]: loss: 1.831874
[0, 227]: loss: 1.831005
[0, 228]: loss: 1.830173
[0, 229]: loss: 1.828231
[0, 230]: loss: 1.827038
[0, 231]: loss: 1.824882
[0, 232]: loss: 1.823798
[0, 233]: loss: 1.823187
[0, 234]: loss: 1.822693
[0, 235]: loss: 1.821378
[0, 236]: loss: 1.820117
[0, 237]: loss: 1.818903
[0, 238]: loss: 1.817663
[0, 239]: loss: 1.816258
[0, 240]: loss: 1.815846
[0, 241]: loss: 1.815400
[0, 242]: loss: 1.814284
[0, 243]: loss: 1.813534
[0, 244]: loss: 1.811500
[0, 245]: loss: 1.809863
[0, 246]: loss: 1.808395
[0, 247]: loss: 1.807021
[0, 248]: loss: 1.805057
[0, 249]: loss: 1.804734
[0, 250]: loss: 1.802869
[0, 251]: loss: 1.802069
[0, 252]: loss: 1.799660
[0, 253]: loss: 1.799453
[0, 254]: loss: 1.798893
[0, 255]: loss: 1.797352
[0, 256]: loss: 1.795794
[0, 257]: loss: 1.795409
[0, 258]: loss: 1.794073
[0, 259]: loss: 1.792542
[0, 260]: loss: 1.791379
[0, 261]: loss: 1.789732
[0, 262]: loss: 1.789046
[0, 263]: loss: 1.787347
[0, 264]: loss: 1.785619
[0, 265]: loss: 1.784049
[0, 266]: loss: 1.782213
[0, 267]: loss: 1.780742
[0, 268]: loss: 1.780156
[0, 269]: loss: 1.778788
[0, 270]: loss: 1.777975
[0, 271]: loss: 1.776526
[0, 272]: loss: 1.774506
[0, 273]: loss: 1.774902
[0, 274]: loss: 1.773856
[0, 275]: loss: 1.772667
[0, 276]: loss: 1.772511
[0, 277]: loss: 1.771871
[0, 278]: loss: 1.771417
[0, 279]: loss: 1.771324
[0, 280]: loss: 1.769908
[0, 281]: loss: 1.768428
[0, 282]: loss: 1.766480
[0, 283]: loss: 1.765034
[0, 284]: loss: 1.765034
[0, 285]: loss: 1.764407
[0, 286]: loss: 1.763648
[0, 287]: loss: 1.762960
[0, 288]: loss: 1.761132
[0, 289]: loss: 1.760413
[0, 290]: loss: 1.759705
[0, 291]: loss: 1.759052
[0, 292]: loss: 1.758519
[0, 293]: loss: 1.757604
[0, 294]: loss: 1.756180
[0, 295]: loss: 1.755495
[0, 296]: loss: 1.754221
[0, 297]: loss: 1.753801
[0, 298]: loss: 1.753036
[0, 299]: loss: 1.751841
[0, 300]: loss: 1.750474
[0, 301]: loss: 1.749494
[0, 302]: loss: 1.748877
[0, 303]: loss: 1.748506
[0, 304]: loss: 1.747417
[0, 305]: loss: 1.746021
[0, 306]: loss: 1.745769
[0, 307]: loss: 1.744524
[0, 308]: loss: 1.743614
[0, 309]: loss: 1.743622
[0, 310]: loss: 1.742731
[0, 311]: loss: 1.742577
[0, 312]: loss: 1.741765
[0, 313]: loss: 1.741243
[0, 314]: loss: 1.740022
[0, 315]: loss: 1.738238
[0, 316]: loss: 1.738178
[0, 317]: loss: 1.737781
[0, 318]: loss: 1.736272
[0, 319]: loss: 1.735953
[0, 320]: loss: 1.734403
[0, 321]: loss: 1.733316
[0, 322]: loss: 1.732314
[0, 323]: loss: 1.730589
[0, 324]: loss: 1.729772
[0, 325]: loss: 1.729433
[0, 326]: loss: 1.728032
[0, 327]: loss: 1.727106
[0, 328]: loss: 1.726187
[0, 329]: loss: 1.725589
[0, 330]: loss: 1.725010
[0, 331]: loss: 1.723830
[0, 332]: loss: 1.722282
[0, 333]: loss: 1.721425
[0, 334]: loss: 1.720368
[0, 335]: loss: 1.720355
[0, 336]: loss: 1.719134
[0, 337]: loss: 1.719109
[0, 338]: loss: 1.719196
[0, 339]: loss: 1.718253
[0, 340]: loss: 1.717890
[0, 341]: loss: 1.716838
[0, 342]: loss: 1.715756
[0, 343]: loss: 1.715040
[0, 344]: loss: 1.714067
[0, 345]: loss: 1.713258
[0, 346]: loss: 1.712194
[0, 347]: loss: 1.711123
[0, 348]: loss: 1.710621
[0, 349]: loss: 1.709535
[0, 350]: loss: 1.708051
[0, 351]: loss: 1.706983
[0, 352]: loss: 1.706105
[0, 353]: loss: 1.705030
[0, 354]: loss: 1.704813
[0, 355]: loss: 1.703811
[0, 356]: loss: 1.704736
[0, 357]: loss: 1.704038
[0, 358]: loss: 1.703662
[0, 359]: loss: 1.703199
[0, 360]: loss: 1.703066
[0, 361]: loss: 1.702214
[0, 362]: loss: 1.701224
[0, 363]: loss: 1.699891
[0, 364]: loss: 1.698823
[0, 365]: loss: 1.697859
[0, 366]: loss: 1.696726
[0, 367]: loss: 1.695813
[0, 368]: loss: 1.694792
[0, 369]: loss: 1.693845
[0, 370]: loss: 1.692415
[0, 371]: loss: 1.691631
[0, 372]: loss: 1.691175
[0, 373]: loss: 1.690296
[0, 374]: loss: 1.689748
[0, 375]: loss: 1.689686
[0, 376]: loss: 1.688511
[0, 377]: loss: 1.687086
[0, 378]: loss: 1.685933
[0, 379]: loss: 1.684835
[0, 380]: loss: 1.683267
[0, 381]: loss: 1.682673
[0, 382]: loss: 1.681600
[0, 383]: loss: 1.680103
[0, 384]: loss: 1.679561
[0, 385]: loss: 1.678517
[0, 386]: loss: 1.677857
[0, 387]: loss: 1.677629
[0, 388]: loss: 1.676185
[0, 389]: loss: 1.675502
[0, 390]: loss: 1.675162
[0, 391]: loss: 1.674149
[0, 392]: loss: 1.673580
[0, 393]: loss: 1.674026
[0, 394]: loss: 1.673445
[0, 395]: loss: 1.673809
[0, 396]: loss: 1.673214
[0, 397]: loss: 1.672411
[0, 398]: loss: 1.672077
[0, 399]: loss: 1.671255
[0, 400]: loss: 1.670314
[0, 401]: loss: 1.669672
[0, 402]: loss: 1.669616
[0, 403]: loss: 1.669091
[0, 404]: loss: 1.669145
[0, 405]: loss: 1.667933
[0, 406]: loss: 1.668346
[0, 407]: loss: 1.667278
[0, 408]: loss: 1.666637
[0, 409]: loss: 1.666111
[0, 410]: loss: 1.664544
[0, 411]: loss: 1.663921
[0, 412]: loss: 1.663346
[0, 413]: loss: 1.662653
[0, 414]: loss: 1.661864
[0, 415]: loss: 1.660809
[0, 416]: loss: 1.659972
[0, 417]: loss: 1.658886
[0, 418]: loss: 1.658061
[0, 419]: loss: 1.657589
[0, 420]: loss: 1.657365
[0, 421]: loss: 1.656676
[0, 422]: loss: 1.655593
[0, 423]: loss: 1.654380
[0, 424]: loss: 1.654258
[0, 425]: loss: 1.652853
[0, 426]: loss: 1.651909
[0, 427]: loss: 1.650763
[0, 428]: loss: 1.650467
[0, 429]: loss: 1.650520
[0, 430]: loss: 1.650279
[0, 431]: loss: 1.649424
[0, 432]: loss: 1.648974
[0, 433]: loss: 1.648416
[0, 434]: loss: 1.647853
[0, 435]: loss: 1.647431
[0, 436]: loss: 1.647294
[0, 437]: loss: 1.647099
[0, 438]: loss: 1.646350
[0, 439]: loss: 1.645851
[0, 440]: loss: 1.644921
[0, 441]: loss: 1.644220
[0, 442]: loss: 1.643482
[0, 443]: loss: 1.642976
[0, 444]: loss: 1.641664
[0, 445]: loss: 1.640724
[0, 446]: loss: 1.640637
[0, 447]: loss: 1.640449
[0, 448]: loss: 1.640199
[0, 449]: loss: 1.639795
[0, 450]: loss: 1.638643
[0, 451]: loss: 1.637971
[0, 452]: loss: 1.637961
[0, 453]: loss: 1.637214
[0, 454]: loss: 1.636782
[0, 455]: loss: 1.637059
[0, 456]: loss: 1.636157
[0, 457]: loss: 1.636552
[0, 458]: loss: 1.636128
[0, 459]: loss: 1.635511
[0, 460]: loss: 1.634887
[0, 461]: loss: 1.634008
[0, 462]: loss: 1.633827
[0, 463]: loss: 1.633288
[0, 464]: loss: 1.632851
[0, 465]: loss: 1.632204
[0, 466]: loss: 1.631515
[0, 467]: loss: 1.630893
[0, 468]: loss: 1.629991
[0, 469]: loss: 1.629221
[0, 470]: loss: 1.628405
[0, 471]: loss: 1.627839
[0, 472]: loss: 1.626967
[0, 473]: loss: 1.626286
[0, 474]: loss: 1.625717
[0, 475]: loss: 1.625468
[0, 476]: loss: 1.624673
[0, 477]: loss: 1.623764
[0, 478]: loss: 1.622876
[0, 479]: loss: 1.622320
[0, 480]: loss: 1.621631
[0, 481]: loss: 1.620862
[0, 482]: loss: 1.620178
[0, 483]: loss: 1.619717
[0, 484]: loss: 1.618995
[0, 485]: loss: 1.618324
[0, 486]: loss: 1.617771
[0, 487]: loss: 1.617294
[0, 488]: loss: 1.616654
[0, 489]: loss: 1.616584
[0, 490]: loss: 1.615706
[0, 491]: loss: 1.614800
[0, 492]: loss: 1.613598
[0, 493]: loss: 1.613361
[0, 494]: loss: 1.612676
[0, 495]: loss: 1.612082
[0, 496]: loss: 1.611829
[0, 497]: loss: 1.611699
[0, 498]: loss: 1.611430
[0, 499]: loss: 1.611099
[0, 500]: loss: 1.610572
[0, 501]: loss: 1.610229
[0, 502]: loss: 1.609696
[0, 503]: loss: 1.608972
[0, 504]: loss: 1.608776
[0, 505]: loss: 1.608215
[0, 506]: loss: 1.607388
[0, 507]: loss: 1.606249
[0, 508]: loss: 1.605476
[0, 509]: loss: 1.604439
[0, 510]: loss: 1.603940
[0, 511]: loss: 1.603503
[0, 512]: loss: 1.603135
[0, 513]: loss: 1.602271
[0, 514]: loss: 1.601829
[0, 515]: loss: 1.600936
[0, 516]: loss: 1.599878
[0, 517]: loss: 1.599206
[0, 518]: loss: 1.598803
[0, 519]: loss: 1.598152
[0, 520]: loss: 1.597539
[0, 521]: loss: 1.596666
[0, 522]: loss: 1.596526
[0, 523]: loss: 1.595821
[0, 524]: loss: 1.595442
[0, 525]: loss: 1.595091
[0, 526]: loss: 1.594925
[0, 527]: loss: 1.594065
[0, 528]: loss: 1.593339
[0, 529]: loss: 1.594085
[0, 530]: loss: 1.593529
[0, 531]: loss: 1.592867
[0, 532]: loss: 1.592857
[0, 533]: loss: 1.592238
[0, 534]: loss: 1.592044
[0, 535]: loss: 1.591814
[0, 536]: loss: 1.591525
[0, 537]: loss: 1.590940
[0, 538]: loss: 1.590098
[0, 539]: loss: 1.589162
[0, 540]: loss: 1.588608
[0, 541]: loss: 1.588235
[0, 542]: loss: 1.588060
[0, 543]: loss: 1.587379
[0, 544]: loss: 1.587352
[0, 545]: loss: 1.586641
[0, 546]: loss: 1.586154
[0, 547]: loss: 1.585359
[0, 548]: loss: 1.584702
[0, 549]: loss: 1.584742
[0, 550]: loss: 1.584083
[0, 551]: loss: 1.583485
[0, 552]: loss: 1.583674
[0, 553]: loss: 1.582589
[0, 554]: loss: 1.582004
[0, 555]: loss: 1.581249
[0, 556]: loss: 1.581093
[0, 557]: loss: 1.580652
[0, 558]: loss: 1.580055
[0, 559]: loss: 1.579659
[0, 560]: loss: 1.579170
[0, 561]: loss: 1.578866
[0, 562]: loss: 1.577880
[0, 563]: loss: 1.576904
[0, 564]: loss: 1.576247
[0, 565]: loss: 1.576006
[0, 566]: loss: 1.575337
[0, 567]: loss: 1.575587
[0, 568]: loss: 1.574892
[0, 569]: loss: 1.574105
[0, 570]: loss: 1.573626
[0, 571]: loss: 1.573068
[0, 572]: loss: 1.572828
[0, 573]: loss: 1.571999
[0, 574]: loss: 1.571278
[0, 575]: loss: 1.570531
[0, 576]: loss: 1.569638
[0, 577]: loss: 1.569407
[0, 578]: loss: 1.568939
[0, 579]: loss: 1.567797
[0, 580]: loss: 1.567495
[0, 581]: loss: 1.567379
[0, 582]: loss: 1.566834
[0, 583]: loss: 1.566148
[0, 584]: loss: 1.565849
[0, 585]: loss: 1.565238
[0, 586]: loss: 1.564209
[0, 587]: loss: 1.563443
[0, 588]: loss: 1.563410
[0, 589]: loss: 1.562992
[0, 590]: loss: 1.562668
[0, 591]: loss: 1.561910
[0, 592]: loss: 1.561278
[0, 593]: loss: 1.560632
[0, 594]: loss: 1.559942
[0, 595]: loss: 1.559314
[0, 596]: loss: 1.559341
[0, 597]: loss: 1.558958
[0, 598]: loss: 1.558697
[0, 599]: loss: 1.557577
[0, 600]: loss: 1.557216
[0, 601]: loss: 1.556726
[0, 602]: loss: 1.555955
[0, 603]: loss: 1.555235
[0, 604]: loss: 1.554766
[0, 605]: loss: 1.554107
[0, 606]: loss: 1.553806
[0, 607]: loss: 1.553185
[0, 608]: loss: 1.552513
[0, 609]: loss: 1.552114
[0, 610]: loss: 1.552067
[0, 611]: loss: 1.551890
[0, 612]: loss: 1.551625
[0, 613]: loss: 1.550971
[0, 614]: loss: 1.550386
[0, 615]: loss: 1.549691
[0, 616]: loss: 1.548977
[0, 617]: loss: 1.548419
[0, 618]: loss: 1.547829
[0, 619]: loss: 1.547592
[0, 620]: loss: 1.546873
[0, 621]: loss: 1.546726
[0, 622]: loss: 1.546905
[0, 623]: loss: 1.546512
[0, 624]: loss: 1.546246
[0, 625]: loss: 1.545599
[0, 626]: loss: 1.545358
[0, 627]: loss: 1.545201
[0, 628]: loss: 1.544737
[0, 629]: loss: 1.544203
[0, 630]: loss: 1.543769
[0, 631]: loss: 1.543582
[0, 632]: loss: 1.543670
[0, 633]: loss: 1.543255
[0, 634]: loss: 1.542569
[0, 635]: loss: 1.542408
[0, 636]: loss: 1.542020
[0, 637]: loss: 1.541199
[0, 638]: loss: 1.540474
[0, 639]: loss: 1.539804
[0, 640]: loss: 1.539256
[0, 641]: loss: 1.538714
[0, 642]: loss: 1.538401
[0, 643]: loss: 1.537918
[0, 644]: loss: 1.537433
[0, 645]: loss: 1.537271
[0, 646]: loss: 1.537054
[0, 647]: loss: 1.536445
[0, 648]: loss: 1.536082
[0, 649]: loss: 1.536367
[0, 650]: loss: 1.535893
[0, 651]: loss: 1.535167
[0, 652]: loss: 1.535225
[0, 653]: loss: 1.535052
[0, 654]: loss: 1.534679
[0, 655]: loss: 1.533958
[0, 656]: loss: 1.533377
[0, 657]: loss: 1.532978
[0, 658]: loss: 1.532938
[0, 659]: loss: 1.532513
[0, 660]: loss: 1.531794
[0, 661]: loss: 1.531893
[0, 662]: loss: 1.531319
[0, 663]: loss: 1.530622
[0, 664]: loss: 1.530397
[0, 665]: loss: 1.529892
[0, 666]: loss: 1.529277
[0, 667]: loss: 1.528973
[0, 668]: loss: 1.529143
[0, 669]: loss: 1.529092
[0, 670]: loss: 1.528972
[0, 671]: loss: 1.528568
[0, 672]: loss: 1.527755
[0, 673]: loss: 1.527127
[0, 674]: loss: 1.526659
[0, 675]: loss: 1.525693
[0, 676]: loss: 1.525292
[0, 677]: loss: 1.524711
[0, 678]: loss: 1.524073
[0, 679]: loss: 1.523337
[0, 680]: loss: 1.522691
[0, 681]: loss: 1.522560
[0, 682]: loss: 1.521901
[0, 683]: loss: 1.521291
[0, 684]: loss: 1.521054
[0, 685]: loss: 1.520702
[0, 686]: loss: 1.520218
[0, 687]: loss: 1.519840
[0, 688]: loss: 1.519868
[0, 689]: loss: 1.519318
[0, 690]: loss: 1.518711
[0, 691]: loss: 1.518449
[0, 692]: loss: 1.518087
[0, 693]: loss: 1.517807
[0, 694]: loss: 1.516715
[0, 695]: loss: 1.516571
[0, 696]: loss: 1.516270
[0, 697]: loss: 1.516023
[0, 698]: loss: 1.514978
[0, 699]: loss: 1.514517
[0, 700]: loss: 1.514131
[0, 701]: loss: 1.513216
[0, 702]: loss: 1.512756
[0, 703]: loss: 1.512439
[0, 704]: loss: 1.511881
[0, 705]: loss: 1.511618
[0, 706]: loss: 1.511352
[0, 707]: loss: 1.511153
[0, 708]: loss: 1.510859
[0, 709]: loss: 1.510573
[0, 710]: loss: 1.510288
[0, 711]: loss: 1.510296
[0, 712]: loss: 1.510067
[0, 713]: loss: 1.509509
[0, 714]: loss: 1.509306
[0, 715]: loss: 1.508678
[0, 716]: loss: 1.508263
[0, 717]: loss: 1.507622
[0, 718]: loss: 1.507504
[0, 719]: loss: 1.507258
[0, 720]: loss: 1.507201
[0, 721]: loss: 1.506764
[0, 722]: loss: 1.506247
[0, 723]: loss: 1.505707
[0, 724]: loss: 1.504928
[0, 725]: loss: 1.504314
[0, 726]: loss: 1.503716
[0, 727]: loss: 1.503096
[0, 728]: loss: 1.502725
[0, 729]: loss: 1.502064
[0, 730]: loss: 1.502185
[0, 731]: loss: 1.501708
[0, 732]: loss: 1.501402
[0, 733]: loss: 1.500588
[0, 734]: loss: 1.500286
[0, 735]: loss: 1.499869
[0, 736]: loss: 1.499489
[0, 737]: loss: 1.498614
[0, 738]: loss: 1.498714
[0, 739]: loss: 1.498767
[0, 740]: loss: 1.498192
[0, 741]: loss: 1.497833
[0, 742]: loss: 1.497589
[0, 743]: loss: 1.497082
[0, 744]: loss: 1.496738
[0, 745]: loss: 1.496426
[0, 746]: loss: 1.496246
[0, 747]: loss: 1.495792
[0, 748]: loss: 1.495488
[0, 749]: loss: 1.495556
[0, 750]: loss: 1.494980
[0, 751]: loss: 1.494869
[0, 752]: loss: 1.494921
[0, 753]: loss: 1.494259
[0, 754]: loss: 1.493852
[0, 755]: loss: 1.493623
[0, 756]: loss: 1.493285
[0, 757]: loss: 1.492878
[0, 758]: loss: 1.491939
[0, 759]: loss: 1.491523
[0, 760]: loss: 1.491158
[0, 761]: loss: 1.490890
[0, 762]: loss: 1.490584
[0, 763]: loss: 1.490082
[0, 764]: loss: 1.489735
[0, 765]: loss: 1.489470
[0, 766]: loss: 1.488996
[0, 767]: loss: 1.488209
[0, 768]: loss: 1.487449
[0, 769]: loss: 1.486935
[0, 770]: loss: 1.486290
[0, 771]: loss: 1.485795
[0, 772]: loss: 1.484994
[0, 773]: loss: 1.484432
[0, 774]: loss: 1.484074
[0, 775]: loss: 1.484178
[0, 776]: loss: 1.484126
[0, 777]: loss: 1.483701
[0, 778]: loss: 1.482847
[0, 779]: loss: 1.482618
[0, 780]: loss: 1.481822
[0, 781]: loss: 1.481346
[0, 782]: loss: 1.481199
[0, 783]: loss: 1.480613
[0, 784]: loss: 1.480398
[0, 785]: loss: 1.479798
[0, 786]: loss: 1.479424
[0, 787]: loss: 1.479267
[0, 788]: loss: 1.479168
[0, 789]: loss: 1.478771
[0, 790]: loss: 1.478604
[0, 791]: loss: 1.478338
[0, 792]: loss: 1.477961
[0, 793]: loss: 1.477973
[0, 794]: loss: 1.477388
[0, 795]: loss: 1.476576
[0, 796]: loss: 1.476019
[0, 797]: loss: 1.476432
[0, 798]: loss: 1.476102
[0, 799]: loss: 1.475800
[0, 800]: loss: 1.475618
[0, 801]: loss: 1.475459
[0, 802]: loss: 1.474715
[0, 803]: loss: 1.474664
[0, 804]: loss: 1.474252
[0, 805]: loss: 1.474024
[0, 806]: loss: 1.473459
[0, 807]: loss: 1.472784
[0, 808]: loss: 1.472380
[0, 809]: loss: 1.471939
[0, 810]: loss: 1.471409
[0, 811]: loss: 1.471505
[0, 812]: loss: 1.471181
[0, 813]: loss: 1.470736
[0, 814]: loss: 1.470391
[0, 815]: loss: 1.470050
[0, 816]: loss: 1.469776
[0, 817]: loss: 1.469367
[0, 818]: loss: 1.469144
[0, 819]: loss: 1.468976
[0, 820]: loss: 1.468521
[0, 821]: loss: 1.468161
[0, 822]: loss: 1.468097
[0, 823]: loss: 1.467854
[0, 824]: loss: 1.467356
[0, 825]: loss: 1.467153
[0, 826]: loss: 1.466656
[0, 827]: loss: 1.466845
[0, 828]: loss: 1.466373
[0, 829]: loss: 1.465950
[0, 830]: loss: 1.465249
[0, 831]: loss: 1.464741
[0, 832]: loss: 1.464361
[0, 833]: loss: 1.463820
[0, 834]: loss: 1.463546
[0, 835]: loss: 1.463220
[0, 836]: loss: 1.463078
[0, 837]: loss: 1.462706
[0, 838]: loss: 1.461926
[0, 839]: loss: 1.461358
[0, 840]: loss: 1.460885
[0, 841]: loss: 1.460259
[0, 842]: loss: 1.460589
[0, 843]: loss: 1.460363
[0, 844]: loss: 1.460340
[0, 845]: loss: 1.459979
[0, 846]: loss: 1.459767
[0, 847]: loss: 1.459064
[0, 848]: loss: 1.458612
[0, 849]: loss: 1.458199
[0, 850]: loss: 1.457730
[0, 851]: loss: 1.456989
[0, 852]: loss: 1.456532
[0, 853]: loss: 1.455922
[0, 854]: loss: 1.455797
[0, 855]: loss: 1.455429
[0, 856]: loss: 1.454949
[0, 857]: loss: 1.454585
[0, 858]: loss: 1.454169
[0, 859]: loss: 1.453790
[0, 860]: loss: 1.453575
[0, 861]: loss: 1.453564
[0, 862]: loss: 1.453386
[0, 863]: loss: 1.452646
[0, 864]: loss: 1.452747
[0, 865]: loss: 1.452130
[0, 866]: loss: 1.451700
[0, 867]: loss: 1.451624
[0, 868]: loss: 1.451327
[0, 869]: loss: 1.450878
[0, 870]: loss: 1.450292
[0, 871]: loss: 1.450256
[0, 872]: loss: 1.450026
[0, 873]: loss: 1.449513
[0, 874]: loss: 1.449142
[0, 875]: loss: 1.448775
[0, 876]: loss: 1.448314
[0, 877]: loss: 1.447961
[0, 878]: loss: 1.447766
[0, 879]: loss: 1.447496
[0, 880]: loss: 1.447133
[0, 881]: loss: 1.446786
[0, 882]: loss: 1.446795
[0, 883]: loss: 1.446322
[0, 884]: loss: 1.445858
[0, 885]: loss: 1.445361
[0, 886]: loss: 1.445081
[0, 887]: loss: 1.444665
[0, 888]: loss: 1.444177
[0, 889]: loss: 1.443777
[0, 890]: loss: 1.443732
[0, 891]: loss: 1.443467
[0, 892]: loss: 1.443139
[0, 893]: loss: 1.442621
[0, 894]: loss: 1.442631
[0, 895]: loss: 1.442111
[0, 896]: loss: 1.441748
[0, 897]: loss: 1.441378
[0, 898]: loss: 1.441030
[0, 899]: loss: 1.440480
[0, 900]: loss: 1.440059
[0, 901]: loss: 1.439522
[0, 902]: loss: 1.438998
[0, 903]: loss: 1.438825
[0, 904]: loss: 1.438392
[0, 905]: loss: 1.437795
[0, 906]: loss: 1.437281
[0, 907]: loss: 1.436821
[0, 908]: loss: 1.436649
[0, 909]: loss: 1.435834
[0, 910]: loss: 1.435437
[0, 911]: loss: 1.435270
[0, 912]: loss: 1.435041
[0, 913]: loss: 1.434853
[0, 914]: loss: 1.434643
[0, 915]: loss: 1.434268
[0, 916]: loss: 1.434051
[0, 917]: loss: 1.434123
[0, 918]: loss: 1.434027
[0, 919]: loss: 1.433934
[0, 920]: loss: 1.434017
[0, 921]: loss: 1.433444
[0, 922]: loss: 1.432928
[0, 923]: loss: 1.432754
[0, 924]: loss: 1.432305
[0, 925]: loss: 1.431689
[0, 926]: loss: 1.431487
[0, 927]: loss: 1.431307
[0, 928]: loss: 1.431064
[0, 929]: loss: 1.430462
[0, 930]: loss: 1.430346
[0, 931]: loss: 1.430283
[0, 932]: loss: 1.430029
[0, 933]: loss: 1.429770
[0, 934]: loss: 1.429355
[0, 935]: loss: 1.429192
[0, 936]: loss: 1.428716
[0, 937]: loss: 1.428248
[0, 938]: loss: 1.428152
[0, 939]: loss: 1.427661
[0, 940]: loss: 1.427386
[0, 941]: loss: 1.426825
[0, 942]: loss: 1.426631
[0, 943]: loss: 1.426274
[0, 944]: loss: 1.425884
[0, 945]: loss: 1.425904
[0, 946]: loss: 1.425496
[0, 947]: loss: 1.425095
[0, 948]: loss: 1.424731
[0, 949]: loss: 1.424281
[0, 950]: loss: 1.423855
[0, 951]: loss: 1.423104
[0, 952]: loss: 1.422686
[0, 953]: loss: 1.422211
[0, 954]: loss: 1.421900
[0, 955]: loss: 1.421610
[0, 956]: loss: 1.421612
[0, 957]: loss: 1.421344
[0, 958]: loss: 1.421227
[0, 959]: loss: 1.420763
[0, 960]: loss: 1.420228
[0, 961]: loss: 1.419592
[0, 962]: loss: 1.419266
[0, 963]: loss: 1.418692
[0, 964]: loss: 1.418624
[0, 965]: loss: 1.418450
[0, 966]: loss: 1.417956
[0, 967]: loss: 1.417281
[0, 968]: loss: 1.416842
[0, 969]: loss: 1.416392
[0, 970]: loss: 1.416324
[0, 971]: loss: 1.415931
[0, 972]: loss: 1.415846
[0, 973]: loss: 1.415643
[0, 974]: loss: 1.415315
[0, 975]: loss: 1.414816
[0, 976]: loss: 1.414293
[0, 977]: loss: 1.413891
[0, 978]: loss: 1.413332
[0, 979]: loss: 1.413202
[0, 980]: loss: 1.413025
[0, 981]: loss: 1.412697
[0, 982]: loss: 1.412337
[0, 983]: loss: 1.412318
[0, 984]: loss: 1.412072
[0, 985]: loss: 1.411783
[0, 986]: loss: 1.411680
[0, 987]: loss: 1.411342
[0, 988]: loss: 1.411116
[0, 989]: loss: 1.410637
[0, 990]: loss: 1.410660
[0, 991]: loss: 1.410256
[0, 992]: loss: 1.409850
[0, 993]: loss: 1.409309
[0, 994]: loss: 1.408826
[0, 995]: loss: 1.408478
[0, 996]: loss: 1.408089
[0, 997]: loss: 1.407774
[0, 998]: loss: 1.407690
[0, 999]: loss: 1.407570
[0, 1000]: loss: 1.407315
[0, 1001]: loss: 1.407178
[0, 1002]: loss: 1.406891
[0, 1003]: loss: 1.406588
[0, 1004]: loss: 1.406200
[0, 1005]: loss: 1.406046
[0, 1006]: loss: 1.405814
[0, 1007]: loss: 1.405573
[0, 1008]: loss: 1.405334
[0, 1009]: loss: 1.405018
[0, 1010]: loss: 1.404497
[0, 1011]: loss: 1.403942
[0, 1012]: loss: 1.403864
[0, 1013]: loss: 1.403499
[0, 1014]: loss: 1.403044
[0, 1015]: loss: 1.402554
[0, 1016]: loss: 1.402044
[0, 1017]: loss: 1.401681
[0, 1018]: loss: 1.401194
[0, 1019]: loss: 1.401276
[0, 1020]: loss: 1.400846
[0, 1021]: loss: 1.400657
[0, 1022]: loss: 1.400404
[0, 1023]: loss: 1.400305
[0, 1024]: loss: 1.400037
[0, 1025]: loss: 1.399608
[0, 1026]: loss: 1.399438
[0, 1027]: loss: 1.399260
[0, 1028]: loss: 1.399149
[0, 1029]: loss: 1.399112
[0, 1030]: loss: 1.398865
[0, 1031]: loss: 1.398650
[0, 1032]: loss: 1.398436
[0, 1033]: loss: 1.398029
[0, 1034]: loss: 1.397558
[0, 1035]: loss: 1.397440
[0, 1036]: loss: 1.397470
[0, 1037]: loss: 1.397362
[0, 1038]: loss: 1.397174
[0, 1039]: loss: 1.397015
[0, 1040]: loss: 1.397030
[0, 1041]: loss: 1.396759
[0, 1042]: loss: 1.396790
[0, 1043]: loss: 1.396516
[0, 1044]: loss: 1.396396
[0, 1045]: loss: 1.396181
[0, 1046]: loss: 1.395947
[0, 1047]: loss: 1.395638
[0, 1048]: loss: 1.395357
[0, 1049]: loss: 1.395174
[0, 1050]: loss: 1.394913
[0, 1051]: loss: 1.394499
[0, 1052]: loss: 1.394582
[0, 1053]: loss: 1.394312
[0, 1054]: loss: 1.393959
[0, 1055]: loss: 1.393584
[0, 1056]: loss: 1.393450
[0, 1057]: loss: 1.393116
[0, 1058]: loss: 1.392791
[0, 1059]: loss: 1.392461
[0, 1060]: loss: 1.392371
[0, 1061]: loss: 1.391990
[0, 1062]: loss: 1.392004
[0, 1063]: loss: 1.391615
[0, 1064]: loss: 1.391565
[0, 1065]: loss: 1.391471
[0, 1066]: loss: 1.391326
[0, 1067]: loss: 1.390991
[0, 1068]: loss: 1.390607
[0, 1069]: loss: 1.390270
[0, 1070]: loss: 1.389963
[0, 1071]: loss: 1.389521
[0, 1072]: loss: 1.388946
[0, 1073]: loss: 1.389024
[0, 1074]: loss: 1.388550
[0, 1075]: loss: 1.388407
[0, 1076]: loss: 1.387951
[0, 1077]: loss: 1.387622
[0, 1078]: loss: 1.387395
[0, 1079]: loss: 1.387009
[0, 1080]: loss: 1.386834
[0, 1081]: loss: 1.386697
[0, 1082]: loss: 1.386522
[0, 1083]: loss: 1.386330
[0, 1084]: loss: 1.386116
[0, 1085]: loss: 1.385807
[0, 1086]: loss: 1.385726
[0, 1087]: loss: 1.385356
[0, 1088]: loss: 1.385036
[0, 1089]: loss: 1.384821
[0, 1090]: loss: 1.384330
[0, 1091]: loss: 1.383992
[0, 1092]: loss: 1.383642
[0, 1093]: loss: 1.383578
[0, 1094]: loss: 1.383527
[0, 1095]: loss: 1.383360
[0, 1096]: loss: 1.383129
[0, 1097]: loss: 1.382659
[0, 1098]: loss: 1.382555
[0, 1099]: loss: 1.382373
[0, 1100]: loss: 1.382083
[0, 1101]: loss: 1.381770
[0, 1102]: loss: 1.381513
[0, 1103]: loss: 1.381342
[0, 1104]: loss: 1.381200
[0, 1105]: loss: 1.381008
[0, 1106]: loss: 1.380726
[0, 1107]: loss: 1.380575
[0, 1108]: loss: 1.380437
[0, 1109]: loss: 1.380334
[0, 1110]: loss: 1.380054
[0, 1111]: loss: 1.379824
[0, 1112]: loss: 1.379392
[0, 1113]: loss: 1.379100
[0, 1114]: loss: 1.378563
[0, 1115]: loss: 1.378272
[0, 1116]: loss: 1.378051
[0, 1117]: loss: 1.377982
[0, 1118]: loss: 1.377576
[0, 1119]: loss: 1.377293
[0, 1120]: loss: 1.377038
[0, 1121]: loss: 1.377195
[0, 1122]: loss: 1.376920
[0, 1123]: loss: 1.376509
[0, 1124]: loss: 1.376374
[0, 1125]: loss: 1.376320
[0, 1126]: loss: 1.376090
[0, 1127]: loss: 1.375520
[0, 1128]: loss: 1.375272
[0, 1129]: loss: 1.375285
[0, 1130]: loss: 1.375106
[0, 1131]: loss: 1.374787
[0, 1132]: loss: 1.374325
[0, 1133]: loss: 1.374093
[0, 1134]: loss: 1.373755
[0, 1135]: loss: 1.373541
[0, 1136]: loss: 1.373111
[0, 1137]: loss: 1.372870
[0, 1138]: loss: 1.372934
[0, 1139]: loss: 1.372612
[0, 1140]: loss: 1.372443
[0, 1141]: loss: 1.372293
[0, 1142]: loss: 1.371936
[0, 1143]: loss: 1.371576
[0, 1144]: loss: 1.371328
[0, 1145]: loss: 1.370852
[0, 1146]: loss: 1.370616
[0, 1147]: loss: 1.370476
[0, 1148]: loss: 1.370207
[0, 1149]: loss: 1.369834
[0, 1150]: loss: 1.369793
[0, 1151]: loss: 1.369899
[0, 1152]: loss: 1.369764
[0, 1153]: loss: 1.369525
[0, 1154]: loss: 1.369210
[0, 1155]: loss: 1.369069
[0, 1156]: loss: 1.368680
[0, 1157]: loss: 1.368540
[0, 1158]: loss: 1.368576
[0, 1159]: loss: 1.368354
[0, 1160]: loss: 1.368148
[0, 1161]: loss: 1.367927
[0, 1162]: loss: 1.367472
[0, 1163]: loss: 1.367197
[0, 1164]: loss: 1.366794
[0, 1165]: loss: 1.366456
[0, 1166]: loss: 1.365891
[0, 1167]: loss: 1.365536
[0, 1168]: loss: 1.365189
[0, 1169]: loss: 1.365210
[0, 1170]: loss: 1.365154
[0, 1171]: loss: 1.365219
[0, 1172]: loss: 1.365020
[0, 1173]: loss: 1.364869
[0, 1174]: loss: 1.364726
[0, 1175]: loss: 1.364358
[0, 1176]: loss: 1.364147
[0, 1177]: loss: 1.363740
[0, 1178]: loss: 1.363452
[0, 1179]: loss: 1.363191
[0, 1180]: loss: 1.363180
[0, 1181]: loss: 1.363009
[0, 1182]: loss: 1.362809
[0, 1183]: loss: 1.362482
[0, 1184]: loss: 1.362134
[0, 1185]: loss: 1.361854
[0, 1186]: loss: 1.361725
[0, 1187]: loss: 1.361564
[0, 1188]: loss: 1.361351
[0, 1189]: loss: 1.361301
[0, 1190]: loss: 1.361144
[0, 1191]: loss: 1.360659
[0, 1192]: loss: 1.360631
[0, 1193]: loss: 1.360284
[0, 1194]: loss: 1.360203
[0, 1195]: loss: 1.359903
[0, 1196]: loss: 1.359857
[0, 1197]: loss: 1.359804
[0, 1198]: loss: 1.359659
[0, 1199]: loss: 1.359559
[0, 1200]: loss: 1.359051
[0, 1201]: loss: 1.358638
[0, 1202]: loss: 1.358649
[0, 1203]: loss: 1.358453
[0, 1204]: loss: 1.358184
[0, 1205]: loss: 1.357976
[0, 1206]: loss: 1.357773
[0, 1207]: loss: 1.357646
[0, 1208]: loss: 1.357357
[0, 1209]: loss: 1.357305
[0, 1210]: loss: 1.356833
[0, 1211]: loss: 1.356602
[0, 1212]: loss: 1.356325
[0, 1213]: loss: 1.356347
[0, 1214]: loss: 1.356373
[0, 1215]: loss: 1.356241
[0, 1216]: loss: 1.355963
[0, 1217]: loss: 1.355762
[0, 1218]: loss: 1.355880
[0, 1219]: loss: 1.355547
[0, 1220]: loss: 1.355262
[0, 1221]: loss: 1.355051
[0, 1222]: loss: 1.354639
[0, 1223]: loss: 1.354408
[0, 1224]: loss: 1.354249
[0, 1225]: loss: 1.354028
[0, 1226]: loss: 1.354132
[0, 1227]: loss: 1.353911
[0, 1228]: loss: 1.353627
[0, 1229]: loss: 1.353442
[0, 1230]: loss: 1.353306
[0, 1231]: loss: 1.353227
[0, 1232]: loss: 1.352873
[0, 1233]: loss: 1.352817
[0, 1234]: loss: 1.352626
[0, 1235]: loss: 1.352347
[0, 1236]: loss: 1.352000
[0, 1237]: loss: 1.351930
[0, 1238]: loss: 1.351475
[0, 1239]: loss: 1.351272
[0, 1240]: loss: 1.350971
[0, 1241]: loss: 1.350688
[0, 1242]: loss: 1.350829
[0, 1243]: loss: 1.350875
[0, 1244]: loss: 1.350813
[0, 1245]: loss: 1.350721
[0, 1246]: loss: 1.350420
[0, 1247]: loss: 1.350171
[0, 1248]: loss: 1.349897
[0, 1249]: loss: 1.349624
[1, 0]: loss: 0.821697
[1, 1]: loss: 0.855160
[1, 2]: loss: 0.886889
[1, 3]: loss: 0.865571
[1, 4]: loss: 0.859699
[1, 5]: loss: 0.834329
[1, 6]: loss: 0.860258
[1, 7]: loss: 0.867875
[1, 8]: loss: 0.879290
[1, 9]: loss: 0.909025
[1, 10]: loss: 0.916624
[1, 11]: loss: 0.918237
[1, 12]: loss: 0.910969
[1, 13]: loss: 0.909334
[1, 14]: loss: 0.920371
[1, 15]: loss: 0.906769
[1, 16]: loss: 0.910479
[1, 17]: loss: 0.929353
[1, 18]: loss: 0.919709
[1, 19]: loss: 0.926419
[1, 20]: loss: 0.924835
[1, 21]: loss: 0.929549
[1, 22]: loss: 0.920811
[1, 23]: loss: 0.925089
[1, 24]: loss: 0.917999
[1, 25]: loss: 0.924811
[1, 26]: loss: 0.931828
[1, 27]: loss: 0.935116
[1, 28]: loss: 0.936642
[1, 29]: loss: 0.940835
[1, 30]: loss: 0.933834
[1, 31]: loss: 0.933969
[1, 32]: loss: 0.943096
[1, 33]: loss: 0.937154
[1, 34]: loss: 0.940292
[1, 35]: loss: 0.937373
[1, 36]: loss: 0.947816
[1, 37]: loss: 0.942995
[1, 38]: loss: 0.940362
[1, 39]: loss: 0.937719
[1, 40]: loss: 0.945534
[1, 41]: loss: 0.944217
[1, 42]: loss: 0.943049
[1, 43]: loss: 0.938475
[1, 44]: loss: 0.939337
[1, 45]: loss: 0.933510
[1, 46]: loss: 0.932765
[1, 47]: loss: 0.928812
[1, 48]: loss: 0.933328
[1, 49]: loss: 0.934631
[1, 50]: loss: 0.935362
[1, 51]: loss: 0.935376
[1, 52]: loss: 0.933548
[1, 53]: loss: 0.934860
[1, 54]: loss: 0.936513
[1, 55]: loss: 0.937719
[1, 56]: loss: 0.937055
[1, 57]: loss: 0.941208
[1, 58]: loss: 0.943499
[1, 59]: loss: 0.941809
[1, 60]: loss: 0.940918
[1, 61]: loss: 0.938193
[1, 62]: loss: 0.937721
[1, 63]: loss: 0.940136
[1, 64]: loss: 0.944678
[1, 65]: loss: 0.944759
[1, 66]: loss: 0.947238
[1, 67]: loss: 0.949037
[1, 68]: loss: 0.947974
[1, 69]: loss: 0.947680
[1, 70]: loss: 0.945320
[1, 71]: loss: 0.944733
[1, 72]: loss: 0.943971
[1, 73]: loss: 0.946500
[1, 74]: loss: 0.946834
[1, 75]: loss: 0.946895
[1, 76]: loss: 0.947383
[1, 77]: loss: 0.948015
[1, 78]: loss: 0.949859
[1, 79]: loss: 0.951981
[1, 80]: loss: 0.953738
[1, 81]: loss: 0.953666
[1, 82]: loss: 0.952707
[1, 83]: loss: 0.952108
[1, 84]: loss: 0.950950
[1, 85]: loss: 0.954437
[1, 86]: loss: 0.952980
[1, 87]: loss: 0.953596
[1, 88]: loss: 0.955401
[1, 89]: loss: 0.952475
[1, 90]: loss: 0.953172
[1, 91]: loss: 0.952821
[1, 92]: loss: 0.956774
[1, 93]: loss: 0.956177
[1, 94]: loss: 0.957851
[1, 95]: loss: 0.956937
[1, 96]: loss: 0.960824
[1, 97]: loss: 0.959936
[1, 98]: loss: 0.957351
[1, 99]: loss: 0.956179
[1, 100]: loss: 0.956958
[1, 101]: loss: 0.958652
[1, 102]: loss: 0.960436
[1, 103]: loss: 0.960516
[1, 104]: loss: 0.962944
[1, 105]: loss: 0.962411
[1, 106]: loss: 0.963107
[1, 107]: loss: 0.961849
[1, 108]: loss: 0.963200
[1, 109]: loss: 0.965797
[1, 110]: loss: 0.964655
[1, 111]: loss: 0.963766
[1, 112]: loss: 0.962836
[1, 113]: loss: 0.962815
[1, 114]: loss: 0.962101
[1, 115]: loss: 0.960334
[1, 116]: loss: 0.959593
[1, 117]: loss: 0.960332
[1, 118]: loss: 0.961089
[1, 119]: loss: 0.960928
[1, 120]: loss: 0.963551
[1, 121]: loss: 0.962179
[1, 122]: loss: 0.959385
[1, 123]: loss: 0.958247
[1, 124]: loss: 0.956486
[1, 125]: loss: 0.955413
[1, 126]: loss: 0.953360
[1, 127]: loss: 0.954526
[1, 128]: loss: 0.959133
[1, 129]: loss: 0.957902
[1, 130]: loss: 0.956412
[1, 131]: loss: 0.955695
[1, 132]: loss: 0.954690
[1, 133]: loss: 0.953018
[1, 134]: loss: 0.953368
[1, 135]: loss: 0.953079
[1, 136]: loss: 0.950869
[1, 137]: loss: 0.951254
[1, 138]: loss: 0.950159
[1, 139]: loss: 0.949602
[1, 140]: loss: 0.949646
[1, 141]: loss: 0.948632
[1, 142]: loss: 0.949769
[1, 143]: loss: 0.950806
[1, 144]: loss: 0.951278
[1, 145]: loss: 0.950762
[1, 146]: loss: 0.950737
[1, 147]: loss: 0.950477
[1, 148]: loss: 0.949568
[1, 149]: loss: 0.951197
[1, 150]: loss: 0.952268
[1, 151]: loss: 0.949694
[1, 152]: loss: 0.948751
[1, 153]: loss: 0.948103
[1, 154]: loss: 0.947602
[1, 155]: loss: 0.946510
[1, 156]: loss: 0.945400
[1, 157]: loss: 0.946288
[1, 158]: loss: 0.947002
[1, 159]: loss: 0.947129
[1, 160]: loss: 0.948015
[1, 161]: loss: 0.946775
[1, 162]: loss: 0.946177
[1, 163]: loss: 0.944992
[1, 164]: loss: 0.944914
[1, 165]: loss: 0.944891
[1, 166]: loss: 0.946172
[1, 167]: loss: 0.947548
[1, 168]: loss: 0.947775
[1, 169]: loss: 0.947730
[1, 170]: loss: 0.948380
[1, 171]: loss: 0.947055
[1, 172]: loss: 0.947012
[1, 173]: loss: 0.946848
[1, 174]: loss: 0.946604
[1, 175]: loss: 0.946299
[1, 176]: loss: 0.945551
[1, 177]: loss: 0.944562
[1, 178]: loss: 0.944095
[1, 179]: loss: 0.945301
[1, 180]: loss: 0.945982
[1, 181]: loss: 0.947999
[1, 182]: loss: 0.947031
[1, 183]: loss: 0.947496
[1, 184]: loss: 0.946110
[1, 185]: loss: 0.948908
[1, 186]: loss: 0.947994
[1, 187]: loss: 0.947896
[1, 188]: loss: 0.948844
[1, 189]: loss: 0.950064
[1, 190]: loss: 0.948044
[1, 191]: loss: 0.948632
[1, 192]: loss: 0.948109
[1, 193]: loss: 0.948793
[1, 194]: loss: 0.948788
[1, 195]: loss: 0.950109
[1, 196]: loss: 0.950558
[1, 197]: loss: 0.950103
[1, 198]: loss: 0.951640
[1, 199]: loss: 0.952517
[1, 200]: loss: 0.951707
[1, 201]: loss: 0.952061
[1, 202]: loss: 0.952901
[1, 203]: loss: 0.953835
[1, 204]: loss: 0.955201
[1, 205]: loss: 0.956099
[1, 206]: loss: 0.955625
[1, 207]: loss: 0.955502
[1, 208]: loss: 0.955433
[1, 209]: loss: 0.954035
[1, 210]: loss: 0.953551
[1, 211]: loss: 0.953252
[1, 212]: loss: 0.953555
[1, 213]: loss: 0.952901
[1, 214]: loss: 0.951821
[1, 215]: loss: 0.951594
[1, 216]: loss: 0.951865
[1, 217]: loss: 0.951989
[1, 218]: loss: 0.950512
[1, 219]: loss: 0.951424
[1, 220]: loss: 0.951823
[1, 221]: loss: 0.951164
[1, 222]: loss: 0.951265
[1, 223]: loss: 0.952042
[1, 224]: loss: 0.952235
[1, 225]: loss: 0.951767
[1, 226]: loss: 0.952093
[1, 227]: loss: 0.951135
[1, 228]: loss: 0.949289
[1, 229]: loss: 0.949099
[1, 230]: loss: 0.947229
[1, 231]: loss: 0.946280
[1, 232]: loss: 0.946039
[1, 233]: loss: 0.947960
[1, 234]: loss: 0.949038
[1, 235]: loss: 0.948725
[1, 236]: loss: 0.948417
[1, 237]: loss: 0.949215
[1, 238]: loss: 0.949149
[1, 239]: loss: 0.948231
[1, 240]: loss: 0.948045
[1, 241]: loss: 0.947810
[1, 242]: loss: 0.947645
[1, 243]: loss: 0.947790
[1, 244]: loss: 0.948605
[1, 245]: loss: 0.948114
[1, 246]: loss: 0.947789
[1, 247]: loss: 0.948899
[1, 248]: loss: 0.948188
[1, 249]: loss: 0.946600
[1, 250]: loss: 0.948352
[1, 251]: loss: 0.947401
[1, 252]: loss: 0.947057
[1, 253]: loss: 0.948125
[1, 254]: loss: 0.948458
[1, 255]: loss: 0.947649
[1, 256]: loss: 0.947752
[1, 257]: loss: 0.947470
[1, 258]: loss: 0.949672
[1, 259]: loss: 0.949238
[1, 260]: loss: 0.948328
[1, 261]: loss: 0.948902
[1, 262]: loss: 0.948409
[1, 263]: loss: 0.948443
[1, 264]: loss: 0.948457
[1, 265]: loss: 0.949072
[1, 266]: loss: 0.950303
[1, 267]: loss: 0.951770
[1, 268]: loss: 0.951515
[1, 269]: loss: 0.952230
[1, 270]: loss: 0.953090
[1, 271]: loss: 0.953162
[1, 272]: loss: 0.951824
[1, 273]: loss: 0.952307
[1, 274]: loss: 0.951541
[1, 275]: loss: 0.951380
[1, 276]: loss: 0.951581
[1, 277]: loss: 0.951393
[1, 278]: loss: 0.951382
[1, 279]: loss: 0.950923
[1, 280]: loss: 0.951512
[1, 281]: loss: 0.951773
[1, 282]: loss: 0.951865
[1, 283]: loss: 0.952089
[1, 284]: loss: 0.951047
[1, 285]: loss: 0.950717
[1, 286]: loss: 0.950303
[1, 287]: loss: 0.949373
[1, 288]: loss: 0.949238
[1, 289]: loss: 0.948562
[1, 290]: loss: 0.948583
[1, 291]: loss: 0.948339
[1, 292]: loss: 0.948780
[1, 293]: loss: 0.949606
[1, 294]: loss: 0.950242
[1, 295]: loss: 0.949675
[1, 296]: loss: 0.949045
[1, 297]: loss: 0.948581
[1, 298]: loss: 0.947913
[1, 299]: loss: 0.948051
[1, 300]: loss: 0.948526
[1, 301]: loss: 0.948583
[1, 302]: loss: 0.947990
[1, 303]: loss: 0.948108
[1, 304]: loss: 0.948317
[1, 305]: loss: 0.948127
[1, 306]: loss: 0.947674
[1, 307]: loss: 0.947322
[1, 308]: loss: 0.946538
[1, 309]: loss: 0.946143
[1, 310]: loss: 0.946995
[1, 311]: loss: 0.947020
[1, 312]: loss: 0.947338
[1, 313]: loss: 0.947762
[1, 314]: loss: 0.949342
[1, 315]: loss: 0.949091
[1, 316]: loss: 0.949453
[1, 317]: loss: 0.949623
[1, 318]: loss: 0.949998
[1, 319]: loss: 0.949860
[1, 320]: loss: 0.950108
[1, 321]: loss: 0.949020
[1, 322]: loss: 0.948460
[1, 323]: loss: 0.948155
[1, 324]: loss: 0.947580
[1, 325]: loss: 0.947892
[1, 326]: loss: 0.947335
[1, 327]: loss: 0.947229
[1, 328]: loss: 0.946385
[1, 329]: loss: 0.945645
[1, 330]: loss: 0.945263
[1, 331]: loss: 0.945399
[1, 332]: loss: 0.945417
[1, 333]: loss: 0.945242
[1, 334]: loss: 0.946501
[1, 335]: loss: 0.947412
[1, 336]: loss: 0.947394
[1, 337]: loss: 0.946770
[1, 338]: loss: 0.946886
[1, 339]: loss: 0.946590
[1, 340]: loss: 0.946380
[1, 341]: loss: 0.945971
[1, 342]: loss: 0.945198
[1, 343]: loss: 0.945587
[1, 344]: loss: 0.944357
[1, 345]: loss: 0.944382
[1, 346]: loss: 0.943818
[1, 347]: loss: 0.943785
[1, 348]: loss: 0.944352
[1, 349]: loss: 0.945790
[1, 350]: loss: 0.946030
[1, 351]: loss: 0.946257
[1, 352]: loss: 0.945808
[1, 353]: loss: 0.946344
[1, 354]: loss: 0.947340
[1, 355]: loss: 0.948472
[1, 356]: loss: 0.947968
[1, 357]: loss: 0.948063
[1, 358]: loss: 0.947637
[1, 359]: loss: 0.947546
[1, 360]: loss: 0.948237
[1, 361]: loss: 0.948299
[1, 362]: loss: 0.948675
[1, 363]: loss: 0.948346
[1, 364]: loss: 0.948460
[1, 365]: loss: 0.947986
[1, 366]: loss: 0.948021
[1, 367]: loss: 0.947849
[1, 368]: loss: 0.948677
[1, 369]: loss: 0.948272
[1, 370]: loss: 0.948655
[1, 371]: loss: 0.948568
[1, 372]: loss: 0.949025
[1, 373]: loss: 0.949701
[1, 374]: loss: 0.949232
[1, 375]: loss: 0.948485
[1, 376]: loss: 0.948071
[1, 377]: loss: 0.948220
[1, 378]: loss: 0.947518
[1, 379]: loss: 0.946771
[1, 380]: loss: 0.947774
[1, 381]: loss: 0.947774
[1, 382]: loss: 0.947727
[1, 383]: loss: 0.947921
[1, 384]: loss: 0.947067
[1, 385]: loss: 0.946935
[1, 386]: loss: 0.947865
[1, 387]: loss: 0.947374
[1, 388]: loss: 0.946746
[1, 389]: loss: 0.947324
[1, 390]: loss: 0.947436
[1, 391]: loss: 0.947007
[1, 392]: loss: 0.946718
[1, 393]: loss: 0.946680
[1, 394]: loss: 0.946741
[1, 395]: loss: 0.946660
[1, 396]: loss: 0.946615
[1, 397]: loss: 0.946722
[1, 398]: loss: 0.947011
[1, 399]: loss: 0.947299
[1, 400]: loss: 0.947164
[1, 401]: loss: 0.946638
[1, 402]: loss: 0.946606
[1, 403]: loss: 0.945901
[1, 404]: loss: 0.946120
[1, 405]: loss: 0.946297
[1, 406]: loss: 0.945817
[1, 407]: loss: 0.945757
[1, 408]: loss: 0.946518
[1, 409]: loss: 0.946063
[1, 410]: loss: 0.945945
[1, 411]: loss: 0.946107
[1, 412]: loss: 0.946160
[1, 413]: loss: 0.945512
[1, 414]: loss: 0.945069
[1, 415]: loss: 0.944576
[1, 416]: loss: 0.944295
[1, 417]: loss: 0.944358
[1, 418]: loss: 0.943681
[1, 419]: loss: 0.944122
[1, 420]: loss: 0.944268
[1, 421]: loss: 0.943815
[1, 422]: loss: 0.943991
[1, 423]: loss: 0.942989
[1, 424]: loss: 0.942775
[1, 425]: loss: 0.943053
[1, 426]: loss: 0.943502
[1, 427]: loss: 0.943847
[1, 428]: loss: 0.944260
[1, 429]: loss: 0.943884
[1, 430]: loss: 0.943823
[1, 431]: loss: 0.943555
[1, 432]: loss: 0.943268
[1, 433]: loss: 0.943368
[1, 434]: loss: 0.943548
[1, 435]: loss: 0.944142
[1, 436]: loss: 0.943971
[1, 437]: loss: 0.943995
[1, 438]: loss: 0.943743
[1, 439]: loss: 0.943089
[1, 440]: loss: 0.942705
[1, 441]: loss: 0.942657
[1, 442]: loss: 0.943351
[1, 443]: loss: 0.943497
[1, 444]: loss: 0.943934
[1, 445]: loss: 0.943843
[1, 446]: loss: 0.943650
[1, 447]: loss: 0.943765
[1, 448]: loss: 0.943266
[1, 449]: loss: 0.942599
[1, 450]: loss: 0.942593
[1, 451]: loss: 0.942020
[1, 452]: loss: 0.941532
[1, 453]: loss: 0.940879
[1, 454]: loss: 0.941021
[1, 455]: loss: 0.940611
[1, 456]: loss: 0.940077
[1, 457]: loss: 0.940481
[1, 458]: loss: 0.940515
[1, 459]: loss: 0.941960
[1, 460]: loss: 0.942165
[1, 461]: loss: 0.941775
[1, 462]: loss: 0.941854
[1, 463]: loss: 0.941587
[1, 464]: loss: 0.941089
[1, 465]: loss: 0.940472
[1, 466]: loss: 0.940338
[1, 467]: loss: 0.940108
[1, 468]: loss: 0.939986
[1, 469]: loss: 0.940646
[1, 470]: loss: 0.940924
[1, 471]: loss: 0.940779
[1, 472]: loss: 0.940809
[1, 473]: loss: 0.940665
[1, 474]: loss: 0.940284
[1, 475]: loss: 0.940750
[1, 476]: loss: 0.940784
[1, 477]: loss: 0.940786
[1, 478]: loss: 0.940656
[1, 479]: loss: 0.940464
[1, 480]: loss: 0.940347
[1, 481]: loss: 0.941115
[1, 482]: loss: 0.940799
[1, 483]: loss: 0.940716
[1, 484]: loss: 0.940678
[1, 485]: loss: 0.941204
[1, 486]: loss: 0.941131
[1, 487]: loss: 0.941004
[1, 488]: loss: 0.940698
[1, 489]: loss: 0.940266
[1, 490]: loss: 0.939917
[1, 491]: loss: 0.939538
[1, 492]: loss: 0.939694
[1, 493]: loss: 0.939630
[1, 494]: loss: 0.939801
[1, 495]: loss: 0.939716
[1, 496]: loss: 0.939421
[1, 497]: loss: 0.939261
[1, 498]: loss: 0.938659
[1, 499]: loss: 0.938870
[1, 500]: loss: 0.938687
[1, 501]: loss: 0.938474
[1, 502]: loss: 0.938896
[1, 503]: loss: 0.938942
[1, 504]: loss: 0.939177
[1, 505]: loss: 0.939220
[1, 506]: loss: 0.939511
[1, 507]: loss: 0.940031
[1, 508]: loss: 0.939804
[1, 509]: loss: 0.939235
[1, 510]: loss: 0.939146
[1, 511]: loss: 0.938610
[1, 512]: loss: 0.938667
[1, 513]: loss: 0.938402
[1, 514]: loss: 0.938560
[1, 515]: loss: 0.938327
[1, 516]: loss: 0.938646
[1, 517]: loss: 0.938161
[1, 518]: loss: 0.937964
[1, 519]: loss: 0.937766
[1, 520]: loss: 0.937475
[1, 521]: loss: 0.937988
[1, 522]: loss: 0.938221
[1, 523]: loss: 0.937990
[1, 524]: loss: 0.937329
[1, 525]: loss: 0.937834
[1, 526]: loss: 0.937909
[1, 527]: loss: 0.938244
[1, 528]: loss: 0.937834
[1, 529]: loss: 0.937779
[1, 530]: loss: 0.937548
[1, 531]: loss: 0.936882
[1, 532]: loss: 0.937039
[1, 533]: loss: 0.936711
[1, 534]: loss: 0.936560
[1, 535]: loss: 0.936431
[1, 536]: loss: 0.936558
[1, 537]: loss: 0.936831
[1, 538]: loss: 0.937147
[1, 539]: loss: 0.937121
[1, 540]: loss: 0.936992
[1, 541]: loss: 0.936723
[1, 542]: loss: 0.937035
[1, 543]: loss: 0.936648
[1, 544]: loss: 0.936084
[1, 545]: loss: 0.935544
[1, 546]: loss: 0.935770
[1, 547]: loss: 0.936030
[1, 548]: loss: 0.935643
[1, 549]: loss: 0.935253
[1, 550]: loss: 0.935246
[1, 551]: loss: 0.935844
[1, 552]: loss: 0.935382
[1, 553]: loss: 0.935097
[1, 554]: loss: 0.935026
[1, 555]: loss: 0.934961
[1, 556]: loss: 0.934794
[1, 557]: loss: 0.934392
[1, 558]: loss: 0.933996
[1, 559]: loss: 0.933727
[1, 560]: loss: 0.933866
[1, 561]: loss: 0.933932
[1, 562]: loss: 0.933342
[1, 563]: loss: 0.933569
[1, 564]: loss: 0.933146
[1, 565]: loss: 0.933776
[1, 566]: loss: 0.933810
[1, 567]: loss: 0.933201
[1, 568]: loss: 0.933556
[1, 569]: loss: 0.933795
[1, 570]: loss: 0.934088
[1, 571]: loss: 0.933961
[1, 572]: loss: 0.933978
[1, 573]: loss: 0.934154
[1, 574]: loss: 0.934283
[1, 575]: loss: 0.934026
[1, 576]: loss: 0.934247
[1, 577]: loss: 0.934317
[1, 578]: loss: 0.934199
[1, 579]: loss: 0.934295
[1, 580]: loss: 0.934329
[1, 581]: loss: 0.934373
[1, 582]: loss: 0.934461
[1, 583]: loss: 0.934718
[1, 584]: loss: 0.934330
[1, 585]: loss: 0.934310
[1, 586]: loss: 0.934704
[1, 587]: loss: 0.934456
[1, 588]: loss: 0.934246
[1, 589]: loss: 0.934896
[1, 590]: loss: 0.934692
[1, 591]: loss: 0.934522
[1, 592]: loss: 0.934127
[1, 593]: loss: 0.933805
[1, 594]: loss: 0.933732
[1, 595]: loss: 0.933424
[1, 596]: loss: 0.933267
[1, 597]: loss: 0.933616
[1, 598]: loss: 0.933416
[1, 599]: loss: 0.933298
[1, 600]: loss: 0.933157
[1, 601]: loss: 0.933119
[1, 602]: loss: 0.932731
[1, 603]: loss: 0.932673
[1, 604]: loss: 0.932607
[1, 605]: loss: 0.932448
[1, 606]: loss: 0.932711
[1, 607]: loss: 0.932528
[1, 608]: loss: 0.932093
[1, 609]: loss: 0.931968
[1, 610]: loss: 0.931641
[1, 611]: loss: 0.931470
[1, 612]: loss: 0.931017
[1, 613]: loss: 0.930996
[1, 614]: loss: 0.930857
[1, 615]: loss: 0.930618
[1, 616]: loss: 0.930195
[1, 617]: loss: 0.930285
[1, 618]: loss: 0.931120
[1, 619]: loss: 0.931129
[1, 620]: loss: 0.931692
[1, 621]: loss: 0.932281
[1, 622]: loss: 0.931959
[1, 623]: loss: 0.931591
[1, 624]: loss: 0.931457
[1, 625]: loss: 0.931475
[1, 626]: loss: 0.931113
[1, 627]: loss: 0.930695
[1, 628]: loss: 0.930697
[1, 629]: loss: 0.930428
[1, 630]: loss: 0.930319
[1, 631]: loss: 0.930249
[1, 632]: loss: 0.930828
[1, 633]: loss: 0.930797
[1, 634]: loss: 0.930392
[1, 635]: loss: 0.930004
[1, 636]: loss: 0.930256
[1, 637]: loss: 0.929984
[1, 638]: loss: 0.930058
[1, 639]: loss: 0.930098
[1, 640]: loss: 0.929807
[1, 641]: loss: 0.930046
[1, 642]: loss: 0.929931
[1, 643]: loss: 0.930606
[1, 644]: loss: 0.930540
[1, 645]: loss: 0.930143
[1, 646]: loss: 0.930449
[1, 647]: loss: 0.930336
[1, 648]: loss: 0.930639
[1, 649]: loss: 0.930654
[1, 650]: loss: 0.930346
[1, 651]: loss: 0.930034
[1, 652]: loss: 0.929794
[1, 653]: loss: 0.929942
[1, 654]: loss: 0.929641
[1, 655]: loss: 0.929657
[1, 656]: loss: 0.929126
[1, 657]: loss: 0.929485
[1, 658]: loss: 0.929608
[1, 659]: loss: 0.929664
[1, 660]: loss: 0.929405
[1, 661]: loss: 0.929340
[1, 662]: loss: 0.929493
[1, 663]: loss: 0.929457
[1, 664]: loss: 0.929407
[1, 665]: loss: 0.929173
[1, 666]: loss: 0.929144
[1, 667]: loss: 0.929076
[1, 668]: loss: 0.929079
[1, 669]: loss: 0.928811
[1, 670]: loss: 0.928388
[1, 671]: loss: 0.928200
[1, 672]: loss: 0.928262
[1, 673]: loss: 0.928074
[1, 674]: loss: 0.927860
[1, 675]: loss: 0.927744
[1, 676]: loss: 0.927642
[1, 677]: loss: 0.927470
[1, 678]: loss: 0.927104
[1, 679]: loss: 0.926955
[1, 680]: loss: 0.927636
[1, 681]: loss: 0.928053
[1, 682]: loss: 0.927733
[1, 683]: loss: 0.927753
[1, 684]: loss: 0.927110
[1, 685]: loss: 0.927381
[1, 686]: loss: 0.927082
[1, 687]: loss: 0.927348
[1, 688]: loss: 0.926798
[1, 689]: loss: 0.926751
[1, 690]: loss: 0.926729
[1, 691]: loss: 0.926427
[1, 692]: loss: 0.926767
[1, 693]: loss: 0.926923
[1, 694]: loss: 0.927398
[1, 695]: loss: 0.927388
[1, 696]: loss: 0.927324
[1, 697]: loss: 0.927169
[1, 698]: loss: 0.926973
[1, 699]: loss: 0.927125
[1, 700]: loss: 0.926918
[1, 701]: loss: 0.926998
[1, 702]: loss: 0.927278
[1, 703]: loss: 0.927480
[1, 704]: loss: 0.927005
[1, 705]: loss: 0.927200
[1, 706]: loss: 0.927238
[1, 707]: loss: 0.927288
[1, 708]: loss: 0.927396
[1, 709]: loss: 0.927322
[1, 710]: loss: 0.927386
[1, 711]: loss: 0.927229
[1, 712]: loss: 0.927099
[1, 713]: loss: 0.927084
[1, 714]: loss: 0.926850
[1, 715]: loss: 0.926935
[1, 716]: loss: 0.926621
[1, 717]: loss: 0.926576
[1, 718]: loss: 0.926533
[1, 719]: loss: 0.926179
[1, 720]: loss: 0.925971
[1, 721]: loss: 0.925621
[1, 722]: loss: 0.925751
[1, 723]: loss: 0.925651
[1, 724]: loss: 0.925640
[1, 725]: loss: 0.925515
[1, 726]: loss: 0.925433
[1, 727]: loss: 0.925368
[1, 728]: loss: 0.925045
[1, 729]: loss: 0.924735
[1, 730]: loss: 0.924875
[1, 731]: loss: 0.925104
[1, 732]: loss: 0.924844
[1, 733]: loss: 0.924630
[1, 734]: loss: 0.924614
[1, 735]: loss: 0.925189
[1, 736]: loss: 0.924829
[1, 737]: loss: 0.924500
[1, 738]: loss: 0.924592
[1, 739]: loss: 0.924375
[1, 740]: loss: 0.924540
[1, 741]: loss: 0.924482
[1, 742]: loss: 0.924191
[1, 743]: loss: 0.924183
[1, 744]: loss: 0.924256
[1, 745]: loss: 0.924200
[1, 746]: loss: 0.924025
[1, 747]: loss: 0.924041
[1, 748]: loss: 0.924307
[1, 749]: loss: 0.924482
[1, 750]: loss: 0.923950
[1, 751]: loss: 0.924061
[1, 752]: loss: 0.924151
[1, 753]: loss: 0.923713
[1, 754]: loss: 0.923435
[1, 755]: loss: 0.923746
[1, 756]: loss: 0.923534
[1, 757]: loss: 0.923661
[1, 758]: loss: 0.923637
[1, 759]: loss: 0.923436
[1, 760]: loss: 0.923084
[1, 761]: loss: 0.922896
[1, 762]: loss: 0.922609
[1, 763]: loss: 0.922368
[1, 764]: loss: 0.922069
[1, 765]: loss: 0.921581
[1, 766]: loss: 0.921549
[1, 767]: loss: 0.921314
[1, 768]: loss: 0.921185
[1, 769]: loss: 0.921154
[1, 770]: loss: 0.920942
[1, 771]: loss: 0.920963
[1, 772]: loss: 0.920976
[1, 773]: loss: 0.920963
[1, 774]: loss: 0.921023
[1, 775]: loss: 0.921109
[1, 776]: loss: 0.921025
[1, 777]: loss: 0.921142
[1, 778]: loss: 0.920905
[1, 779]: loss: 0.920741
[1, 780]: loss: 0.920733
[1, 781]: loss: 0.920847
[1, 782]: loss: 0.921031
[1, 783]: loss: 0.921375
[1, 784]: loss: 0.921314
[1, 785]: loss: 0.921034
[1, 786]: loss: 0.921054
[1, 787]: loss: 0.921147
[1, 788]: loss: 0.921010
[1, 789]: loss: 0.920764
[1, 790]: loss: 0.920760
[1, 791]: loss: 0.920934
[1, 792]: loss: 0.921366
[1, 793]: loss: 0.920982
[1, 794]: loss: 0.920633
[1, 795]: loss: 0.920274
[1, 796]: loss: 0.920140
[1, 797]: loss: 0.920094
[1, 798]: loss: 0.919630
[1, 799]: loss: 0.919949
[1, 800]: loss: 0.920378
[1, 801]: loss: 0.919984
[1, 802]: loss: 0.920182
[1, 803]: loss: 0.920448
[1, 804]: loss: 0.920633
[1, 805]: loss: 0.920490
[1, 806]: loss: 0.920312
[1, 807]: loss: 0.920195
[1, 808]: loss: 0.920204
[1, 809]: loss: 0.920287
[1, 810]: loss: 0.920001
[1, 811]: loss: 0.919484
[1, 812]: loss: 0.919597
[1, 813]: loss: 0.919490
[1, 814]: loss: 0.919463
[1, 815]: loss: 0.919547
[1, 816]: loss: 0.919669
[1, 817]: loss: 0.919824
[1, 818]: loss: 0.919740
[1, 819]: loss: 0.919762
[1, 820]: loss: 0.919732
[1, 821]: loss: 0.919488
[1, 822]: loss: 0.919336
[1, 823]: loss: 0.919265
[1, 824]: loss: 0.919270
[1, 825]: loss: 0.919496
[1, 826]: loss: 0.919575
[1, 827]: loss: 0.919784
[1, 828]: loss: 0.919590
[1, 829]: loss: 0.919675
[1, 830]: loss: 0.919694
[1, 831]: loss: 0.919711
[1, 832]: loss: 0.919493
[1, 833]: loss: 0.919701
[1, 834]: loss: 0.919557
[1, 835]: loss: 0.919354
[1, 836]: loss: 0.918957
[1, 837]: loss: 0.918751
[1, 838]: loss: 0.918438
[1, 839]: loss: 0.918170
[1, 840]: loss: 0.918295
[1, 841]: loss: 0.918357
[1, 842]: loss: 0.918602
[1, 843]: loss: 0.918463
[1, 844]: loss: 0.918407
[1, 845]: loss: 0.918287
[1, 846]: loss: 0.918232
[1, 847]: loss: 0.918251
[1, 848]: loss: 0.918018
[1, 849]: loss: 0.917755
[1, 850]: loss: 0.917775
[1, 851]: loss: 0.917928
[1, 852]: loss: 0.917710
[1, 853]: loss: 0.917936
[1, 854]: loss: 0.917926
[1, 855]: loss: 0.918322
[1, 856]: loss: 0.918390
[1, 857]: loss: 0.918290
[1, 858]: loss: 0.918300
[1, 859]: loss: 0.917995
[1, 860]: loss: 0.918010
[1, 861]: loss: 0.918032
[1, 862]: loss: 0.918324
[1, 863]: loss: 0.918407
[1, 864]: loss: 0.918027
[1, 865]: loss: 0.918058
[1, 866]: loss: 0.918185
[1, 867]: loss: 0.918172
[1, 868]: loss: 0.918270
[1, 869]: loss: 0.918534
[1, 870]: loss: 0.918460
[1, 871]: loss: 0.918988
[1, 872]: loss: 0.918794
[1, 873]: loss: 0.918796
[1, 874]: loss: 0.918497
[1, 875]: loss: 0.918430
[1, 876]: loss: 0.918264
[1, 877]: loss: 0.918049
[1, 878]: loss: 0.918063
[1, 879]: loss: 0.918099
[1, 880]: loss: 0.918277
[1, 881]: loss: 0.918207
[1, 882]: loss: 0.918437
[1, 883]: loss: 0.918051
[1, 884]: loss: 0.917905
[1, 885]: loss: 0.917608
[1, 886]: loss: 0.917323
[1, 887]: loss: 0.917330
[1, 888]: loss: 0.917373
[1, 889]: loss: 0.917359
[1, 890]: loss: 0.917392
[1, 891]: loss: 0.917301
[1, 892]: loss: 0.917079
[1, 893]: loss: 0.917118
[1, 894]: loss: 0.916765
[1, 895]: loss: 0.916800
[1, 896]: loss: 0.916518
[1, 897]: loss: 0.916368
[1, 898]: loss: 0.916614
[1, 899]: loss: 0.916576
[1, 900]: loss: 0.916787
[1, 901]: loss: 0.916561
[1, 902]: loss: 0.916500
[1, 903]: loss: 0.916218
[1, 904]: loss: 0.916121
[1, 905]: loss: 0.916039
[1, 906]: loss: 0.915946
[1, 907]: loss: 0.915825
[1, 908]: loss: 0.915513
[1, 909]: loss: 0.915086
[1, 910]: loss: 0.914769
[1, 911]: loss: 0.914778
[1, 912]: loss: 0.914533
[1, 913]: loss: 0.914565
[1, 914]: loss: 0.914434
[1, 915]: loss: 0.914556
[1, 916]: loss: 0.914924
[1, 917]: loss: 0.914742
[1, 918]: loss: 0.915010
[1, 919]: loss: 0.914877
[1, 920]: loss: 0.914538
[1, 921]: loss: 0.914110
[1, 922]: loss: 0.914214
[1, 923]: loss: 0.913921
[1, 924]: loss: 0.914074
[1, 925]: loss: 0.913983
[1, 926]: loss: 0.913799
[1, 927]: loss: 0.913396
[1, 928]: loss: 0.912910
[1, 929]: loss: 0.912880
[1, 930]: loss: 0.912677
[1, 931]: loss: 0.912965
[1, 932]: loss: 0.913039
[1, 933]: loss: 0.913134
[1, 934]: loss: 0.912988
[1, 935]: loss: 0.912765
[1, 936]: loss: 0.912718
[1, 937]: loss: 0.912675
[1, 938]: loss: 0.912533
[1, 939]: loss: 0.912123
[1, 940]: loss: 0.911908
[1, 941]: loss: 0.912038
[1, 942]: loss: 0.911931
[1, 943]: loss: 0.911682
[1, 944]: loss: 0.911326
[1, 945]: loss: 0.911221
[1, 946]: loss: 0.911206
[1, 947]: loss: 0.911198
[1, 948]: loss: 0.911103
[1, 949]: loss: 0.911146
[1, 950]: loss: 0.910818
[1, 951]: loss: 0.910805
[1, 952]: loss: 0.910557
[1, 953]: loss: 0.910687
[1, 954]: loss: 0.910354
[1, 955]: loss: 0.909841
[1, 956]: loss: 0.909696
[1, 957]: loss: 0.909826
[1, 958]: loss: 0.910009
[1, 959]: loss: 0.910139
[1, 960]: loss: 0.910059
[1, 961]: loss: 0.910026
[1, 962]: loss: 0.909657
[1, 963]: loss: 0.909151
[1, 964]: loss: 0.909288
[1, 965]: loss: 0.909060
[1, 966]: loss: 0.908888
[1, 967]: loss: 0.908552
[1, 968]: loss: 0.908451
[1, 969]: loss: 0.908067
[1, 970]: loss: 0.907806
[1, 971]: loss: 0.907625
[1, 972]: loss: 0.907830
[1, 973]: loss: 0.907904
[1, 974]: loss: 0.907819
[1, 975]: loss: 0.907792
[1, 976]: loss: 0.907398
[1, 977]: loss: 0.907218
[1, 978]: loss: 0.906974
[1, 979]: loss: 0.907297
[1, 980]: loss: 0.907372
[1, 981]: loss: 0.907206
[1, 982]: loss: 0.907265
[1, 983]: loss: 0.907376
[1, 984]: loss: 0.907211
[1, 985]: loss: 0.907035
[1, 986]: loss: 0.906876
[1, 987]: loss: 0.907038
[1, 988]: loss: 0.907327
[1, 989]: loss: 0.907517
[1, 990]: loss: 0.907226
[1, 991]: loss: 0.907005
[1, 992]: loss: 0.907012
[1, 993]: loss: 0.906968
[1, 994]: loss: 0.906981
[1, 995]: loss: 0.906928
[1, 996]: loss: 0.907095
[1, 997]: loss: 0.906953
[1, 998]: loss: 0.906740
[1, 999]: loss: 0.907117
[1, 1000]: loss: 0.907241
[1, 1001]: loss: 0.907089
[1, 1002]: loss: 0.907220
[1, 1003]: loss: 0.906889
[1, 1004]: loss: 0.906651
[1, 1005]: loss: 0.906208
[1, 1006]: loss: 0.906865
[1, 1007]: loss: 0.906633
[1, 1008]: loss: 0.906512
[1, 1009]: loss: 0.906505
[1, 1010]: loss: 0.906233
[1, 1011]: loss: 0.906191
[1, 1012]: loss: 0.906121
[1, 1013]: loss: 0.905886
[1, 1014]: loss: 0.905620
[1, 1015]: loss: 0.905830
[1, 1016]: loss: 0.905766
[1, 1017]: loss: 0.905712
[1, 1018]: loss: 0.905488
[1, 1019]: loss: 0.905334
[1, 1020]: loss: 0.905384
[1, 1021]: loss: 0.905489
[1, 1022]: loss: 0.905534
[1, 1023]: loss: 0.905561
[1, 1024]: loss: 0.905227
[1, 1025]: loss: 0.905040
[1, 1026]: loss: 0.905097
[1, 1027]: loss: 0.905015
[1, 1028]: loss: 0.905042
[1, 1029]: loss: 0.905100
[1, 1030]: loss: 0.905060
[1, 1031]: loss: 0.905174
[1, 1032]: loss: 0.905051
[1, 1033]: loss: 0.904991
[1, 1034]: loss: 0.905047
[1, 1035]: loss: 0.904648
[1, 1036]: loss: 0.904417
[1, 1037]: loss: 0.904300
[1, 1038]: loss: 0.904527
[1, 1039]: loss: 0.904766
[1, 1040]: loss: 0.904938
[1, 1041]: loss: 0.905179
[1, 1042]: loss: 0.905248
[1, 1043]: loss: 0.904999
[1, 1044]: loss: 0.904868
[1, 1045]: loss: 0.904774
[1, 1046]: loss: 0.904983
[1, 1047]: loss: 0.904667
[1, 1048]: loss: 0.904427
[1, 1049]: loss: 0.904463
[1, 1050]: loss: 0.904637
[1, 1051]: loss: 0.904515
[1, 1052]: loss: 0.904485
[1, 1053]: loss: 0.904527
[1, 1054]: loss: 0.904781
[1, 1055]: loss: 0.904784
[1, 1056]: loss: 0.904543
[1, 1057]: loss: 0.904738
[1, 1058]: loss: 0.904716
[1, 1059]: loss: 0.904839
[1, 1060]: loss: 0.904678
[1, 1061]: loss: 0.904726
[1, 1062]: loss: 0.904459
[1, 1063]: loss: 0.904384
[1, 1064]: loss: 0.904742
[1, 1065]: loss: 0.904522
[1, 1066]: loss: 0.904095
[1, 1067]: loss: 0.904096
[1, 1068]: loss: 0.904002
[1, 1069]: loss: 0.904079
[1, 1070]: loss: 0.903927
[1, 1071]: loss: 0.903830
[1, 1072]: loss: 0.903625
[1, 1073]: loss: 0.903700
[1, 1074]: loss: 0.903519
[1, 1075]: loss: 0.903680
[1, 1076]: loss: 0.903584
[1, 1077]: loss: 0.903487
[1, 1078]: loss: 0.903555
[1, 1079]: loss: 0.903644
[1, 1080]: loss: 0.903698
[1, 1081]: loss: 0.903579
[1, 1082]: loss: 0.903485
[1, 1083]: loss: 0.903279
[1, 1084]: loss: 0.903149
[1, 1085]: loss: 0.902859
[1, 1086]: loss: 0.903059
[1, 1087]: loss: 0.902787
[1, 1088]: loss: 0.902868
[1, 1089]: loss: 0.902729
[1, 1090]: loss: 0.902529
[1, 1091]: loss: 0.902341
[1, 1092]: loss: 0.901976
[1, 1093]: loss: 0.902079
[1, 1094]: loss: 0.901935
[1, 1095]: loss: 0.902037
[1, 1096]: loss: 0.901961
[1, 1097]: loss: 0.902310
[1, 1098]: loss: 0.902104
[1, 1099]: loss: 0.902197
[1, 1100]: loss: 0.902350
[1, 1101]: loss: 0.902147
[1, 1102]: loss: 0.901941
[1, 1103]: loss: 0.901912
[1, 1104]: loss: 0.901750
[1, 1105]: loss: 0.902368
[1, 1106]: loss: 0.902236
[1, 1107]: loss: 0.902279
[1, 1108]: loss: 0.902343
[1, 1109]: loss: 0.902365
[1, 1110]: loss: 0.902794
[1, 1111]: loss: 0.902717
[1, 1112]: loss: 0.902507
[1, 1113]: loss: 0.902560
[1, 1114]: loss: 0.902689
[1, 1115]: loss: 0.902634
[1, 1116]: loss: 0.902684
[1, 1117]: loss: 0.902453
[1, 1118]: loss: 0.902278
[1, 1119]: loss: 0.902382
[1, 1120]: loss: 0.902270
[1, 1121]: loss: 0.902052
[1, 1122]: loss: 0.901763
[1, 1123]: loss: 0.901602
[1, 1124]: loss: 0.901417
[1, 1125]: loss: 0.901386
[1, 1126]: loss: 0.901150
[1, 1127]: loss: 0.901048
[1, 1128]: loss: 0.900806
[1, 1129]: loss: 0.900704
[1, 1130]: loss: 0.900526
[1, 1131]: loss: 0.900562
[1, 1132]: loss: 0.900655
[1, 1133]: loss: 0.900492
[1, 1134]: loss: 0.900520
[1, 1135]: loss: 0.900683
[1, 1136]: loss: 0.900550
[1, 1137]: loss: 0.900292
[1, 1138]: loss: 0.900134
[1, 1139]: loss: 0.900158
[1, 1140]: loss: 0.899951
[1, 1141]: loss: 0.899794
[1, 1142]: loss: 0.899377
[1, 1143]: loss: 0.899106
[1, 1144]: loss: 0.899043
[1, 1145]: loss: 0.898974
[1, 1146]: loss: 0.898757
[1, 1147]: loss: 0.898817
[1, 1148]: loss: 0.898637
[1, 1149]: loss: 0.898736
[1, 1150]: loss: 0.898886
[1, 1151]: loss: 0.898490
[1, 1152]: loss: 0.898484
[1, 1153]: loss: 0.898465
[1, 1154]: loss: 0.898366
[1, 1155]: loss: 0.898314
[1, 1156]: loss: 0.898338
[1, 1157]: loss: 0.897844
[1, 1158]: loss: 0.897956
[1, 1159]: loss: 0.897913
[1, 1160]: loss: 0.897814
[1, 1161]: loss: 0.897886
[1, 1162]: loss: 0.897848
[1, 1163]: loss: 0.897461
[1, 1164]: loss: 0.897347
[1, 1165]: loss: 0.897395
[1, 1166]: loss: 0.897228
[1, 1167]: loss: 0.897215
[1, 1168]: loss: 0.897268
[1, 1169]: loss: 0.897257
[1, 1170]: loss: 0.897165
[1, 1171]: loss: 0.897026
[1, 1172]: loss: 0.896938
[1, 1173]: loss: 0.896914
[1, 1174]: loss: 0.896982
[1, 1175]: loss: 0.896761
[1, 1176]: loss: 0.896625
[1, 1177]: loss: 0.896431
[1, 1178]: loss: 0.896199
[1, 1179]: loss: 0.896323
[1, 1180]: loss: 0.896125
[1, 1181]: loss: 0.896030
[1, 1182]: loss: 0.895868
[1, 1183]: loss: 0.895980
[1, 1184]: loss: 0.895897
[1, 1185]: loss: 0.896114
[1, 1186]: loss: 0.896129
[1, 1187]: loss: 0.896070
[1, 1188]: loss: 0.895948
[1, 1189]: loss: 0.895894
[1, 1190]: loss: 0.895667
[1, 1191]: loss: 0.895622
[1, 1192]: loss: 0.895569
[1, 1193]: loss: 0.895411
[1, 1194]: loss: 0.895409
[1, 1195]: loss: 0.895450
[1, 1196]: loss: 0.895403
[1, 1197]: loss: 0.895254
[1, 1198]: loss: 0.895349
[1, 1199]: loss: 0.895182
[1, 1200]: loss: 0.894883
[1, 1201]: loss: 0.894830
[1, 1202]: loss: 0.894800
[1, 1203]: loss: 0.894845
[1, 1204]: loss: 0.894678
[1, 1205]: loss: 0.894417
[1, 1206]: loss: 0.894241
[1, 1207]: loss: 0.894401
[1, 1208]: loss: 0.894167
[1, 1209]: loss: 0.893886
[1, 1210]: loss: 0.893650
[1, 1211]: loss: 0.893445
[1, 1212]: loss: 0.893331
[1, 1213]: loss: 0.893316
[1, 1214]: loss: 0.893233
[1, 1215]: loss: 0.893165
[1, 1216]: loss: 0.893111
[1, 1217]: loss: 0.893162
[1, 1218]: loss: 0.893371
[1, 1219]: loss: 0.893343
[1, 1220]: loss: 0.893356
[1, 1221]: loss: 0.893201
[1, 1222]: loss: 0.892995
[1, 1223]: loss: 0.892883
[1, 1224]: loss: 0.892965
[1, 1225]: loss: 0.893121
[1, 1226]: loss: 0.893099
[1, 1227]: loss: 0.893010
[1, 1228]: loss: 0.893346
[1, 1229]: loss: 0.893345
[1, 1230]: loss: 0.893270
[1, 1231]: loss: 0.893174
[1, 1232]: loss: 0.893032
[1, 1233]: loss: 0.892786
[1, 1234]: loss: 0.892567
[1, 1235]: loss: 0.892732
[1, 1236]: loss: 0.892492
[1, 1237]: loss: 0.892551
[1, 1238]: loss: 0.892513
[1, 1239]: loss: 0.892706
[1, 1240]: loss: 0.892872
[1, 1241]: loss: 0.892856
[1, 1242]: loss: 0.892869
[1, 1243]: loss: 0.892833
[1, 1244]: loss: 0.892702
[1, 1245]: loss: 0.892502
[1, 1246]: loss: 0.892608
[1, 1247]: loss: 0.892482
[1, 1248]: loss: 0.892464
[1, 1249]: loss: 0.892456
