[0,   100]: loss: 2.016
[0,   200]: loss: 1.710
[0,   300]: loss: 1.529
[0,   400]: loss: 1.429
[0,   500]: loss: 1.370
[0,   600]: loss: 1.290
[0,   700]: loss: 1.256
[0,   800]: loss: 1.205
[0,   900]: loss: 1.158
[0,  1000]: loss: 1.111
[0,  1100]: loss: 1.130
[0,  1200]: loss: 1.109
[1,   100]: loss: 0.956
[1,   200]: loss: 0.949
[1,   300]: loss: 0.939
[1,   400]: loss: 0.945
[1,   500]: loss: 0.905
[1,   600]: loss: 0.905
[1,   700]: loss: 0.890
[1,   800]: loss: 0.870
[1,   900]: loss: 0.890
[1,  1000]: loss: 0.822
[1,  1100]: loss: 0.853
[1,  1200]: loss: 0.818
