[0,   100]: loss: 1.958
[0,   200]: loss: 1.600
[0,   300]: loss: 1.512
[0,   400]: loss: 1.405
[0,   500]: loss: 1.329
[0,   600]: loss: 1.253
[0,   700]: loss: 1.213
[0,   800]: loss: 1.186
[0,   900]: loss: 1.104
[0,  1000]: loss: 1.054
[0,  1100]: loss: 1.046
[0,  1200]: loss: 1.039
[1,   100]: loss: 0.922
[1,   200]: loss: 0.873
[1,   300]: loss: 0.869
[1,   400]: loss: 0.893
[1,   500]: loss: 0.843
[1,   600]: loss: 0.824
[1,   700]: loss: 0.865
[1,   800]: loss: 0.806
[1,   900]: loss: 0.802
[1,  1000]: loss: 0.774
[1,  1100]: loss: 0.796
[1,  1200]: loss: 0.767
[2,   100]: loss: 0.632
[2,   200]: loss: 0.614
[2,   300]: loss: 0.631
[2,   400]: loss: 0.644
[2,   500]: loss: 0.645
[2,   600]: loss: 0.631
[2,   700]: loss: 0.615
[2,   800]: loss: 0.627
[2,   900]: loss: 0.600
[2,  1000]: loss: 0.629
[2,  1100]: loss: 0.608
[2,  1200]: loss: 0.623
