[0,   100]: loss: 2.271
[0,   200]: loss: 2.131
[1,   100]: loss: 1.970
[1,   200]: loss: 1.880
[2,   100]: loss: 1.821
[2,   200]: loss: 1.746
[3,   100]: loss: 1.707
[3,   200]: loss: 1.642
[4,   100]: loss: 1.618
[4,   200]: loss: 1.590
[5,   100]: loss: 1.555
[5,   200]: loss: 1.530
[6,   100]: loss: 1.456
[6,   200]: loss: 1.457
[7,   100]: loss: 1.400
[7,   200]: loss: 1.408
[8,   100]: loss: 1.331
[8,   200]: loss: 1.343
[9,   100]: loss: 1.279
[9,   200]: loss: 1.272
[10,   100]: loss: 1.233
[10,   200]: loss: 1.223
[11,   100]: loss: 1.174
[11,   200]: loss: 1.171
[12,   100]: loss: 1.117
[12,   200]: loss: 1.147
[13,   100]: loss: 1.061
[13,   200]: loss: 1.071
[14,   100]: loss: 0.982
[14,   200]: loss: 1.049
[15,   100]: loss: 0.974
[15,   200]: loss: 0.981
[16,   100]: loss: 0.939
[16,   200]: loss: 0.925
[17,   100]: loss: 0.848
[17,   200]: loss: 0.898
[18,   100]: loss: 0.831
[18,   200]: loss: 0.840
[19,   100]: loss: 0.778
[19,   200]: loss: 0.764
[20,   100]: loss: 0.696
[20,   200]: loss: 0.743
[21,   100]: loss: 0.663
[21,   200]: loss: 0.674
[22,   100]: loss: 0.610
[22,   200]: loss: 0.643
[23,   100]: loss: 0.554
[23,   200]: loss: 0.593
[24,   100]: loss: 0.521
[24,   200]: loss: 0.529
[25,   100]: loss: 0.474
[25,   200]: loss: 0.486
[26,   100]: loss: 0.410
[26,   200]: loss: 0.420
[27,   100]: loss: 0.390
[27,   200]: loss: 0.391
[28,   100]: loss: 0.324
[28,   200]: loss: 0.354
[29,   100]: loss: 0.302
[29,   200]: loss: 0.301
[30,   100]: loss: 0.251
[30,   200]: loss: 0.272
[31,   100]: loss: 0.246
[31,   200]: loss: 0.280
[32,   100]: loss: 0.197
[32,   200]: loss: 0.225
[33,   100]: loss: 0.162
[33,   200]: loss: 0.178
[34,   100]: loss: 0.183
[34,   200]: loss: 0.196
[35,   100]: loss: 0.162
[35,   200]: loss: 0.175
[36,   100]: loss: 0.176
[36,   200]: loss: 0.176
[37,   100]: loss: 0.159
[37,   200]: loss: 0.144
[38,   100]: loss: 0.136
[38,   200]: loss: 0.165
[39,   100]: loss: 0.116
[39,   200]: loss: 0.129
